[0.017s] Invoking command in '/home/aemilio/ros2_ws/build/my_robot_description': CMAKE_PREFIX_PATH=${CMAKE_PREFIX_PATH}:/opt/ros/jazzy DEBUGINFOD_URLS=https://debuginfod.ubuntu.com /usr/bin/cmake --build /home/aemilio/ros2_ws/build/my_robot_description -- -j16 -l16
[0.090s] Invoked command in '/home/aemilio/ros2_ws/build/my_robot_description' returned '0': CMAKE_PREFIX_PATH=${CMAKE_PREFIX_PATH}:/opt/ros/jazzy DEBUGINFOD_URLS=https://debuginfod.ubuntu.com /usr/bin/cmake --build /home/aemilio/ros2_ws/build/my_robot_description -- -j16 -l16
[0.092s] Invoking command in '/home/aemilio/ros2_ws/build/my_robot_description': CMAKE_PREFIX_PATH=${CMAKE_PREFIX_PATH}:/opt/ros/jazzy DEBUGINFOD_URLS=https://debuginfod.ubuntu.com /usr/bin/cmake --install /home/aemilio/ros2_ws/build/my_robot_description
[0.118s] -- Install configuration: ""
[0.118s] -- Up-to-date: /home/aemilio/ros2_ws/install/my_robot_description/share/my_robot_description//urdf
[0.118s] -- Up-to-date: /home/aemilio/ros2_ws/install/my_robot_description/share/my_robot_description//urdf/mobile_base_gazebo.xacro
[0.118s] -- Up-to-date: /home/aemilio/ros2_ws/install/my_robot_description/share/my_robot_description//urdf/my_robot.urdf.xacro
[0.118s] -- Up-to-date: /home/aemilio/ros2_ws/install/my_robot_description/share/my_robot_description//urdf/common_properties.xacro
[0.118s] -- Up-to-date: /home/aemilio/ros2_ws/install/my_robot_description/share/my_robot_description//launch
[0.118s] -- Up-to-date: /home/aemilio/ros2_ws/install/my_robot_description/share/my_robot_description//launch/display.launch.xml
[0.118s] -- Up-to-date: /home/aemilio/ros2_ws/install/my_robot_description/share/ament_index/resource_index/package_run_dependencies/my_robot_description
[0.118s] -- Up-to-date: /home/aemilio/ros2_ws/install/my_robot_description/share/ament_index/resource_index/parent_prefix_path/my_robot_description
[0.118s] -- Up-to-date: /home/aemilio/ros2_ws/install/my_robot_description/share/my_robot_description/environment/ament_prefix_path.sh
[0.118s] -- Up-to-date: /home/aemilio/ros2_ws/install/my_robot_description/share/my_robot_description/environment/ament_prefix_path.dsv
[0.118s] -- Up-to-date: /home/aemilio/ros2_ws/install/my_robot_description/share/my_robot_description/environment/path.sh
[0.119s] -- Up-to-date: /home/aemilio/ros2_ws/install/my_robot_description/share/my_robot_description/environment/path.dsv
[0.127s] -- Up-to-date: /home/aemilio/ros2_ws/install/my_robot_description/share/my_robot_description/local_setup.bash
[0.127s] -- Up-to-date: /home/aemilio/ros2_ws/install/my_robot_description/share/my_robot_description/local_setup.sh
[0.127s] -- Up-to-date: /home/aemilio/ros2_ws/install/my_robot_description/share/my_robot_description/local_setup.zsh
[0.127s] -- Up-to-date: /home/aemilio/ros2_ws/install/my_robot_description/share/my_robot_description/local_setup.dsv
[0.128s] -- Up-to-date: /home/aemilio/ros2_ws/install/my_robot_description/share/my_robot_description/package.dsv
[0.128s] -- Up-to-date: /home/aemilio/ros2_ws/install/my_robot_description/share/ament_index/resource_index/packages/my_robot_description
[0.128s] -- Up-to-date: /home/aemilio/ros2_ws/install/my_robot_description/share/my_robot_description/cmake/my_robot_descriptionConfig.cmake
[0.128s] -- Up-to-date: /home/aemilio/ros2_ws/install/my_robot_description/share/my_robot_description/cmake/my_robot_descriptionConfig-version.cmake
[0.128s] -- Up-to-date: /home/aemilio/ros2_ws/install/my_robot_description/share/my_robot_description/package.xml
[0.130s] Invoked command in '/home/aemilio/ros2_ws/build/my_robot_description' returned '0': CMAKE_PREFIX_PATH=${CMAKE_PREFIX_PATH}:/opt/ros/jazzy DEBUGINFOD_URLS=https://debuginfod.ubuntu.com /usr/bin/cmake --install /home/aemilio/ros2_ws/build/my_robot_description
