-- Install configuration: ""
-- Up-to-date: /home/aemilio/ros2_ws/install/my_robot_bringup/share/my_robot_bringup//launch
-- Up-to-date: /home/aemilio/ros2_ws/install/my_robot_bringup/share/my_robot_bringup//launch/my_robot_gazebo.launch.xml
-- Up-to-date: /home/aemilio/ros2_ws/install/my_robot_bringup/share/my_robot_bringup//config
-- Up-to-date: /home/aemilio/ros2_ws/install/my_robot_bringup/share/my_robot_bringup//config/gazebo_bridge.yaml
-- Up-to-date: /home/aemilio/ros2_ws/install/my_robot_bringup/share/my_robot_bringup//worlds
-- Installing: /home/aemilio/ros2_ws/install/my_robot_bringup/share/my_robot_bringup//worlds/waterworld.sdf
-- Up-to-date: /home/aemilio/ros2_ws/install/my_robot_bringup/share/my_robot_bringup//models
-- Up-to-date: /home/aemilio/ros2_ws/install/my_robot_bringup/share/my_robot_bringup//models/water_tower
-- Up-to-date: /home/aemilio/ros2_ws/install/my_robot_bringup/share/my_robot_bringup//models/water_tower/materials
-- Up-to-date: /home/aemilio/ros2_ws/install/my_robot_bringup/share/my_robot_bringup//models/water_tower/materials/textures
-- Up-to-date: /home/aemilio/ros2_ws/install/my_robot_bringup/share/my_robot_bringup//models/water_tower/materials/textures/water_tower_spec.jpg
-- Up-to-date: /home/aemilio/ros2_ws/install/my_robot_bringup/share/my_robot_bringup//models/water_tower/materials/textures/water_tower_diffuse.jpg
-- Up-to-date: /home/aemilio/ros2_ws/install/my_robot_bringup/share/my_robot_bringup//models/water_tower/thumbnails
-- Up-to-date: /home/aemilio/ros2_ws/install/my_robot_bringup/share/my_robot_bringup//models/water_tower/thumbnails/4.png
-- Up-to-date: /home/aemilio/ros2_ws/install/my_robot_bringup/share/my_robot_bringup//models/water_tower/thumbnails/5.png
-- Up-to-date: /home/aemilio/ros2_ws/install/my_robot_bringup/share/my_robot_bringup//models/water_tower/thumbnails/3.png
-- Up-to-date: /home/aemilio/ros2_ws/install/my_robot_bringup/share/my_robot_bringup//models/water_tower/thumbnails/1.png
-- Up-to-date: /home/aemilio/ros2_ws/install/my_robot_bringup/share/my_robot_bringup//models/water_tower/thumbnails/2.png
-- Up-to-date: /home/aemilio/ros2_ws/install/my_robot_bringup/share/my_robot_bringup//models/water_tower/meshes
-- Up-to-date: /home/aemilio/ros2_ws/install/my_robot_bringup/share/my_robot_bringup//models/water_tower/meshes/water_tower.dae
-- Up-to-date: /home/aemilio/ros2_ws/install/my_robot_bringup/share/my_robot_bringup//models/water_tower/model.config
-- Up-to-date: /home/aemilio/ros2_ws/install/my_robot_bringup/share/my_robot_bringup//models/water_tower/model.sdf
-- Up-to-date: /home/aemilio/ros2_ws/install/my_robot_bringup/share/my_robot_bringup//models/office_building
-- Up-to-date: /home/aemilio/ros2_ws/install/my_robot_bringup/share/my_robot_bringup//models/office_building/model-1_3.sdf
-- Up-to-date: /home/aemilio/ros2_ws/install/my_robot_bringup/share/my_robot_bringup//models/office_building/thumbnails
-- Up-to-date: /home/aemilio/ros2_ws/install/my_robot_bringup/share/my_robot_bringup//models/office_building/thumbnails/4.png
-- Up-to-date: /home/aemilio/ros2_ws/install/my_robot_bringup/share/my_robot_bringup//models/office_building/thumbnails/5.png
-- Up-to-date: /home/aemilio/ros2_ws/install/my_robot_bringup/share/my_robot_bringup//models/office_building/thumbnails/3.png
-- Up-to-date: /home/aemilio/ros2_ws/install/my_robot_bringup/share/my_robot_bringup//models/office_building/thumbnails/1.png
-- Up-to-date: /home/aemilio/ros2_ws/install/my_robot_bringup/share/my_robot_bringup//models/office_building/thumbnails/2.png
-- Up-to-date: /home/aemilio/ros2_ws/install/my_robot_bringup/share/my_robot_bringup//models/office_building/model-1_4.sdf
-- Up-to-date: /home/aemilio/ros2_ws/install/my_robot_bringup/share/my_robot_bringup//models/office_building/meshes
-- Up-to-date: /home/aemilio/ros2_ws/install/my_robot_bringup/share/my_robot_bringup//models/office_building/meshes/office_building.dae
-- Up-to-date: /home/aemilio/ros2_ws/install/my_robot_bringup/share/my_robot_bringup//models/office_building/model.config
-- Up-to-date: /home/aemilio/ros2_ws/install/my_robot_bringup/share/my_robot_bringup//models/office_building/model.sdf
-- Up-to-date: /home/aemilio/ros2_ws/install/my_robot_bringup/share/my_robot_bringup//models/coast_waves_2
-- Up-to-date: /home/aemilio/ros2_ws/install/my_robot_bringup/share/my_robot_bringup//models/coast_waves_2/materials
-- Up-to-date: /home/aemilio/ros2_ws/install/my_robot_bringup/share/my_robot_bringup//models/coast_waves_2/materials/programs
-- Up-to-date: /home/aemilio/ros2_ws/install/my_robot_bringup/share/my_robot_bringup//models/coast_waves_2/materials/programs/GerstnerWaves_fs_330.glsl
-- Up-to-date: /home/aemilio/ros2_ws/install/my_robot_bringup/share/my_robot_bringup//models/coast_waves_2/materials/programs/GerstnerWaves_vs_330.glsl
-- Up-to-date: /home/aemilio/ros2_ws/install/my_robot_bringup/share/my_robot_bringup//models/coast_waves_2/materials/programs/GerstnerWaves_fs.metal
-- Up-to-date: /home/aemilio/ros2_ws/install/my_robot_bringup/share/my_robot_bringup//models/coast_waves_2/materials/programs/GerstnerWaves_vs.metal
-- Up-to-date: /home/aemilio/ros2_ws/install/my_robot_bringup/share/my_robot_bringup//models/coast_waves_2/materials/textures
-- Up-to-date: /home/aemilio/ros2_ws/install/my_robot_bringup/share/my_robot_bringup//models/coast_waves_2/materials/textures/skybox_lowres.dds
-- Up-to-date: /home/aemilio/ros2_ws/install/my_robot_bringup/share/my_robot_bringup//models/coast_waves_2/materials/textures/wave_normals.dds
-- Up-to-date: /home/aemilio/ros2_ws/install/my_robot_bringup/share/my_robot_bringup//models/coast_waves_2/thumbnails
-- Up-to-date: /home/aemilio/ros2_ws/install/my_robot_bringup/share/my_robot_bringup//models/coast_waves_2/thumbnails/1.png
-- Up-to-date: /home/aemilio/ros2_ws/install/my_robot_bringup/share/my_robot_bringup//models/coast_waves_2/meshes
-- Up-to-date: /home/aemilio/ros2_ws/install/my_robot_bringup/share/my_robot_bringup//models/coast_waves_2/meshes/waterlow.dae
-- Up-to-date: /home/aemilio/ros2_ws/install/my_robot_bringup/share/my_robot_bringup//models/coast_waves_2/model.config
-- Up-to-date: /home/aemilio/ros2_ws/install/my_robot_bringup/share/my_robot_bringup//models/coast_waves_2/model.sdf
-- Up-to-date: /home/aemilio/ros2_ws/install/my_robot_bringup/share/my_robot_bringup//models/collapsed_fire_station
-- Up-to-date: /home/aemilio/ros2_ws/install/my_robot_bringup/share/my_robot_bringup//models/collapsed_fire_station/materials
-- Up-to-date: /home/aemilio/ros2_ws/install/my_robot_bringup/share/my_robot_bringup//models/collapsed_fire_station/materials/textures
-- Up-to-date: /home/aemilio/ros2_ws/install/my_robot_bringup/share/my_robot_bringup//models/collapsed_fire_station/materials/textures/collapsed_fire_station_diffuse.jpg
-- Up-to-date: /home/aemilio/ros2_ws/install/my_robot_bringup/share/my_robot_bringup//models/collapsed_fire_station/materials/textures/rubble_spec.jpg
-- Up-to-date: /home/aemilio/ros2_ws/install/my_robot_bringup/share/my_robot_bringup//models/collapsed_fire_station/materials/textures/collapsed_firestation_spec.jpg
-- Up-to-date: /home/aemilio/ros2_ws/install/my_robot_bringup/share/my_robot_bringup//models/collapsed_fire_station/materials/textures/rubble_diffuse.jpg
-- Up-to-date: /home/aemilio/ros2_ws/install/my_robot_bringup/share/my_robot_bringup//models/collapsed_fire_station/thumbnails
-- Up-to-date: /home/aemilio/ros2_ws/install/my_robot_bringup/share/my_robot_bringup//models/collapsed_fire_station/thumbnails/4.png
-- Up-to-date: /home/aemilio/ros2_ws/install/my_robot_bringup/share/my_robot_bringup//models/collapsed_fire_station/thumbnails/5.png
-- Up-to-date: /home/aemilio/ros2_ws/install/my_robot_bringup/share/my_robot_bringup//models/collapsed_fire_station/thumbnails/3.png
-- Up-to-date: /home/aemilio/ros2_ws/install/my_robot_bringup/share/my_robot_bringup//models/collapsed_fire_station/thumbnails/1.png
-- Up-to-date: /home/aemilio/ros2_ws/install/my_robot_bringup/share/my_robot_bringup//models/collapsed_fire_station/thumbnails/2.png
-- Up-to-date: /home/aemilio/ros2_ws/install/my_robot_bringup/share/my_robot_bringup//models/collapsed_fire_station/meshes
-- Up-to-date: /home/aemilio/ros2_ws/install/my_robot_bringup/share/my_robot_bringup//models/collapsed_fire_station/meshes/collapsed_fire_station.dae
-- Up-to-date: /home/aemilio/ros2_ws/install/my_robot_bringup/share/my_robot_bringup//models/collapsed_fire_station/model.config
-- Up-to-date: /home/aemilio/ros2_ws/install/my_robot_bringup/share/my_robot_bringup//models/collapsed_fire_station/model.sdf
-- Up-to-date: /home/aemilio/ros2_ws/install/my_robot_bringup/share/my_robot_bringup//models/nathan_benderson_park
-- Up-to-date: /home/aemilio/ros2_ws/install/my_robot_bringup/share/my_robot_bringup//models/nathan_benderson_park/materials
-- Up-to-date: /home/aemilio/ros2_ws/install/my_robot_bringup/share/my_robot_bringup//models/nathan_benderson_park/materials/textures
-- Up-to-date: /home/aemilio/ros2_ws/install/my_robot_bringup/share/my_robot_bringup//models/nathan_benderson_park/materials/textures/Dock_Albedo.png
-- Up-to-date: /home/aemilio/ros2_ws/install/my_robot_bringup/share/my_robot_bringup//models/nathan_benderson_park/materials/textures/Wall_Albedo.png
-- Up-to-date: /home/aemilio/ros2_ws/install/my_robot_bringup/share/my_robot_bringup//models/nathan_benderson_park/materials/textures/Dock_Normal.png
-- Up-to-date: /home/aemilio/ros2_ws/install/my_robot_bringup/share/my_robot_bringup//models/nathan_benderson_park/materials/textures/Concrete_Roughness.png
-- Up-to-date: /home/aemilio/ros2_ws/install/my_robot_bringup/share/my_robot_bringup//models/nathan_benderson_park/materials/textures/Sand_Albedo.png
-- Up-to-date: /home/aemilio/ros2_ws/install/my_robot_bringup/share/my_robot_bringup//models/nathan_benderson_park/materials/textures/Tree_Albedo.png
-- Up-to-date: /home/aemilio/ros2_ws/install/my_robot_bringup/share/my_robot_bringup//models/nathan_benderson_park/materials/textures/Asphalt_Roughness.png
-- Up-to-date: /home/aemilio/ros2_ws/install/my_robot_bringup/share/my_robot_bringup//models/nathan_benderson_park/materials/textures/Roof_Roughness.png
-- Up-to-date: /home/aemilio/ros2_ws/install/my_robot_bringup/share/my_robot_bringup//models/nathan_benderson_park/materials/textures/Railing_Metalness.png
-- Up-to-date: /home/aemilio/ros2_ws/install/my_robot_bringup/share/my_robot_bringup//models/nathan_benderson_park/materials/textures/Road_Albedo.png
-- Up-to-date: /home/aemilio/ros2_ws/install/my_robot_bringup/share/my_robot_bringup//models/nathan_benderson_park/materials/textures/Sand_Normal.png
-- Up-to-date: /home/aemilio/ros2_ws/install/my_robot_bringup/share/my_robot_bringup//models/nathan_benderson_park/materials/textures/Road_Roughness.png
-- Up-to-date: /home/aemilio/ros2_ws/install/my_robot_bringup/share/my_robot_bringup//models/nathan_benderson_park/materials/textures/Railing_Roughness.png
-- Up-to-date: /home/aemilio/ros2_ws/install/my_robot_bringup/share/my_robot_bringup//models/nathan_benderson_park/materials/textures/flat_normal.png
-- Up-to-date: /home/aemilio/ros2_ws/install/my_robot_bringup/share/my_robot_bringup//models/nathan_benderson_park/materials/textures/PalmTree_Albedo.png
-- Up-to-date: /home/aemilio/ros2_ws/install/my_robot_bringup/share/my_robot_bringup//models/nathan_benderson_park/materials/textures/EnvMap.dds
-- Up-to-date: /home/aemilio/ros2_ws/install/my_robot_bringup/share/my_robot_bringup//models/nathan_benderson_park/materials/textures/DoorWindow_Albedo.png
-- Up-to-date: /home/aemilio/ros2_ws/install/my_robot_bringup/share/my_robot_bringup//models/nathan_benderson_park/materials/textures/Road_Normal.png
-- Up-to-date: /home/aemilio/ros2_ws/install/my_robot_bringup/share/my_robot_bringup//models/nathan_benderson_park/materials/textures/Concrete_Normal.png
-- Up-to-date: /home/aemilio/ros2_ws/install/my_robot_bringup/share/my_robot_bringup//models/nathan_benderson_park/materials/textures/Railing_Albedo.png
-- Up-to-date: /home/aemilio/ros2_ws/install/my_robot_bringup/share/my_robot_bringup//models/nathan_benderson_park/materials/textures/Grass_Albedo.jpg
-- Up-to-date: /home/aemilio/ros2_ws/install/my_robot_bringup/share/my_robot_bringup//models/nathan_benderson_park/materials/textures/Concrete_Albedo.png
-- Up-to-date: /home/aemilio/ros2_ws/install/my_robot_bringup/share/my_robot_bringup//models/nathan_benderson_park/materials/textures/Wall_Roughness.png
-- Up-to-date: /home/aemilio/ros2_ws/install/my_robot_bringup/share/my_robot_bringup//models/nathan_benderson_park/materials/textures/Wall_Normal.png
-- Up-to-date: /home/aemilio/ros2_ws/install/my_robot_bringup/share/my_robot_bringup//models/nathan_benderson_park/materials/textures/Asphalt_Normal.png
-- Up-to-date: /home/aemilio/ros2_ws/install/my_robot_bringup/share/my_robot_bringup//models/nathan_benderson_park/materials/textures/Window_Roughness.png
-- Up-to-date: /home/aemilio/ros2_ws/install/my_robot_bringup/share/my_robot_bringup//models/nathan_benderson_park/materials/textures/Asphalt_Albedo.png
-- Up-to-date: /home/aemilio/ros2_ws/install/my_robot_bringup/share/my_robot_bringup//models/nathan_benderson_park/materials/textures/Window_Albedo.png
-- Up-to-date: /home/aemilio/ros2_ws/install/my_robot_bringup/share/my_robot_bringup//models/nathan_benderson_park/materials/textures/Grass_Normal.png
-- Up-to-date: /home/aemilio/ros2_ws/install/my_robot_bringup/share/my_robot_bringup//models/nathan_benderson_park/materials/textures/Heightmap.png
-- Up-to-date: /home/aemilio/ros2_ws/install/my_robot_bringup/share/my_robot_bringup//models/nathan_benderson_park/materials/textures/Roof_Normal.png
-- Up-to-date: /home/aemilio/ros2_ws/install/my_robot_bringup/share/my_robot_bringup//models/nathan_benderson_park/materials/textures/Dock_Roughness.png
-- Up-to-date: /home/aemilio/ros2_ws/install/my_robot_bringup/share/my_robot_bringup//models/nathan_benderson_park/materials/textures/Roof_Albedo.png
-- Up-to-date: /home/aemilio/ros2_ws/install/my_robot_bringup/share/my_robot_bringup//models/nathan_benderson_park/materials/textures/PalmTree_Normal.png
-- Up-to-date: /home/aemilio/ros2_ws/install/my_robot_bringup/share/my_robot_bringup//models/nathan_benderson_park/thumbnails
-- Up-to-date: /home/aemilio/ros2_ws/install/my_robot_bringup/share/my_robot_bringup//models/nathan_benderson_park/thumbnails/4.png
-- Up-to-date: /home/aemilio/ros2_ws/install/my_robot_bringup/share/my_robot_bringup//models/nathan_benderson_park/thumbnails/5.png
-- Up-to-date: /home/aemilio/ros2_ws/install/my_robot_bringup/share/my_robot_bringup//models/nathan_benderson_park/thumbnails/3.png
-- Up-to-date: /home/aemilio/ros2_ws/install/my_robot_bringup/share/my_robot_bringup//models/nathan_benderson_park/thumbnails/1.png
-- Up-to-date: /home/aemilio/ros2_ws/install/my_robot_bringup/share/my_robot_bringup//models/nathan_benderson_park/thumbnails/2.png
-- Up-to-date: /home/aemilio/ros2_ws/install/my_robot_bringup/share/my_robot_bringup//models/nathan_benderson_park/meshes
-- Up-to-date: /home/aemilio/ros2_ws/install/my_robot_bringup/share/my_robot_bringup//models/nathan_benderson_park/meshes/nb_park.dae
-- Up-to-date: /home/aemilio/ros2_ws/install/my_robot_bringup/share/my_robot_bringup//models/nathan_benderson_park/model.config
-- Up-to-date: /home/aemilio/ros2_ws/install/my_robot_bringup/share/my_robot_bringup//models/nathan_benderson_park/model.sdf
-- Up-to-date: /home/aemilio/ros2_ws/install/my_robot_bringup/share/my_robot_bringup//models/piano
-- Up-to-date: /home/aemilio/ros2_ws/install/my_robot_bringup/share/my_robot_bringup//models/piano/thumbnails
-- Up-to-date: /home/aemilio/ros2_ws/install/my_robot_bringup/share/my_robot_bringup//models/piano/thumbnails/Piano.png
-- Up-to-date: /home/aemilio/ros2_ws/install/my_robot_bringup/share/my_robot_bringup//models/piano/meshes
-- Up-to-date: /home/aemilio/ros2_ws/install/my_robot_bringup/share/my_robot_bringup//models/piano/meshes/piano.dae
-- Up-to-date: /home/aemilio/ros2_ws/install/my_robot_bringup/share/my_robot_bringup//models/piano/model.config
-- Up-to-date: /home/aemilio/ros2_ws/install/my_robot_bringup/share/my_robot_bringup//models/piano/model.sdf
-- Up-to-date: /home/aemilio/ros2_ws/install/my_robot_bringup/share/my_robot_bringup//models/textures
-- Up-to-date: /home/aemilio/ros2_ws/install/my_robot_bringup/share/my_robot_bringup//models/textures/soil_textures
-- Up-to-date: /home/aemilio/ros2_ws/install/my_robot_bringup/share/my_robot_bringup//models/textures/soil_textures/soil_seamless_1.jpg
-- Up-to-date: /home/aemilio/ros2_ws/install/my_robot_bringup/share/my_robot_bringup//models/textures/wood_textures
-- Installing: /home/aemilio/ros2_ws/install/my_robot_bringup/share/my_robot_bringup//models/textures/wood_textures/wood_texture_seamless_1x2.jpg
-- Up-to-date: /home/aemilio/ros2_ws/install/my_robot_bringup/share/my_robot_bringup//models/textures/wood_textures/wood_texture_seamless_1x10.jpg
-- Installing: /home/aemilio/ros2_ws/install/my_robot_bringup/share/my_robot_bringup//models/textures/wood_textures/wood_texture_seamless_1x1.jpg
-- Up-to-date: /home/aemilio/ros2_ws/install/my_robot_bringup/share/my_robot_bringup//models/textures/wood_textures/wood_texture_seamless_1x5.jpg
-- Installing: /home/aemilio/ros2_ws/install/my_robot_bringup/share/my_robot_bringup//models/textures/wood_textures/wood_texture_seamless_1x3.jpg
-- Up-to-date: /home/aemilio/ros2_ws/install/my_robot_bringup/share/my_robot_bringup//models/textures/stone_textures
-- Installing: /home/aemilio/ros2_ws/install/my_robot_bringup/share/my_robot_bringup//models/textures/stone_textures/stone_wall_seamless_1x1.jpg
-- Up-to-date: /home/aemilio/ros2_ws/install/my_robot_bringup/share/my_robot_bringup//models/textures/grass_textures
-- Up-to-date: /home/aemilio/ros2_ws/install/my_robot_bringup/share/my_robot_bringup//models/textures/grass_textures/green_grass_seamless.jpg
-- Up-to-date: /home/aemilio/ros2_ws/install/my_robot_bringup/share/my_robot_bringup//models/textures/grass_textures/green_grass_circular.png
-- Up-to-date: /home/aemilio/ros2_ws/install/my_robot_bringup/share/my_robot_bringup//models/collapsed_house
-- Up-to-date: /home/aemilio/ros2_ws/install/my_robot_bringup/share/my_robot_bringup//models/collapsed_house/materials
-- Up-to-date: /home/aemilio/ros2_ws/install/my_robot_bringup/share/my_robot_bringup//models/collapsed_house/materials/textures
-- Up-to-date: /home/aemilio/ros2_ws/install/my_robot_bringup/share/my_robot_bringup//models/collapsed_house/materials/textures/collapsed_house_spec.jpg
-- Up-to-date: /home/aemilio/ros2_ws/install/my_robot_bringup/share/my_robot_bringup//models/collapsed_house/materials/textures/collapsed_house_diffuse.jpg
-- Up-to-date: /home/aemilio/ros2_ws/install/my_robot_bringup/share/my_robot_bringup//models/collapsed_house/thumbnails
-- Up-to-date: /home/aemilio/ros2_ws/install/my_robot_bringup/share/my_robot_bringup//models/collapsed_house/thumbnails/4.png
-- Up-to-date: /home/aemilio/ros2_ws/install/my_robot_bringup/share/my_robot_bringup//models/collapsed_house/thumbnails/5.png
-- Up-to-date: /home/aemilio/ros2_ws/install/my_robot_bringup/share/my_robot_bringup//models/collapsed_house/thumbnails/3.png
-- Up-to-date: /home/aemilio/ros2_ws/install/my_robot_bringup/share/my_robot_bringup//models/collapsed_house/thumbnails/1.png
-- Up-to-date: /home/aemilio/ros2_ws/install/my_robot_bringup/share/my_robot_bringup//models/collapsed_house/thumbnails/2.png
-- Up-to-date: /home/aemilio/ros2_ws/install/my_robot_bringup/share/my_robot_bringup//models/collapsed_house/metadata.pbtxt
-- Up-to-date: /home/aemilio/ros2_ws/install/my_robot_bringup/share/my_robot_bringup//models/collapsed_house/meshes
-- Up-to-date: /home/aemilio/ros2_ws/install/my_robot_bringup/share/my_robot_bringup//models/collapsed_house/meshes/collapsed_house.dae
-- Up-to-date: /home/aemilio/ros2_ws/install/my_robot_bringup/share/my_robot_bringup//models/collapsed_house/model.config
-- Up-to-date: /home/aemilio/ros2_ws/install/my_robot_bringup/share/my_robot_bringup//models/collapsed_house/model.sdf
-- Up-to-date: /home/aemilio/ros2_ws/install/my_robot_bringup/share/my_robot_bringup//models/wooden_gazebo
-- Up-to-date: /home/aemilio/ros2_ws/install/my_robot_bringup/share/my_robot_bringup//models/wooden_gazebo/materials
-- Up-to-date: /home/aemilio/ros2_ws/install/my_robot_bringup/share/my_robot_bringup//models/wooden_gazebo/materials/textures
-- Up-to-date: /home/aemilio/ros2_ws/install/my_robot_bringup/share/my_robot_bringup//models/wooden_gazebo/materials/textures/gazebo_diffuse.jpg
-- Up-to-date: /home/aemilio/ros2_ws/install/my_robot_bringup/share/my_robot_bringup//models/wooden_gazebo/materials/textures/gazebo_spec.jpg
-- Up-to-date: /home/aemilio/ros2_ws/install/my_robot_bringup/share/my_robot_bringup//models/wooden_gazebo/thumbnails
-- Up-to-date: /home/aemilio/ros2_ws/install/my_robot_bringup/share/my_robot_bringup//models/wooden_gazebo/thumbnails/4.png
-- Up-to-date: /home/aemilio/ros2_ws/install/my_robot_bringup/share/my_robot_bringup//models/wooden_gazebo/thumbnails/5.png
-- Up-to-date: /home/aemilio/ros2_ws/install/my_robot_bringup/share/my_robot_bringup//models/wooden_gazebo/thumbnails/3.png
-- Up-to-date: /home/aemilio/ros2_ws/install/my_robot_bringup/share/my_robot_bringup//models/wooden_gazebo/thumbnails/1.png
-- Up-to-date: /home/aemilio/ros2_ws/install/my_robot_bringup/share/my_robot_bringup//models/wooden_gazebo/thumbnails/2.png
-- Up-to-date: /home/aemilio/ros2_ws/install/my_robot_bringup/share/my_robot_bringup//models/wooden_gazebo/meshes
-- Up-to-date: /home/aemilio/ros2_ws/install/my_robot_bringup/share/my_robot_bringup//models/wooden_gazebo/meshes/gazebo.dae
-- Up-to-date: /home/aemilio/ros2_ws/install/my_robot_bringup/share/my_robot_bringup//models/wooden_gazebo/model.config
-- Up-to-date: /home/aemilio/ros2_ws/install/my_robot_bringup/share/my_robot_bringup//models/wooden_gazebo/model.sdf
-- Up-to-date: /home/aemilio/ros2_ws/install/my_robot_bringup/share/my_robot_bringup//models/parking_garage
-- Up-to-date: /home/aemilio/ros2_ws/install/my_robot_bringup/share/my_robot_bringup//models/parking_garage/materials
-- Up-to-date: /home/aemilio/ros2_ws/install/my_robot_bringup/share/my_robot_bringup//models/parking_garage/materials/textures
-- Up-to-date: /home/aemilio/ros2_ws/install/my_robot_bringup/share/my_robot_bringup//models/parking_garage/materials/textures/parking_garage_spec.jpg
-- Up-to-date: /home/aemilio/ros2_ws/install/my_robot_bringup/share/my_robot_bringup//models/parking_garage/materials/textures/parking_garage_diffuse.jpg
-- Up-to-date: /home/aemilio/ros2_ws/install/my_robot_bringup/share/my_robot_bringup//models/parking_garage/thumbnails
-- Up-to-date: /home/aemilio/ros2_ws/install/my_robot_bringup/share/my_robot_bringup//models/parking_garage/thumbnails/4.png
-- Up-to-date: /home/aemilio/ros2_ws/install/my_robot_bringup/share/my_robot_bringup//models/parking_garage/thumbnails/5.png
-- Up-to-date: /home/aemilio/ros2_ws/install/my_robot_bringup/share/my_robot_bringup//models/parking_garage/thumbnails/3.png
-- Up-to-date: /home/aemilio/ros2_ws/install/my_robot_bringup/share/my_robot_bringup//models/parking_garage/thumbnails/1.png
-- Up-to-date: /home/aemilio/ros2_ws/install/my_robot_bringup/share/my_robot_bringup//models/parking_garage/thumbnails/2.png
-- Up-to-date: /home/aemilio/ros2_ws/install/my_robot_bringup/share/my_robot_bringup//models/parking_garage/meshes
-- Up-to-date: /home/aemilio/ros2_ws/install/my_robot_bringup/share/my_robot_bringup//models/parking_garage/meshes/parking_garage.dae
-- Up-to-date: /home/aemilio/ros2_ws/install/my_robot_bringup/share/my_robot_bringup//models/parking_garage/model.config
-- Up-to-date: /home/aemilio/ros2_ws/install/my_robot_bringup/share/my_robot_bringup//models/parking_garage/model.sdf
-- Up-to-date: /home/aemilio/ros2_ws/install/my_robot_bringup/share/my_robot_bringup//models/collapsed_industrial_building
-- Up-to-date: /home/aemilio/ros2_ws/install/my_robot_bringup/share/my_robot_bringup//models/collapsed_industrial_building/materials
-- Up-to-date: /home/aemilio/ros2_ws/install/my_robot_bringup/share/my_robot_bringup//models/collapsed_industrial_building/materials/textures
-- Up-to-date: /home/aemilio/ros2_ws/install/my_robot_bringup/share/my_robot_bringup//models/collapsed_industrial_building/materials/textures/rough_concrete_diffuse.jpg
-- Up-to-date: /home/aemilio/ros2_ws/install/my_robot_bringup/share/my_robot_bringup//models/collapsed_industrial_building/materials/textures/rough_concrete_spec.jpg
-- Up-to-date: /home/aemilio/ros2_ws/install/my_robot_bringup/share/my_robot_bringup//models/collapsed_industrial_building/materials/textures/rubble_spec.jpg
-- Up-to-date: /home/aemilio/ros2_ws/install/my_robot_bringup/share/my_robot_bringup//models/collapsed_industrial_building/materials/textures/collapsed_industrial_diffuse.jpg
-- Up-to-date: /home/aemilio/ros2_ws/install/my_robot_bringup/share/my_robot_bringup//models/collapsed_industrial_building/materials/textures/collapsed_industrial_spec.jpg
-- Up-to-date: /home/aemilio/ros2_ws/install/my_robot_bringup/share/my_robot_bringup//models/collapsed_industrial_building/materials/textures/rubble_diffuse.jpg
-- Up-to-date: /home/aemilio/ros2_ws/install/my_robot_bringup/share/my_robot_bringup//models/collapsed_industrial_building/thumbnails
-- Up-to-date: /home/aemilio/ros2_ws/install/my_robot_bringup/share/my_robot_bringup//models/collapsed_industrial_building/thumbnails/4.png
-- Up-to-date: /home/aemilio/ros2_ws/install/my_robot_bringup/share/my_robot_bringup//models/collapsed_industrial_building/thumbnails/5.png
-- Up-to-date: /home/aemilio/ros2_ws/install/my_robot_bringup/share/my_robot_bringup//models/collapsed_industrial_building/thumbnails/3.png
-- Up-to-date: /home/aemilio/ros2_ws/install/my_robot_bringup/share/my_robot_bringup//models/collapsed_industrial_building/thumbnails/1.png
-- Up-to-date: /home/aemilio/ros2_ws/install/my_robot_bringup/share/my_robot_bringup//models/collapsed_industrial_building/thumbnails/2.png
-- Up-to-date: /home/aemilio/ros2_ws/install/my_robot_bringup/share/my_robot_bringup//models/collapsed_industrial_building/meshes
-- Up-to-date: /home/aemilio/ros2_ws/install/my_robot_bringup/share/my_robot_bringup//models/collapsed_industrial_building/meshes/collapsed_industrial.dae
-- Up-to-date: /home/aemilio/ros2_ws/install/my_robot_bringup/share/my_robot_bringup//models/collapsed_industrial_building/model.config
-- Up-to-date: /home/aemilio/ros2_ws/install/my_robot_bringup/share/my_robot_bringup//models/collapsed_industrial_building/model.sdf
-- Up-to-date: /home/aemilio/ros2_ws/install/my_robot_bringup/share/my_robot_bringup//models/collapsed_police_station
-- Up-to-date: /home/aemilio/ros2_ws/install/my_robot_bringup/share/my_robot_bringup//models/collapsed_police_station/materials
-- Up-to-date: /home/aemilio/ros2_ws/install/my_robot_bringup/share/my_robot_bringup//models/collapsed_police_station/materials/textures
-- Up-to-date: /home/aemilio/ros2_ws/install/my_robot_bringup/share/my_robot_bringup//models/collapsed_police_station/materials/textures/rough_concrete_diffuse.jpg
-- Up-to-date: /home/aemilio/ros2_ws/install/my_robot_bringup/share/my_robot_bringup//models/collapsed_police_station/materials/textures/collapsed_police_station_diffuse.jpg
-- Up-to-date: /home/aemilio/ros2_ws/install/my_robot_bringup/share/my_robot_bringup//models/collapsed_police_station/materials/textures/rough_concrete_spec.jpg
-- Up-to-date: /home/aemilio/ros2_ws/install/my_robot_bringup/share/my_robot_bringup//models/collapsed_police_station/materials/textures/rubble_spec.jpg
-- Up-to-date: /home/aemilio/ros2_ws/install/my_robot_bringup/share/my_robot_bringup//models/collapsed_police_station/materials/textures/collapsed_police_station_spec.jpg
-- Up-to-date: /home/aemilio/ros2_ws/install/my_robot_bringup/share/my_robot_bringup//models/collapsed_police_station/materials/textures/rubble_diffuse.jpg
-- Up-to-date: /home/aemilio/ros2_ws/install/my_robot_bringup/share/my_robot_bringup//models/collapsed_police_station/thumbnails
-- Up-to-date: /home/aemilio/ros2_ws/install/my_robot_bringup/share/my_robot_bringup//models/collapsed_police_station/thumbnails/4.png
-- Up-to-date: /home/aemilio/ros2_ws/install/my_robot_bringup/share/my_robot_bringup//models/collapsed_police_station/thumbnails/5.png
-- Up-to-date: /home/aemilio/ros2_ws/install/my_robot_bringup/share/my_robot_bringup//models/collapsed_police_station/thumbnails/3.png
-- Up-to-date: /home/aemilio/ros2_ws/install/my_robot_bringup/share/my_robot_bringup//models/collapsed_police_station/thumbnails/1.png
-- Up-to-date: /home/aemilio/ros2_ws/install/my_robot_bringup/share/my_robot_bringup//models/collapsed_police_station/thumbnails/2.png
-- Up-to-date: /home/aemilio/ros2_ws/install/my_robot_bringup/share/my_robot_bringup//models/collapsed_police_station/meshes
-- Up-to-date: /home/aemilio/ros2_ws/install/my_robot_bringup/share/my_robot_bringup//models/collapsed_police_station/meshes/collapsed_police_station.dae
-- Up-to-date: /home/aemilio/ros2_ws/install/my_robot_bringup/share/my_robot_bringup//models/collapsed_police_station/model.config
-- Up-to-date: /home/aemilio/ros2_ws/install/my_robot_bringup/share/my_robot_bringup//models/collapsed_police_station/model.sdf
-- Up-to-date: /home/aemilio/ros2_ws/install/my_robot_bringup/share/ament_index/resource_index/package_run_dependencies/my_robot_bringup
-- Up-to-date: /home/aemilio/ros2_ws/install/my_robot_bringup/share/ament_index/resource_index/parent_prefix_path/my_robot_bringup
-- Up-to-date: /home/aemilio/ros2_ws/install/my_robot_bringup/share/my_robot_bringup/environment/ament_prefix_path.sh
-- Up-to-date: /home/aemilio/ros2_ws/install/my_robot_bringup/share/my_robot_bringup/environment/ament_prefix_path.dsv
-- Up-to-date: /home/aemilio/ros2_ws/install/my_robot_bringup/share/my_robot_bringup/environment/path.sh
-- Up-to-date: /home/aemilio/ros2_ws/install/my_robot_bringup/share/my_robot_bringup/environment/path.dsv
-- Up-to-date: /home/aemilio/ros2_ws/install/my_robot_bringup/share/my_robot_bringup/local_setup.bash
-- Up-to-date: /home/aemilio/ros2_ws/install/my_robot_bringup/share/my_robot_bringup/local_setup.sh
-- Up-to-date: /home/aemilio/ros2_ws/install/my_robot_bringup/share/my_robot_bringup/local_setup.zsh
-- Up-to-date: /home/aemilio/ros2_ws/install/my_robot_bringup/share/my_robot_bringup/local_setup.dsv
-- Installing: /home/aemilio/ros2_ws/install/my_robot_bringup/share/my_robot_bringup/package.dsv
-- Up-to-date: /home/aemilio/ros2_ws/install/my_robot_bringup/share/ament_index/resource_index/packages/my_robot_bringup
-- Up-to-date: /home/aemilio/ros2_ws/install/my_robot_bringup/share/my_robot_bringup/cmake/my_robot_bringupConfig.cmake
-- Up-to-date: /home/aemilio/ros2_ws/install/my_robot_bringup/share/my_robot_bringup/cmake/my_robot_bringupConfig-version.cmake
-- Up-to-date: /home/aemilio/ros2_ws/install/my_robot_bringup/share/my_robot_bringup/package.xml
