[0.009s] Invoking command in '/home/aemilio/ros2_ws/build/my_robot_bringup': DEBUGINFOD_URLS=https://debuginfod.ubuntu.com /usr/bin/cmake --build /home/aemilio/ros2_ws/build/my_robot_bringup -- -j16 -l16
[0.051s] Invoked command in '/home/aemilio/ros2_ws/build/my_robot_bringup' returned '0': DEBUGINFOD_URLS=https://debuginfod.ubuntu.com /usr/bin/cmake --build /home/aemilio/ros2_ws/build/my_robot_bringup -- -j16 -l16
[0.061s] Invoking command in '/home/aemilio/ros2_ws/build/my_robot_bringup': DEBUGINFOD_URLS=https://debuginfod.ubuntu.com /usr/bin/cmake --install /home/aemilio/ros2_ws/build/my_robot_bringup
[0.070s] -- Install configuration: ""
[0.070s] -- Up-to-date: /home/aemilio/ros2_ws/install/my_robot_bringup/share/my_robot_bringup//launch
[0.071s] -- Up-to-date: /home/aemilio/ros2_ws/install/my_robot_bringup/share/my_robot_bringup//launch/my_robot_gazebo.launch.xml
[0.071s] -- Up-to-date: /home/aemilio/ros2_ws/install/my_robot_bringup/share/my_robot_bringup//config
[0.071s] -- Up-to-date: /home/aemilio/ros2_ws/install/my_robot_bringup/share/my_robot_bringup//config/gazebo_bridge.yaml
[0.071s] -- Up-to-date: /home/aemilio/ros2_ws/install/my_robot_bringup/share/my_robot_bringup//worlds
[0.071s] -- Installing: /home/aemilio/ros2_ws/install/my_robot_bringup/share/my_robot_bringup//worlds/waterworld.sdf
[0.071s] -- Up-to-date: /home/aemilio/ros2_ws/install/my_robot_bringup/share/my_robot_bringup//models
[0.072s] -- Up-to-date: /home/aemilio/ros2_ws/install/my_robot_bringup/share/my_robot_bringup//models/water_tower
[0.072s] -- Up-to-date: /home/aemilio/ros2_ws/install/my_robot_bringup/share/my_robot_bringup//models/water_tower/materials
[0.072s] -- Up-to-date: /home/aemilio/ros2_ws/install/my_robot_bringup/share/my_robot_bringup//models/water_tower/materials/textures
[0.072s] -- Up-to-date: /home/aemilio/ros2_ws/install/my_robot_bringup/share/my_robot_bringup//models/water_tower/materials/textures/water_tower_spec.jpg
[0.072s] -- Up-to-date: /home/aemilio/ros2_ws/install/my_robot_bringup/share/my_robot_bringup//models/water_tower/materials/textures/water_tower_diffuse.jpg
[0.072s] -- Up-to-date: /home/aemilio/ros2_ws/install/my_robot_bringup/share/my_robot_bringup//models/water_tower/thumbnails
[0.073s] -- Up-to-date: /home/aemilio/ros2_ws/install/my_robot_bringup/share/my_robot_bringup//models/water_tower/thumbnails/4.png
[0.073s] -- Up-to-date: /home/aemilio/ros2_ws/install/my_robot_bringup/share/my_robot_bringup//models/water_tower/thumbnails/5.png
[0.073s] -- Up-to-date: /home/aemilio/ros2_ws/install/my_robot_bringup/share/my_robot_bringup//models/water_tower/thumbnails/3.png
[0.073s] -- Up-to-date: /home/aemilio/ros2_ws/install/my_robot_bringup/share/my_robot_bringup//models/water_tower/thumbnails/1.png
[0.073s] -- Up-to-date: /home/aemilio/ros2_ws/install/my_robot_bringup/share/my_robot_bringup//models/water_tower/thumbnails/2.png
[0.073s] -- Up-to-date: /home/aemilio/ros2_ws/install/my_robot_bringup/share/my_robot_bringup//models/water_tower/meshes
[0.073s] -- Up-to-date: /home/aemilio/ros2_ws/install/my_robot_bringup/share/my_robot_bringup//models/water_tower/meshes/water_tower.dae
[0.073s] -- Up-to-date: /home/aemilio/ros2_ws/install/my_robot_bringup/share/my_robot_bringup//models/water_tower/model.config
[0.073s] -- Up-to-date: /home/aemilio/ros2_ws/install/my_robot_bringup/share/my_robot_bringup//models/water_tower/model.sdf
[0.073s] -- Up-to-date: /home/aemilio/ros2_ws/install/my_robot_bringup/share/my_robot_bringup//models/office_building
[0.073s] -- Up-to-date: /home/aemilio/ros2_ws/install/my_robot_bringup/share/my_robot_bringup//models/office_building/model-1_3.sdf
[0.074s] -- Up-to-date: /home/aemilio/ros2_ws/install/my_robot_bringup/share/my_robot_bringup//models/office_building/thumbnails
[0.074s] -- Up-to-date: /home/aemilio/ros2_ws/install/my_robot_bringup/share/my_robot_bringup//models/office_building/thumbnails/4.png
[0.074s] -- Up-to-date: /home/aemilio/ros2_ws/install/my_robot_bringup/share/my_robot_bringup//models/office_building/thumbnails/5.png
[0.074s] -- Up-to-date: /home/aemilio/ros2_ws/install/my_robot_bringup/share/my_robot_bringup//models/office_building/thumbnails/3.png
[0.074s] -- Up-to-date: /home/aemilio/ros2_ws/install/my_robot_bringup/share/my_robot_bringup//models/office_building/thumbnails/1.png
[0.074s] -- Up-to-date: /home/aemilio/ros2_ws/install/my_robot_bringup/share/my_robot_bringup//models/office_building/thumbnails/2.png
[0.075s] -- Up-to-date: /home/aemilio/ros2_ws/install/my_robot_bringup/share/my_robot_bringup//models/office_building/model-1_4.sdf
[0.075s] -- Up-to-date: /home/aemilio/ros2_ws/install/my_robot_bringup/share/my_robot_bringup//models/office_building/meshes
[0.075s] -- Up-to-date: /home/aemilio/ros2_ws/install/my_robot_bringup/share/my_robot_bringup//models/office_building/meshes/office_building.dae
[0.075s] -- Up-to-date: /home/aemilio/ros2_ws/install/my_robot_bringup/share/my_robot_bringup//models/office_building/model.config
[0.076s] -- Up-to-date: /home/aemilio/ros2_ws/install/my_robot_bringup/share/my_robot_bringup//models/office_building/model.sdf
[0.076s] -- Up-to-date: /home/aemilio/ros2_ws/install/my_robot_bringup/share/my_robot_bringup//models/coast_waves_2
[0.076s] -- Up-to-date: /home/aemilio/ros2_ws/install/my_robot_bringup/share/my_robot_bringup//models/coast_waves_2/materials
[0.076s] -- Up-to-date: /home/aemilio/ros2_ws/install/my_robot_bringup/share/my_robot_bringup//models/coast_waves_2/materials/programs
[0.076s] -- Up-to-date: /home/aemilio/ros2_ws/install/my_robot_bringup/share/my_robot_bringup//models/coast_waves_2/materials/programs/GerstnerWaves_fs_330.glsl
[0.076s] -- Up-to-date: /home/aemilio/ros2_ws/install/my_robot_bringup/share/my_robot_bringup//models/coast_waves_2/materials/programs/GerstnerWaves_vs_330.glsl
[0.076s] -- Up-to-date: /home/aemilio/ros2_ws/install/my_robot_bringup/share/my_robot_bringup//models/coast_waves_2/materials/programs/GerstnerWaves_fs.metal
[0.076s] -- Up-to-date: /home/aemilio/ros2_ws/install/my_robot_bringup/share/my_robot_bringup//models/coast_waves_2/materials/programs/GerstnerWaves_vs.metal
[0.076s] -- Up-to-date: /home/aemilio/ros2_ws/install/my_robot_bringup/share/my_robot_bringup//models/coast_waves_2/materials/textures
[0.076s] -- Up-to-date: /home/aemilio/ros2_ws/install/my_robot_bringup/share/my_robot_bringup//models/coast_waves_2/materials/textures/skybox_lowres.dds
[0.076s] -- Up-to-date: /home/aemilio/ros2_ws/install/my_robot_bringup/share/my_robot_bringup//models/coast_waves_2/materials/textures/wave_normals.dds
[0.076s] -- Up-to-date: /home/aemilio/ros2_ws/install/my_robot_bringup/share/my_robot_bringup//models/coast_waves_2/thumbnails
[0.077s] -- Up-to-date: /home/aemilio/ros2_ws/install/my_robot_bringup/share/my_robot_bringup//models/coast_waves_2/thumbnails/1.png
[0.077s] -- Up-to-date: /home/aemilio/ros2_ws/install/my_robot_bringup/share/my_robot_bringup//models/coast_waves_2/meshes
[0.077s] -- Up-to-date: /home/aemilio/ros2_ws/install/my_robot_bringup/share/my_robot_bringup//models/coast_waves_2/meshes/waterlow.dae
[0.077s] -- Up-to-date: /home/aemilio/ros2_ws/install/my_robot_bringup/share/my_robot_bringup//models/coast_waves_2/model.config
[0.077s] -- Up-to-date: /home/aemilio/ros2_ws/install/my_robot_bringup/share/my_robot_bringup//models/coast_waves_2/model.sdf
[0.077s] -- Up-to-date: /home/aemilio/ros2_ws/install/my_robot_bringup/share/my_robot_bringup//models/collapsed_fire_station
[0.077s] -- Up-to-date: /home/aemilio/ros2_ws/install/my_robot_bringup/share/my_robot_bringup//models/collapsed_fire_station/materials
[0.077s] -- Up-to-date: /home/aemilio/ros2_ws/install/my_robot_bringup/share/my_robot_bringup//models/collapsed_fire_station/materials/textures
[0.077s] -- Up-to-date: /home/aemilio/ros2_ws/install/my_robot_bringup/share/my_robot_bringup//models/collapsed_fire_station/materials/textures/collapsed_fire_station_diffuse.jpg
[0.078s] -- Up-to-date: /home/aemilio/ros2_ws/install/my_robot_bringup/share/my_robot_bringup//models/collapsed_fire_station/materials/textures/rubble_spec.jpg
[0.078s] -- Up-to-date: /home/aemilio/ros2_ws/install/my_robot_bringup/share/my_robot_bringup//models/collapsed_fire_station/materials/textures/collapsed_firestation_spec.jpg
[0.078s] -- Up-to-date: /home/aemilio/ros2_ws/install/my_robot_bringup/share/my_robot_bringup//models/collapsed_fire_station/materials/textures/rubble_diffuse.jpg
[0.078s] -- Up-to-date: /home/aemilio/ros2_ws/install/my_robot_bringup/share/my_robot_bringup//models/collapsed_fire_station/thumbnails
[0.078s] -- Up-to-date: /home/aemilio/ros2_ws/install/my_robot_bringup/share/my_robot_bringup//models/collapsed_fire_station/thumbnails/4.png
[0.078s] -- Up-to-date: /home/aemilio/ros2_ws/install/my_robot_bringup/share/my_robot_bringup//models/collapsed_fire_station/thumbnails/5.png
[0.078s] -- Up-to-date: /home/aemilio/ros2_ws/install/my_robot_bringup/share/my_robot_bringup//models/collapsed_fire_station/thumbnails/3.png
[0.078s] -- Up-to-date: /home/aemilio/ros2_ws/install/my_robot_bringup/share/my_robot_bringup//models/collapsed_fire_station/thumbnails/1.png
[0.078s] -- Up-to-date: /home/aemilio/ros2_ws/install/my_robot_bringup/share/my_robot_bringup//models/collapsed_fire_station/thumbnails/2.png
[0.079s] -- Up-to-date: /home/aemilio/ros2_ws/install/my_robot_bringup/share/my_robot_bringup//models/collapsed_fire_station/meshes
[0.079s] -- Up-to-date: /home/aemilio/ros2_ws/install/my_robot_bringup/share/my_robot_bringup//models/collapsed_fire_station/meshes/collapsed_fire_station.dae
[0.079s] -- Up-to-date: /home/aemilio/ros2_ws/install/my_robot_bringup/share/my_robot_bringup//models/collapsed_fire_station/model.config
[0.079s] -- Up-to-date: /home/aemilio/ros2_ws/install/my_robot_bringup/share/my_robot_bringup//models/collapsed_fire_station/model.sdf
[0.079s] -- Up-to-date: /home/aemilio/ros2_ws/install/my_robot_bringup/share/my_robot_bringup//models/nathan_benderson_park
[0.079s] -- Up-to-date: /home/aemilio/ros2_ws/install/my_robot_bringup/share/my_robot_bringup//models/nathan_benderson_park/materials
[0.079s] -- Up-to-date: /home/aemilio/ros2_ws/install/my_robot_bringup/share/my_robot_bringup//models/nathan_benderson_park/materials/textures
[0.079s] -- Up-to-date: /home/aemilio/ros2_ws/install/my_robot_bringup/share/my_robot_bringup//models/nathan_benderson_park/materials/textures/Dock_Albedo.png
[0.079s] -- Up-to-date: /home/aemilio/ros2_ws/install/my_robot_bringup/share/my_robot_bringup//models/nathan_benderson_park/materials/textures/Wall_Albedo.png
[0.079s] -- Up-to-date: /home/aemilio/ros2_ws/install/my_robot_bringup/share/my_robot_bringup//models/nathan_benderson_park/materials/textures/Dock_Normal.png
[0.079s] -- Up-to-date: /home/aemilio/ros2_ws/install/my_robot_bringup/share/my_robot_bringup//models/nathan_benderson_park/materials/textures/Concrete_Roughness.png
[0.079s] -- Up-to-date: /home/aemilio/ros2_ws/install/my_robot_bringup/share/my_robot_bringup//models/nathan_benderson_park/materials/textures/Sand_Albedo.png
[0.080s] -- Up-to-date: /home/aemilio/ros2_ws/install/my_robot_bringup/share/my_robot_bringup//models/nathan_benderson_park/materials/textures/Tree_Albedo.png
[0.080s] -- Up-to-date: /home/aemilio/ros2_ws/install/my_robot_bringup/share/my_robot_bringup//models/nathan_benderson_park/materials/textures/Asphalt_Roughness.png
[0.081s] -- Up-to-date: /home/aemilio/ros2_ws/install/my_robot_bringup/share/my_robot_bringup//models/nathan_benderson_park/materials/textures/Roof_Roughness.png
[0.082s] -- Up-to-date: /home/aemilio/ros2_ws/install/my_robot_bringup/share/my_robot_bringup//models/nathan_benderson_park/materials/textures/Railing_Metalness.png
[0.082s] -- Up-to-date: /home/aemilio/ros2_ws/install/my_robot_bringup/share/my_robot_bringup//models/nathan_benderson_park/materials/textures/Road_Albedo.png
[0.082s] -- Up-to-date: /home/aemilio/ros2_ws/install/my_robot_bringup/share/my_robot_bringup//models/nathan_benderson_park/materials/textures/Sand_Normal.png
[0.082s] -- Up-to-date: /home/aemilio/ros2_ws/install/my_robot_bringup/share/my_robot_bringup//models/nathan_benderson_park/materials/textures/Road_Roughness.png
[0.082s] -- Up-to-date: /home/aemilio/ros2_ws/install/my_robot_bringup/share/my_robot_bringup//models/nathan_benderson_park/materials/textures/Railing_Roughness.png
[0.082s] -- Up-to-date: /home/aemilio/ros2_ws/install/my_robot_bringup/share/my_robot_bringup//models/nathan_benderson_park/materials/textures/flat_normal.png
[0.082s] -- Up-to-date: /home/aemilio/ros2_ws/install/my_robot_bringup/share/my_robot_bringup//models/nathan_benderson_park/materials/textures/PalmTree_Albedo.png
[0.082s] -- Up-to-date: /home/aemilio/ros2_ws/install/my_robot_bringup/share/my_robot_bringup//models/nathan_benderson_park/materials/textures/EnvMap.dds
[0.082s] -- Up-to-date: /home/aemilio/ros2_ws/install/my_robot_bringup/share/my_robot_bringup//models/nathan_benderson_park/materials/textures/DoorWindow_Albedo.png
[0.082s] -- Up-to-date: /home/aemilio/ros2_ws/install/my_robot_bringup/share/my_robot_bringup//models/nathan_benderson_park/materials/textures/Road_Normal.png
[0.082s] -- Up-to-date: /home/aemilio/ros2_ws/install/my_robot_bringup/share/my_robot_bringup//models/nathan_benderson_park/materials/textures/Concrete_Normal.png
[0.083s] -- Up-to-date: /home/aemilio/ros2_ws/install/my_robot_bringup/share/my_robot_bringup//models/nathan_benderson_park/materials/textures/Railing_Albedo.png
[0.083s] -- Up-to-date: /home/aemilio/ros2_ws/install/my_robot_bringup/share/my_robot_bringup//models/nathan_benderson_park/materials/textures/Grass_Albedo.jpg
[0.083s] -- Up-to-date: /home/aemilio/ros2_ws/install/my_robot_bringup/share/my_robot_bringup//models/nathan_benderson_park/materials/textures/Concrete_Albedo.png
[0.083s] -- Up-to-date: /home/aemilio/ros2_ws/install/my_robot_bringup/share/my_robot_bringup//models/nathan_benderson_park/materials/textures/Wall_Roughness.png
[0.083s] -- Up-to-date: /home/aemilio/ros2_ws/install/my_robot_bringup/share/my_robot_bringup//models/nathan_benderson_park/materials/textures/Wall_Normal.png
[0.083s] -- Up-to-date: /home/aemilio/ros2_ws/install/my_robot_bringup/share/my_robot_bringup//models/nathan_benderson_park/materials/textures/Asphalt_Normal.png
[0.083s] -- Up-to-date: /home/aemilio/ros2_ws/install/my_robot_bringup/share/my_robot_bringup//models/nathan_benderson_park/materials/textures/Window_Roughness.png
[0.083s] -- Up-to-date: /home/aemilio/ros2_ws/install/my_robot_bringup/share/my_robot_bringup//models/nathan_benderson_park/materials/textures/Asphalt_Albedo.png
[0.083s] -- Up-to-date: /home/aemilio/ros2_ws/install/my_robot_bringup/share/my_robot_bringup//models/nathan_benderson_park/materials/textures/Window_Albedo.png
[0.084s] -- Up-to-date: /home/aemilio/ros2_ws/install/my_robot_bringup/share/my_robot_bringup//models/nathan_benderson_park/materials/textures/Grass_Normal.png
[0.084s] -- Up-to-date: /home/aemilio/ros2_ws/install/my_robot_bringup/share/my_robot_bringup//models/nathan_benderson_park/materials/textures/Heightmap.png
[0.084s] -- Up-to-date: /home/aemilio/ros2_ws/install/my_robot_bringup/share/my_robot_bringup//models/nathan_benderson_park/materials/textures/Roof_Normal.png
[0.084s] -- Up-to-date: /home/aemilio/ros2_ws/install/my_robot_bringup/share/my_robot_bringup//models/nathan_benderson_park/materials/textures/Dock_Roughness.png
[0.084s] -- Up-to-date: /home/aemilio/ros2_ws/install/my_robot_bringup/share/my_robot_bringup//models/nathan_benderson_park/materials/textures/Roof_Albedo.png
[0.084s] -- Up-to-date: /home/aemilio/ros2_ws/install/my_robot_bringup/share/my_robot_bringup//models/nathan_benderson_park/materials/textures/PalmTree_Normal.png
[0.084s] -- Up-to-date: /home/aemilio/ros2_ws/install/my_robot_bringup/share/my_robot_bringup//models/nathan_benderson_park/thumbnails
[0.084s] -- Up-to-date: /home/aemilio/ros2_ws/install/my_robot_bringup/share/my_robot_bringup//models/nathan_benderson_park/thumbnails/4.png
[0.084s] -- Up-to-date: /home/aemilio/ros2_ws/install/my_robot_bringup/share/my_robot_bringup//models/nathan_benderson_park/thumbnails/5.png
[0.084s] -- Up-to-date: /home/aemilio/ros2_ws/install/my_robot_bringup/share/my_robot_bringup//models/nathan_benderson_park/thumbnails/3.png
[0.085s] -- Up-to-date: /home/aemilio/ros2_ws/install/my_robot_bringup/share/my_robot_bringup//models/nathan_benderson_park/thumbnails/1.png
[0.085s] -- Up-to-date: /home/aemilio/ros2_ws/install/my_robot_bringup/share/my_robot_bringup//models/nathan_benderson_park/thumbnails/2.png
[0.085s] -- Up-to-date: /home/aemilio/ros2_ws/install/my_robot_bringup/share/my_robot_bringup//models/nathan_benderson_park/meshes
[0.085s] -- Up-to-date: /home/aemilio/ros2_ws/install/my_robot_bringup/share/my_robot_bringup//models/nathan_benderson_park/meshes/nb_park.dae
[0.085s] -- Up-to-date: /home/aemilio/ros2_ws/install/my_robot_bringup/share/my_robot_bringup//models/nathan_benderson_park/model.config
[0.085s] -- Up-to-date: /home/aemilio/ros2_ws/install/my_robot_bringup/share/my_robot_bringup//models/nathan_benderson_park/model.sdf
[0.085s] -- Up-to-date: /home/aemilio/ros2_ws/install/my_robot_bringup/share/my_robot_bringup//models/piano
[0.085s] -- Up-to-date: /home/aemilio/ros2_ws/install/my_robot_bringup/share/my_robot_bringup//models/piano/thumbnails
[0.085s] -- Up-to-date: /home/aemilio/ros2_ws/install/my_robot_bringup/share/my_robot_bringup//models/piano/thumbnails/Piano.png
[0.086s] -- Up-to-date: /home/aemilio/ros2_ws/install/my_robot_bringup/share/my_robot_bringup//models/piano/meshes
[0.086s] -- Up-to-date: /home/aemilio/ros2_ws/install/my_robot_bringup/share/my_robot_bringup//models/piano/meshes/piano.dae
[0.086s] -- Up-to-date: /home/aemilio/ros2_ws/install/my_robot_bringup/share/my_robot_bringup//models/piano/model.config
[0.086s] -- Up-to-date: /home/aemilio/ros2_ws/install/my_robot_bringup/share/my_robot_bringup//models/piano/model.sdf
[0.086s] -- Up-to-date: /home/aemilio/ros2_ws/install/my_robot_bringup/share/my_robot_bringup//models/textures
[0.086s] -- Up-to-date: /home/aemilio/ros2_ws/install/my_robot_bringup/share/my_robot_bringup//models/textures/soil_textures
[0.086s] -- Up-to-date: /home/aemilio/ros2_ws/install/my_robot_bringup/share/my_robot_bringup//models/textures/soil_textures/soil_seamless_1.jpg
[0.086s] -- Up-to-date: /home/aemilio/ros2_ws/install/my_robot_bringup/share/my_robot_bringup//models/textures/wood_textures
[0.086s] -- Installing: /home/aemilio/ros2_ws/install/my_robot_bringup/share/my_robot_bringup//models/textures/wood_textures/wood_texture_seamless_1x2.jpg
[0.087s] -- Up-to-date: /home/aemilio/ros2_ws/install/my_robot_bringup/share/my_robot_bringup//models/textures/wood_textures/wood_texture_seamless_1x10.jpg
[0.087s] -- Installing: /home/aemilio/ros2_ws/install/my_robot_bringup/share/my_robot_bringup//models/textures/wood_textures/wood_texture_seamless_1x1.jpg
[0.087s] -- Up-to-date: /home/aemilio/ros2_ws/install/my_robot_bringup/share/my_robot_bringup//models/textures/wood_textures/wood_texture_seamless_1x5.jpg
[0.087s] -- Installing: /home/aemilio/ros2_ws/install/my_robot_bringup/share/my_robot_bringup//models/textures/wood_textures/wood_texture_seamless_1x3.jpg
[0.089s] -- Up-to-date: /home/aemilio/ros2_ws/install/my_robot_bringup/share/my_robot_bringup//models/textures/stone_textures
[0.089s] -- Installing: /home/aemilio/ros2_ws/install/my_robot_bringup/share/my_robot_bringup//models/textures/stone_textures/stone_wall_seamless_1x1.jpg
[0.100s] -- Up-to-date: /home/aemilio/ros2_ws/install/my_robot_bringup/share/my_robot_bringup//models/textures/grass_textures
[0.101s] -- Up-to-date: /home/aemilio/ros2_ws/install/my_robot_bringup/share/my_robot_bringup//models/textures/grass_textures/green_grass_seamless.jpg
[0.101s] -- Up-to-date: /home/aemilio/ros2_ws/install/my_robot_bringup/share/my_robot_bringup//models/textures/grass_textures/green_grass_circular.png
[0.101s] -- Up-to-date: /home/aemilio/ros2_ws/install/my_robot_bringup/share/my_robot_bringup//models/collapsed_house
[0.101s] -- Up-to-date: /home/aemilio/ros2_ws/install/my_robot_bringup/share/my_robot_bringup//models/collapsed_house/materials
[0.102s] -- Up-to-date: /home/aemilio/ros2_ws/install/my_robot_bringup/share/my_robot_bringup//models/collapsed_house/materials/textures
[0.102s] -- Up-to-date: /home/aemilio/ros2_ws/install/my_robot_bringup/share/my_robot_bringup//models/collapsed_house/materials/textures/collapsed_house_spec.jpg
[0.102s] -- Up-to-date: /home/aemilio/ros2_ws/install/my_robot_bringup/share/my_robot_bringup//models/collapsed_house/materials/textures/collapsed_house_diffuse.jpg
[0.102s] -- Up-to-date: /home/aemilio/ros2_ws/install/my_robot_bringup/share/my_robot_bringup//models/collapsed_house/thumbnails
[0.103s] -- Up-to-date: /home/aemilio/ros2_ws/install/my_robot_bringup/share/my_robot_bringup//models/collapsed_house/thumbnails/4.png
[0.103s] -- Up-to-date: /home/aemilio/ros2_ws/install/my_robot_bringup/share/my_robot_bringup//models/collapsed_house/thumbnails/5.png
[0.103s] -- Up-to-date: /home/aemilio/ros2_ws/install/my_robot_bringup/share/my_robot_bringup//models/collapsed_house/thumbnails/3.png
[0.103s] -- Up-to-date: /home/aemilio/ros2_ws/install/my_robot_bringup/share/my_robot_bringup//models/collapsed_house/thumbnails/1.png
[0.103s] -- Up-to-date: /home/aemilio/ros2_ws/install/my_robot_bringup/share/my_robot_bringup//models/collapsed_house/thumbnails/2.png
[0.103s] -- Up-to-date: /home/aemilio/ros2_ws/install/my_robot_bringup/share/my_robot_bringup//models/collapsed_house/metadata.pbtxt
[0.103s] -- Up-to-date: /home/aemilio/ros2_ws/install/my_robot_bringup/share/my_robot_bringup//models/collapsed_house/meshes
[0.103s] -- Up-to-date: /home/aemilio/ros2_ws/install/my_robot_bringup/share/my_robot_bringup//models/collapsed_house/meshes/collapsed_house.dae
[0.103s] -- Up-to-date: /home/aemilio/ros2_ws/install/my_robot_bringup/share/my_robot_bringup//models/collapsed_house/model.config
[0.104s] -- Up-to-date: /home/aemilio/ros2_ws/install/my_robot_bringup/share/my_robot_bringup//models/collapsed_house/model.sdf
[0.104s] -- Up-to-date: /home/aemilio/ros2_ws/install/my_robot_bringup/share/my_robot_bringup//models/wooden_gazebo
[0.104s] -- Up-to-date: /home/aemilio/ros2_ws/install/my_robot_bringup/share/my_robot_bringup//models/wooden_gazebo/materials
[0.104s] -- Up-to-date: /home/aemilio/ros2_ws/install/my_robot_bringup/share/my_robot_bringup//models/wooden_gazebo/materials/textures
[0.104s] -- Up-to-date: /home/aemilio/ros2_ws/install/my_robot_bringup/share/my_robot_bringup//models/wooden_gazebo/materials/textures/gazebo_diffuse.jpg
[0.104s] -- Up-to-date: /home/aemilio/ros2_ws/install/my_robot_bringup/share/my_robot_bringup//models/wooden_gazebo/materials/textures/gazebo_spec.jpg
[0.104s] -- Up-to-date: /home/aemilio/ros2_ws/install/my_robot_bringup/share/my_robot_bringup//models/wooden_gazebo/thumbnails
[0.104s] -- Up-to-date: /home/aemilio/ros2_ws/install/my_robot_bringup/share/my_robot_bringup//models/wooden_gazebo/thumbnails/4.png
[0.105s] -- Up-to-date: /home/aemilio/ros2_ws/install/my_robot_bringup/share/my_robot_bringup//models/wooden_gazebo/thumbnails/5.png
[0.105s] -- Up-to-date: /home/aemilio/ros2_ws/install/my_robot_bringup/share/my_robot_bringup//models/wooden_gazebo/thumbnails/3.png
[0.105s] -- Up-to-date: /home/aemilio/ros2_ws/install/my_robot_bringup/share/my_robot_bringup//models/wooden_gazebo/thumbnails/1.png
[0.105s] -- Up-to-date: /home/aemilio/ros2_ws/install/my_robot_bringup/share/my_robot_bringup//models/wooden_gazebo/thumbnails/2.png
[0.105s] -- Up-to-date: /home/aemilio/ros2_ws/install/my_robot_bringup/share/my_robot_bringup//models/wooden_gazebo/meshes
[0.105s] -- Up-to-date: /home/aemilio/ros2_ws/install/my_robot_bringup/share/my_robot_bringup//models/wooden_gazebo/meshes/gazebo.dae
[0.105s] -- Up-to-date: /home/aemilio/ros2_ws/install/my_robot_bringup/share/my_robot_bringup//models/wooden_gazebo/model.config
[0.105s] -- Up-to-date: /home/aemilio/ros2_ws/install/my_robot_bringup/share/my_robot_bringup//models/wooden_gazebo/model.sdf
[0.105s] -- Up-to-date: /home/aemilio/ros2_ws/install/my_robot_bringup/share/my_robot_bringup//models/parking_garage
[0.106s] -- Up-to-date: /home/aemilio/ros2_ws/install/my_robot_bringup/share/my_robot_bringup//models/parking_garage/materials
[0.106s] -- Up-to-date: /home/aemilio/ros2_ws/install/my_robot_bringup/share/my_robot_bringup//models/parking_garage/materials/textures
[0.106s] -- Up-to-date: /home/aemilio/ros2_ws/install/my_robot_bringup/share/my_robot_bringup//models/parking_garage/materials/textures/parking_garage_spec.jpg
[0.106s] -- Up-to-date: /home/aemilio/ros2_ws/install/my_robot_bringup/share/my_robot_bringup//models/parking_garage/materials/textures/parking_garage_diffuse.jpg
[0.106s] -- Up-to-date: /home/aemilio/ros2_ws/install/my_robot_bringup/share/my_robot_bringup//models/parking_garage/thumbnails
[0.106s] -- Up-to-date: /home/aemilio/ros2_ws/install/my_robot_bringup/share/my_robot_bringup//models/parking_garage/thumbnails/4.png
[0.106s] -- Up-to-date: /home/aemilio/ros2_ws/install/my_robot_bringup/share/my_robot_bringup//models/parking_garage/thumbnails/5.png
[0.106s] -- Up-to-date: /home/aemilio/ros2_ws/install/my_robot_bringup/share/my_robot_bringup//models/parking_garage/thumbnails/3.png
[0.106s] -- Up-to-date: /home/aemilio/ros2_ws/install/my_robot_bringup/share/my_robot_bringup//models/parking_garage/thumbnails/1.png
[0.107s] -- Up-to-date: /home/aemilio/ros2_ws/install/my_robot_bringup/share/my_robot_bringup//models/parking_garage/thumbnails/2.png
[0.107s] -- Up-to-date: /home/aemilio/ros2_ws/install/my_robot_bringup/share/my_robot_bringup//models/parking_garage/meshes
[0.107s] -- Up-to-date: /home/aemilio/ros2_ws/install/my_robot_bringup/share/my_robot_bringup//models/parking_garage/meshes/parking_garage.dae
[0.107s] -- Up-to-date: /home/aemilio/ros2_ws/install/my_robot_bringup/share/my_robot_bringup//models/parking_garage/model.config
[0.107s] -- Up-to-date: /home/aemilio/ros2_ws/install/my_robot_bringup/share/my_robot_bringup//models/parking_garage/model.sdf
[0.107s] -- Up-to-date: /home/aemilio/ros2_ws/install/my_robot_bringup/share/my_robot_bringup//models/collapsed_industrial_building
[0.107s] -- Up-to-date: /home/aemilio/ros2_ws/install/my_robot_bringup/share/my_robot_bringup//models/collapsed_industrial_building/materials
[0.107s] -- Up-to-date: /home/aemilio/ros2_ws/install/my_robot_bringup/share/my_robot_bringup//models/collapsed_industrial_building/materials/textures
[0.107s] -- Up-to-date: /home/aemilio/ros2_ws/install/my_robot_bringup/share/my_robot_bringup//models/collapsed_industrial_building/materials/textures/rough_concrete_diffuse.jpg
[0.107s] -- Up-to-date: /home/aemilio/ros2_ws/install/my_robot_bringup/share/my_robot_bringup//models/collapsed_industrial_building/materials/textures/rough_concrete_spec.jpg
[0.107s] -- Up-to-date: /home/aemilio/ros2_ws/install/my_robot_bringup/share/my_robot_bringup//models/collapsed_industrial_building/materials/textures/rubble_spec.jpg
[0.108s] -- Up-to-date: /home/aemilio/ros2_ws/install/my_robot_bringup/share/my_robot_bringup//models/collapsed_industrial_building/materials/textures/collapsed_industrial_diffuse.jpg
[0.108s] -- Up-to-date: /home/aemilio/ros2_ws/install/my_robot_bringup/share/my_robot_bringup//models/collapsed_industrial_building/materials/textures/collapsed_industrial_spec.jpg
[0.108s] -- Up-to-date: /home/aemilio/ros2_ws/install/my_robot_bringup/share/my_robot_bringup//models/collapsed_industrial_building/materials/textures/rubble_diffuse.jpg
[0.108s] -- Up-to-date: /home/aemilio/ros2_ws/install/my_robot_bringup/share/my_robot_bringup//models/collapsed_industrial_building/thumbnails
[0.108s] -- Up-to-date: /home/aemilio/ros2_ws/install/my_robot_bringup/share/my_robot_bringup//models/collapsed_industrial_building/thumbnails/4.png
[0.108s] -- Up-to-date: /home/aemilio/ros2_ws/install/my_robot_bringup/share/my_robot_bringup//models/collapsed_industrial_building/thumbnails/5.png
[0.108s] -- Up-to-date: /home/aemilio/ros2_ws/install/my_robot_bringup/share/my_robot_bringup//models/collapsed_industrial_building/thumbnails/3.png
[0.108s] -- Up-to-date: /home/aemilio/ros2_ws/install/my_robot_bringup/share/my_robot_bringup//models/collapsed_industrial_building/thumbnails/1.png
[0.108s] -- Up-to-date: /home/aemilio/ros2_ws/install/my_robot_bringup/share/my_robot_bringup//models/collapsed_industrial_building/thumbnails/2.png
[0.108s] -- Up-to-date: /home/aemilio/ros2_ws/install/my_robot_bringup/share/my_robot_bringup//models/collapsed_industrial_building/meshes
[0.108s] -- Up-to-date: /home/aemilio/ros2_ws/install/my_robot_bringup/share/my_robot_bringup//models/collapsed_industrial_building/meshes/collapsed_industrial.dae
[0.108s] -- Up-to-date: /home/aemilio/ros2_ws/install/my_robot_bringup/share/my_robot_bringup//models/collapsed_industrial_building/model.config
[0.109s] -- Up-to-date: /home/aemilio/ros2_ws/install/my_robot_bringup/share/my_robot_bringup//models/collapsed_industrial_building/model.sdf
[0.109s] -- Up-to-date: /home/aemilio/ros2_ws/install/my_robot_bringup/share/my_robot_bringup//models/collapsed_police_station
[0.109s] -- Up-to-date: /home/aemilio/ros2_ws/install/my_robot_bringup/share/my_robot_bringup//models/collapsed_police_station/materials
[0.109s] -- Up-to-date: /home/aemilio/ros2_ws/install/my_robot_bringup/share/my_robot_bringup//models/collapsed_police_station/materials/textures
[0.109s] -- Up-to-date: /home/aemilio/ros2_ws/install/my_robot_bringup/share/my_robot_bringup//models/collapsed_police_station/materials/textures/rough_concrete_diffuse.jpg
[0.109s] -- Up-to-date: /home/aemilio/ros2_ws/install/my_robot_bringup/share/my_robot_bringup//models/collapsed_police_station/materials/textures/collapsed_police_station_diffuse.jpg
[0.109s] -- Up-to-date: /home/aemilio/ros2_ws/install/my_robot_bringup/share/my_robot_bringup//models/collapsed_police_station/materials/textures/rough_concrete_spec.jpg
[0.109s] -- Up-to-date: /home/aemilio/ros2_ws/install/my_robot_bringup/share/my_robot_bringup//models/collapsed_police_station/materials/textures/rubble_spec.jpg
[0.109s] -- Up-to-date: /home/aemilio/ros2_ws/install/my_robot_bringup/share/my_robot_bringup//models/collapsed_police_station/materials/textures/collapsed_police_station_spec.jpg
[0.109s] -- Up-to-date: /home/aemilio/ros2_ws/install/my_robot_bringup/share/my_robot_bringup//models/collapsed_police_station/materials/textures/rubble_diffuse.jpg
[0.109s] -- Up-to-date: /home/aemilio/ros2_ws/install/my_robot_bringup/share/my_robot_bringup//models/collapsed_police_station/thumbnails
[0.110s] -- Up-to-date: /home/aemilio/ros2_ws/install/my_robot_bringup/share/my_robot_bringup//models/collapsed_police_station/thumbnails/4.png
[0.110s] -- Up-to-date: /home/aemilio/ros2_ws/install/my_robot_bringup/share/my_robot_bringup//models/collapsed_police_station/thumbnails/5.png
[0.110s] -- Up-to-date: /home/aemilio/ros2_ws/install/my_robot_bringup/share/my_robot_bringup//models/collapsed_police_station/thumbnails/3.png
[0.110s] -- Up-to-date: /home/aemilio/ros2_ws/install/my_robot_bringup/share/my_robot_bringup//models/collapsed_police_station/thumbnails/1.png
[0.110s] -- Up-to-date: /home/aemilio/ros2_ws/install/my_robot_bringup/share/my_robot_bringup//models/collapsed_police_station/thumbnails/2.png
[0.110s] -- Up-to-date: /home/aemilio/ros2_ws/install/my_robot_bringup/share/my_robot_bringup//models/collapsed_police_station/meshes
[0.110s] -- Up-to-date: /home/aemilio/ros2_ws/install/my_robot_bringup/share/my_robot_bringup//models/collapsed_police_station/meshes/collapsed_police_station.dae
[0.110s] -- Up-to-date: /home/aemilio/ros2_ws/install/my_robot_bringup/share/my_robot_bringup//models/collapsed_police_station/model.config
[0.110s] -- Up-to-date: /home/aemilio/ros2_ws/install/my_robot_bringup/share/my_robot_bringup//models/collapsed_police_station/model.sdf
[0.110s] -- Up-to-date: /home/aemilio/ros2_ws/install/my_robot_bringup/share/ament_index/resource_index/package_run_dependencies/my_robot_bringup
[0.110s] -- Up-to-date: /home/aemilio/ros2_ws/install/my_robot_bringup/share/ament_index/resource_index/parent_prefix_path/my_robot_bringup
[0.111s] -- Up-to-date: /home/aemilio/ros2_ws/install/my_robot_bringup/share/my_robot_bringup/environment/ament_prefix_path.sh
[0.111s] -- Up-to-date: /home/aemilio/ros2_ws/install/my_robot_bringup/share/my_robot_bringup/environment/ament_prefix_path.dsv
[0.111s] -- Up-to-date: /home/aemilio/ros2_ws/install/my_robot_bringup/share/my_robot_bringup/environment/path.sh
[0.111s] -- Up-to-date: /home/aemilio/ros2_ws/install/my_robot_bringup/share/my_robot_bringup/environment/path.dsv
[0.111s] -- Up-to-date: /home/aemilio/ros2_ws/install/my_robot_bringup/share/my_robot_bringup/local_setup.bash
[0.111s] -- Up-to-date: /home/aemilio/ros2_ws/install/my_robot_bringup/share/my_robot_bringup/local_setup.sh
[0.111s] -- Up-to-date: /home/aemilio/ros2_ws/install/my_robot_bringup/share/my_robot_bringup/local_setup.zsh
[0.111s] -- Up-to-date: /home/aemilio/ros2_ws/install/my_robot_bringup/share/my_robot_bringup/local_setup.dsv
[0.111s] -- Installing: /home/aemilio/ros2_ws/install/my_robot_bringup/share/my_robot_bringup/package.dsv
[0.111s] -- Up-to-date: /home/aemilio/ros2_ws/install/my_robot_bringup/share/ament_index/resource_index/packages/my_robot_bringup
[0.111s] -- Up-to-date: /home/aemilio/ros2_ws/install/my_robot_bringup/share/my_robot_bringup/cmake/my_robot_bringupConfig.cmake
[0.112s] -- Up-to-date: /home/aemilio/ros2_ws/install/my_robot_bringup/share/my_robot_bringup/cmake/my_robot_bringupConfig-version.cmake
[0.112s] -- Up-to-date: /home/aemilio/ros2_ws/install/my_robot_bringup/share/my_robot_bringup/package.xml
[0.114s] Invoked command in '/home/aemilio/ros2_ws/build/my_robot_bringup' returned '0': DEBUGINFOD_URLS=https://debuginfod.ubuntu.com /usr/bin/cmake --install /home/aemilio/ros2_ws/build/my_robot_bringup
