-- The C compiler identification is GNU 13.3.0
-- The CXX compiler identification is GNU 13.3.0
-- Detecting C compiler ABI info
-- Detecting C compiler ABI info - done
-- Check for working C compiler: /usr/bin/cc - skipped
-- Detecting C compile features
-- Detecting C compile features - done
-- Detecting CXX compiler ABI info
-- Detecting CXX compiler ABI info - done
-- Check for working CXX compiler: /usr/bin/c++ - skipped
-- Detecting CXX compile features
-- Detecting CXX compile features - done
-- Found ament_cmake: 2.5.4 (/opt/ros/jazzy/share/ament_cmake/cmake)
-- Found Python3: /usr/bin/python3 (found version "3.12.3") found components: Interpreter 
-- Configuring done (1.1s)
-- Generating done (0.0s)
-- Build files have been written to: /home/aemilio/ros2_ws/build/my_robot_bringup
-- Install configuration: ""
-- Installing: /home/aemilio/ros2_ws/install/my_robot_bringup/share/my_robot_bringup//launch
-- Installing: /home/aemilio/ros2_ws/install/my_robot_bringup/share/my_robot_bringup//launch/my_robot_gazebo.launch.xml
-- Installing: /home/aemilio/ros2_ws/install/my_robot_bringup/share/my_robot_bringup//config
-- Installing: /home/aemilio/ros2_ws/install/my_robot_bringup/share/my_robot_bringup//config/gazebo_bridge.yaml
-- Installing: /home/aemilio/ros2_ws/install/my_robot_bringup/share/my_robot_bringup//worlds
-- Installing: /home/aemilio/ros2_ws/install/my_robot_bringup/share/my_robot_bringup//worlds/test.sdf
-- Installing: /home/aemilio/ros2_ws/install/my_robot_bringup/share/my_robot_bringup//worlds/test_world.sdf
-- Installing: /home/aemilio/ros2_ws/install/my_robot_bringup/share/my_robot_bringup//worlds/waterworld.sdf
-- Installing: /home/aemilio/ros2_ws/install/my_robot_bringup/share/my_robot_bringup//worlds/battle_arena_example.world.sdf
-- Installing: /home/aemilio/ros2_ws/install/my_robot_bringup/share/my_robot_bringup//worlds/resort_arena.sdf
-- Installing: /home/aemilio/ros2_ws/install/my_robot_bringup/share/my_robot_bringup//worlds/waterworld_apartments.sdf
-- Installing: /home/aemilio/ros2_ws/install/my_robot_bringup/share/my_robot_bringup//models
-- Installing: /home/aemilio/ros2_ws/install/my_robot_bringup/share/my_robot_bringup//models/water_tower
-- Installing: /home/aemilio/ros2_ws/install/my_robot_bringup/share/my_robot_bringup//models/water_tower/materials
-- Installing: /home/aemilio/ros2_ws/install/my_robot_bringup/share/my_robot_bringup//models/water_tower/materials/textures
-- Installing: /home/aemilio/ros2_ws/install/my_robot_bringup/share/my_robot_bringup//models/water_tower/materials/textures/water_tower_spec.jpg
-- Installing: /home/aemilio/ros2_ws/install/my_robot_bringup/share/my_robot_bringup//models/water_tower/materials/textures/water_tower_diffuse.jpg
-- Installing: /home/aemilio/ros2_ws/install/my_robot_bringup/share/my_robot_bringup//models/water_tower/thumbnails
-- Installing: /home/aemilio/ros2_ws/install/my_robot_bringup/share/my_robot_bringup//models/water_tower/thumbnails/4.png
-- Installing: /home/aemilio/ros2_ws/install/my_robot_bringup/share/my_robot_bringup//models/water_tower/thumbnails/5.png
-- Installing: /home/aemilio/ros2_ws/install/my_robot_bringup/share/my_robot_bringup//models/water_tower/thumbnails/3.png
-- Installing: /home/aemilio/ros2_ws/install/my_robot_bringup/share/my_robot_bringup//models/water_tower/thumbnails/1.png
-- Installing: /home/aemilio/ros2_ws/install/my_robot_bringup/share/my_robot_bringup//models/water_tower/thumbnails/2.png
-- Installing: /home/aemilio/ros2_ws/install/my_robot_bringup/share/my_robot_bringup//models/water_tower/meshes
-- Installing: /home/aemilio/ros2_ws/install/my_robot_bringup/share/my_robot_bringup//models/water_tower/meshes/water_tower.dae
-- Installing: /home/aemilio/ros2_ws/install/my_robot_bringup/share/my_robot_bringup//models/water_tower/model.config
-- Installing: /home/aemilio/ros2_ws/install/my_robot_bringup/share/my_robot_bringup//models/water_tower/model.sdf
-- Installing: /home/aemilio/ros2_ws/install/my_robot_bringup/share/my_robot_bringup//models/office_building
-- Installing: /home/aemilio/ros2_ws/install/my_robot_bringup/share/my_robot_bringup//models/office_building/model-1_3.sdf
-- Installing: /home/aemilio/ros2_ws/install/my_robot_bringup/share/my_robot_bringup//models/office_building/thumbnails
-- Installing: /home/aemilio/ros2_ws/install/my_robot_bringup/share/my_robot_bringup//models/office_building/thumbnails/4.png
-- Installing: /home/aemilio/ros2_ws/install/my_robot_bringup/share/my_robot_bringup//models/office_building/thumbnails/5.png
-- Installing: /home/aemilio/ros2_ws/install/my_robot_bringup/share/my_robot_bringup//models/office_building/thumbnails/3.png
-- Installing: /home/aemilio/ros2_ws/install/my_robot_bringup/share/my_robot_bringup//models/office_building/thumbnails/1.png
-- Installing: /home/aemilio/ros2_ws/install/my_robot_bringup/share/my_robot_bringup//models/office_building/thumbnails/2.png
-- Installing: /home/aemilio/ros2_ws/install/my_robot_bringup/share/my_robot_bringup//models/office_building/model-1_4.sdf
-- Installing: /home/aemilio/ros2_ws/install/my_robot_bringup/share/my_robot_bringup//models/office_building/meshes
-- Installing: /home/aemilio/ros2_ws/install/my_robot_bringup/share/my_robot_bringup//models/office_building/meshes/office_building.dae
-- Installing: /home/aemilio/ros2_ws/install/my_robot_bringup/share/my_robot_bringup//models/office_building/model.config
-- Installing: /home/aemilio/ros2_ws/install/my_robot_bringup/share/my_robot_bringup//models/office_building/model.sdf
-- Installing: /home/aemilio/ros2_ws/install/my_robot_bringup/share/my_robot_bringup//models/coast_waves_2
-- Installing: /home/aemilio/ros2_ws/install/my_robot_bringup/share/my_robot_bringup//models/coast_waves_2/materials
-- Installing: /home/aemilio/ros2_ws/install/my_robot_bringup/share/my_robot_bringup//models/coast_waves_2/materials/programs
-- Installing: /home/aemilio/ros2_ws/install/my_robot_bringup/share/my_robot_bringup//models/coast_waves_2/materials/programs/GerstnerWaves_fs_330.glsl
-- Installing: /home/aemilio/ros2_ws/install/my_robot_bringup/share/my_robot_bringup//models/coast_waves_2/materials/programs/GerstnerWaves_vs_330.glsl
-- Installing: /home/aemilio/ros2_ws/install/my_robot_bringup/share/my_robot_bringup//models/coast_waves_2/materials/programs/GerstnerWaves_fs.metal
-- Installing: /home/aemilio/ros2_ws/install/my_robot_bringup/share/my_robot_bringup//models/coast_waves_2/materials/programs/GerstnerWaves_vs.metal
-- Installing: /home/aemilio/ros2_ws/install/my_robot_bringup/share/my_robot_bringup//models/coast_waves_2/materials/textures
-- Installing: /home/aemilio/ros2_ws/install/my_robot_bringup/share/my_robot_bringup//models/coast_waves_2/materials/textures/skybox_lowres.dds
-- Installing: /home/aemilio/ros2_ws/install/my_robot_bringup/share/my_robot_bringup//models/coast_waves_2/materials/textures/wave_normals.dds
-- Installing: /home/aemilio/ros2_ws/install/my_robot_bringup/share/my_robot_bringup//models/coast_waves_2/thumbnails
-- Installing: /home/aemilio/ros2_ws/install/my_robot_bringup/share/my_robot_bringup//models/coast_waves_2/thumbnails/1.png
-- Installing: /home/aemilio/ros2_ws/install/my_robot_bringup/share/my_robot_bringup//models/coast_waves_2/meshes
-- Installing: /home/aemilio/ros2_ws/install/my_robot_bringup/share/my_robot_bringup//models/coast_waves_2/meshes/waterlow.dae
-- Installing: /home/aemilio/ros2_ws/install/my_robot_bringup/share/my_robot_bringup//models/coast_waves_2/model.config
-- Installing: /home/aemilio/ros2_ws/install/my_robot_bringup/share/my_robot_bringup//models/coast_waves_2/model.sdf
-- Installing: /home/aemilio/ros2_ws/install/my_robot_bringup/share/my_robot_bringup//models/collapsed_fire_station
-- Installing: /home/aemilio/ros2_ws/install/my_robot_bringup/share/my_robot_bringup//models/collapsed_fire_station/materials
-- Installing: /home/aemilio/ros2_ws/install/my_robot_bringup/share/my_robot_bringup//models/collapsed_fire_station/materials/textures
-- Installing: /home/aemilio/ros2_ws/install/my_robot_bringup/share/my_robot_bringup//models/collapsed_fire_station/materials/textures/collapsed_fire_station_diffuse.jpg
-- Installing: /home/aemilio/ros2_ws/install/my_robot_bringup/share/my_robot_bringup//models/collapsed_fire_station/materials/textures/rubble_spec.jpg
-- Installing: /home/aemilio/ros2_ws/install/my_robot_bringup/share/my_robot_bringup//models/collapsed_fire_station/materials/textures/collapsed_firestation_spec.jpg
-- Installing: /home/aemilio/ros2_ws/install/my_robot_bringup/share/my_robot_bringup//models/collapsed_fire_station/materials/textures/rubble_diffuse.jpg
-- Installing: /home/aemilio/ros2_ws/install/my_robot_bringup/share/my_robot_bringup//models/collapsed_fire_station/thumbnails
-- Installing: /home/aemilio/ros2_ws/install/my_robot_bringup/share/my_robot_bringup//models/collapsed_fire_station/thumbnails/4.png
-- Installing: /home/aemilio/ros2_ws/install/my_robot_bringup/share/my_robot_bringup//models/collapsed_fire_station/thumbnails/5.png
-- Installing: /home/aemilio/ros2_ws/install/my_robot_bringup/share/my_robot_bringup//models/collapsed_fire_station/thumbnails/3.png
-- Installing: /home/aemilio/ros2_ws/install/my_robot_bringup/share/my_robot_bringup//models/collapsed_fire_station/thumbnails/1.png
-- Installing: /home/aemilio/ros2_ws/install/my_robot_bringup/share/my_robot_bringup//models/collapsed_fire_station/thumbnails/2.png
-- Installing: /home/aemilio/ros2_ws/install/my_robot_bringup/share/my_robot_bringup//models/collapsed_fire_station/meshes
-- Installing: /home/aemilio/ros2_ws/install/my_robot_bringup/share/my_robot_bringup//models/collapsed_fire_station/meshes/collapsed_fire_station.dae
-- Installing: /home/aemilio/ros2_ws/install/my_robot_bringup/share/my_robot_bringup//models/collapsed_fire_station/model.config
-- Installing: /home/aemilio/ros2_ws/install/my_robot_bringup/share/my_robot_bringup//models/collapsed_fire_station/model.sdf
-- Installing: /home/aemilio/ros2_ws/install/my_robot_bringup/share/my_robot_bringup//models/nathan_benderson_park
-- Installing: /home/aemilio/ros2_ws/install/my_robot_bringup/share/my_robot_bringup//models/nathan_benderson_park/materials
-- Installing: /home/aemilio/ros2_ws/install/my_robot_bringup/share/my_robot_bringup//models/nathan_benderson_park/materials/textures
-- Installing: /home/aemilio/ros2_ws/install/my_robot_bringup/share/my_robot_bringup//models/nathan_benderson_park/materials/textures/Dock_Albedo.png
-- Installing: /home/aemilio/ros2_ws/install/my_robot_bringup/share/my_robot_bringup//models/nathan_benderson_park/materials/textures/Wall_Albedo.png
-- Installing: /home/aemilio/ros2_ws/install/my_robot_bringup/share/my_robot_bringup//models/nathan_benderson_park/materials/textures/Dock_Normal.png
-- Installing: /home/aemilio/ros2_ws/install/my_robot_bringup/share/my_robot_bringup//models/nathan_benderson_park/materials/textures/Concrete_Roughness.png
-- Installing: /home/aemilio/ros2_ws/install/my_robot_bringup/share/my_robot_bringup//models/nathan_benderson_park/materials/textures/Sand_Albedo.png
-- Installing: /home/aemilio/ros2_ws/install/my_robot_bringup/share/my_robot_bringup//models/nathan_benderson_park/materials/textures/Tree_Albedo.png
-- Installing: /home/aemilio/ros2_ws/install/my_robot_bringup/share/my_robot_bringup//models/nathan_benderson_park/materials/textures/Asphalt_Roughness.png
-- Installing: /home/aemilio/ros2_ws/install/my_robot_bringup/share/my_robot_bringup//models/nathan_benderson_park/materials/textures/Roof_Roughness.png
-- Installing: /home/aemilio/ros2_ws/install/my_robot_bringup/share/my_robot_bringup//models/nathan_benderson_park/materials/textures/Railing_Metalness.png
-- Installing: /home/aemilio/ros2_ws/install/my_robot_bringup/share/my_robot_bringup//models/nathan_benderson_park/materials/textures/Road_Albedo.png
-- Installing: /home/aemilio/ros2_ws/install/my_robot_bringup/share/my_robot_bringup//models/nathan_benderson_park/materials/textures/Sand_Normal.png
-- Installing: /home/aemilio/ros2_ws/install/my_robot_bringup/share/my_robot_bringup//models/nathan_benderson_park/materials/textures/Road_Roughness.png
-- Installing: /home/aemilio/ros2_ws/install/my_robot_bringup/share/my_robot_bringup//models/nathan_benderson_park/materials/textures/Railing_Roughness.png
-- Installing: /home/aemilio/ros2_ws/install/my_robot_bringup/share/my_robot_bringup//models/nathan_benderson_park/materials/textures/flat_normal.png
-- Installing: /home/aemilio/ros2_ws/install/my_robot_bringup/share/my_robot_bringup//models/nathan_benderson_park/materials/textures/PalmTree_Albedo.png
-- Installing: /home/aemilio/ros2_ws/install/my_robot_bringup/share/my_robot_bringup//models/nathan_benderson_park/materials/textures/EnvMap.dds
-- Installing: /home/aemilio/ros2_ws/install/my_robot_bringup/share/my_robot_bringup//models/nathan_benderson_park/materials/textures/DoorWindow_Albedo.png
-- Installing: /home/aemilio/ros2_ws/install/my_robot_bringup/share/my_robot_bringup//models/nathan_benderson_park/materials/textures/Road_Normal.png
-- Installing: /home/aemilio/ros2_ws/install/my_robot_bringup/share/my_robot_bringup//models/nathan_benderson_park/materials/textures/Concrete_Normal.png
-- Installing: /home/aemilio/ros2_ws/install/my_robot_bringup/share/my_robot_bringup//models/nathan_benderson_park/materials/textures/Railing_Albedo.png
-- Installing: /home/aemilio/ros2_ws/install/my_robot_bringup/share/my_robot_bringup//models/nathan_benderson_park/materials/textures/Grass_Albedo.jpg
-- Installing: /home/aemilio/ros2_ws/install/my_robot_bringup/share/my_robot_bringup//models/nathan_benderson_park/materials/textures/Concrete_Albedo.png
-- Installing: /home/aemilio/ros2_ws/install/my_robot_bringup/share/my_robot_bringup//models/nathan_benderson_park/materials/textures/Wall_Roughness.png
-- Installing: /home/aemilio/ros2_ws/install/my_robot_bringup/share/my_robot_bringup//models/nathan_benderson_park/materials/textures/Wall_Normal.png
-- Installing: /home/aemilio/ros2_ws/install/my_robot_bringup/share/my_robot_bringup//models/nathan_benderson_park/materials/textures/Asphalt_Normal.png
-- Installing: /home/aemilio/ros2_ws/install/my_robot_bringup/share/my_robot_bringup//models/nathan_benderson_park/materials/textures/Window_Roughness.png
-- Installing: /home/aemilio/ros2_ws/install/my_robot_bringup/share/my_robot_bringup//models/nathan_benderson_park/materials/textures/Asphalt_Albedo.png
-- Installing: /home/aemilio/ros2_ws/install/my_robot_bringup/share/my_robot_bringup//models/nathan_benderson_park/materials/textures/Window_Albedo.png
-- Installing: /home/aemilio/ros2_ws/install/my_robot_bringup/share/my_robot_bringup//models/nathan_benderson_park/materials/textures/Grass_Normal.png
-- Installing: /home/aemilio/ros2_ws/install/my_robot_bringup/share/my_robot_bringup//models/nathan_benderson_park/materials/textures/Heightmap.png
-- Installing: /home/aemilio/ros2_ws/install/my_robot_bringup/share/my_robot_bringup//models/nathan_benderson_park/materials/textures/Roof_Normal.png
-- Installing: /home/aemilio/ros2_ws/install/my_robot_bringup/share/my_robot_bringup//models/nathan_benderson_park/materials/textures/Dock_Roughness.png
-- Installing: /home/aemilio/ros2_ws/install/my_robot_bringup/share/my_robot_bringup//models/nathan_benderson_park/materials/textures/Roof_Albedo.png
-- Installing: /home/aemilio/ros2_ws/install/my_robot_bringup/share/my_robot_bringup//models/nathan_benderson_park/materials/textures/PalmTree_Normal.png
-- Installing: /home/aemilio/ros2_ws/install/my_robot_bringup/share/my_robot_bringup//models/nathan_benderson_park/thumbnails
-- Installing: /home/aemilio/ros2_ws/install/my_robot_bringup/share/my_robot_bringup//models/nathan_benderson_park/thumbnails/4.png
-- Installing: /home/aemilio/ros2_ws/install/my_robot_bringup/share/my_robot_bringup//models/nathan_benderson_park/thumbnails/5.png
-- Installing: /home/aemilio/ros2_ws/install/my_robot_bringup/share/my_robot_bringup//models/nathan_benderson_park/thumbnails/3.png
-- Installing: /home/aemilio/ros2_ws/install/my_robot_bringup/share/my_robot_bringup//models/nathan_benderson_park/thumbnails/1.png
-- Installing: /home/aemilio/ros2_ws/install/my_robot_bringup/share/my_robot_bringup//models/nathan_benderson_park/thumbnails/2.png
-- Installing: /home/aemilio/ros2_ws/install/my_robot_bringup/share/my_robot_bringup//models/nathan_benderson_park/meshes
-- Installing: /home/aemilio/ros2_ws/install/my_robot_bringup/share/my_robot_bringup//models/nathan_benderson_park/meshes/nb_park.dae
-- Installing: /home/aemilio/ros2_ws/install/my_robot_bringup/share/my_robot_bringup//models/nathan_benderson_park/model.config
-- Installing: /home/aemilio/ros2_ws/install/my_robot_bringup/share/my_robot_bringup//models/nathan_benderson_park/model.sdf
-- Installing: /home/aemilio/ros2_ws/install/my_robot_bringup/share/my_robot_bringup//models/piano
-- Installing: /home/aemilio/ros2_ws/install/my_robot_bringup/share/my_robot_bringup//models/piano/thumbnails
-- Installing: /home/aemilio/ros2_ws/install/my_robot_bringup/share/my_robot_bringup//models/piano/thumbnails/Piano.png
-- Installing: /home/aemilio/ros2_ws/install/my_robot_bringup/share/my_robot_bringup//models/piano/meshes
-- Installing: /home/aemilio/ros2_ws/install/my_robot_bringup/share/my_robot_bringup//models/piano/meshes/piano.dae
-- Installing: /home/aemilio/ros2_ws/install/my_robot_bringup/share/my_robot_bringup//models/piano/model.config
-- Installing: /home/aemilio/ros2_ws/install/my_robot_bringup/share/my_robot_bringup//models/piano/model.sdf
-- Installing: /home/aemilio/ros2_ws/install/my_robot_bringup/share/my_robot_bringup//models/textures
-- Installing: /home/aemilio/ros2_ws/install/my_robot_bringup/share/my_robot_bringup//models/textures/soil_textures
-- Installing: /home/aemilio/ros2_ws/install/my_robot_bringup/share/my_robot_bringup//models/textures/soil_textures/soil_seamless_1.jpg
-- Installing: /home/aemilio/ros2_ws/install/my_robot_bringup/share/my_robot_bringup//models/textures/wood_textures
-- Installing: /home/aemilio/ros2_ws/install/my_robot_bringup/share/my_robot_bringup//models/textures/wood_textures/wood_texture_seamless_1x10.jpg
-- Installing: /home/aemilio/ros2_ws/install/my_robot_bringup/share/my_robot_bringup//models/textures/wood_textures/wood_texture_seamless_long.jpg
-- Installing: /home/aemilio/ros2_ws/install/my_robot_bringup/share/my_robot_bringup//models/textures/wood_textures/wood_texture_seamless_1x5.jpg
-- Installing: /home/aemilio/ros2_ws/install/my_robot_bringup/share/my_robot_bringup//models/textures/wood_textures/wood_texture_seamless_1.jpg
-- Installing: /home/aemilio/ros2_ws/install/my_robot_bringup/share/my_robot_bringup//models/textures/wood_textures/wood_texture_seamless_longer.jpg
-- Installing: /home/aemilio/ros2_ws/install/my_robot_bringup/share/my_robot_bringup//models/textures/stone_textures
-- Installing: /home/aemilio/ros2_ws/install/my_robot_bringup/share/my_robot_bringup//models/textures/stone_textures/stone_wall_seamless_1.jpg
-- Installing: /home/aemilio/ros2_ws/install/my_robot_bringup/share/my_robot_bringup//models/textures/grass_textures
-- Installing: /home/aemilio/ros2_ws/install/my_robot_bringup/share/my_robot_bringup//models/textures/grass_textures/green_grass_seamless.jpg
-- Installing: /home/aemilio/ros2_ws/install/my_robot_bringup/share/my_robot_bringup//models/textures/grass_textures/green_grass_circular.png
-- Installing: /home/aemilio/ros2_ws/install/my_robot_bringup/share/my_robot_bringup//models/collapsed_house
-- Installing: /home/aemilio/ros2_ws/install/my_robot_bringup/share/my_robot_bringup//models/collapsed_house/materials
-- Installing: /home/aemilio/ros2_ws/install/my_robot_bringup/share/my_robot_bringup//models/collapsed_house/materials/textures
-- Installing: /home/aemilio/ros2_ws/install/my_robot_bringup/share/my_robot_bringup//models/collapsed_house/materials/textures/collapsed_house_spec.jpg
-- Installing: /home/aemilio/ros2_ws/install/my_robot_bringup/share/my_robot_bringup//models/collapsed_house/materials/textures/collapsed_house_diffuse.jpg
-- Installing: /home/aemilio/ros2_ws/install/my_robot_bringup/share/my_robot_bringup//models/collapsed_house/thumbnails
-- Installing: /home/aemilio/ros2_ws/install/my_robot_bringup/share/my_robot_bringup//models/collapsed_house/thumbnails/4.png
-- Installing: /home/aemilio/ros2_ws/install/my_robot_bringup/share/my_robot_bringup//models/collapsed_house/thumbnails/5.png
-- Installing: /home/aemilio/ros2_ws/install/my_robot_bringup/share/my_robot_bringup//models/collapsed_house/thumbnails/3.png
-- Installing: /home/aemilio/ros2_ws/install/my_robot_bringup/share/my_robot_bringup//models/collapsed_house/thumbnails/1.png
-- Installing: /home/aemilio/ros2_ws/install/my_robot_bringup/share/my_robot_bringup//models/collapsed_house/thumbnails/2.png
-- Installing: /home/aemilio/ros2_ws/install/my_robot_bringup/share/my_robot_bringup//models/collapsed_house/metadata.pbtxt
-- Installing: /home/aemilio/ros2_ws/install/my_robot_bringup/share/my_robot_bringup//models/collapsed_house/meshes
-- Installing: /home/aemilio/ros2_ws/install/my_robot_bringup/share/my_robot_bringup//models/collapsed_house/meshes/collapsed_house.dae
-- Installing: /home/aemilio/ros2_ws/install/my_robot_bringup/share/my_robot_bringup//models/collapsed_house/model.config
-- Installing: /home/aemilio/ros2_ws/install/my_robot_bringup/share/my_robot_bringup//models/collapsed_house/model.sdf
-- Installing: /home/aemilio/ros2_ws/install/my_robot_bringup/share/my_robot_bringup//models/wooden_gazebo
-- Installing: /home/aemilio/ros2_ws/install/my_robot_bringup/share/my_robot_bringup//models/wooden_gazebo/materials
-- Installing: /home/aemilio/ros2_ws/install/my_robot_bringup/share/my_robot_bringup//models/wooden_gazebo/materials/textures
-- Installing: /home/aemilio/ros2_ws/install/my_robot_bringup/share/my_robot_bringup//models/wooden_gazebo/materials/textures/gazebo_diffuse.jpg
-- Installing: /home/aemilio/ros2_ws/install/my_robot_bringup/share/my_robot_bringup//models/wooden_gazebo/materials/textures/gazebo_spec.jpg
-- Installing: /home/aemilio/ros2_ws/install/my_robot_bringup/share/my_robot_bringup//models/wooden_gazebo/thumbnails
-- Installing: /home/aemilio/ros2_ws/install/my_robot_bringup/share/my_robot_bringup//models/wooden_gazebo/thumbnails/4.png
-- Installing: /home/aemilio/ros2_ws/install/my_robot_bringup/share/my_robot_bringup//models/wooden_gazebo/thumbnails/5.png
-- Installing: /home/aemilio/ros2_ws/install/my_robot_bringup/share/my_robot_bringup//models/wooden_gazebo/thumbnails/3.png
-- Installing: /home/aemilio/ros2_ws/install/my_robot_bringup/share/my_robot_bringup//models/wooden_gazebo/thumbnails/1.png
-- Installing: /home/aemilio/ros2_ws/install/my_robot_bringup/share/my_robot_bringup//models/wooden_gazebo/thumbnails/2.png
-- Installing: /home/aemilio/ros2_ws/install/my_robot_bringup/share/my_robot_bringup//models/wooden_gazebo/meshes
-- Installing: /home/aemilio/ros2_ws/install/my_robot_bringup/share/my_robot_bringup//models/wooden_gazebo/meshes/gazebo.dae
-- Installing: /home/aemilio/ros2_ws/install/my_robot_bringup/share/my_robot_bringup//models/wooden_gazebo/model.config
-- Installing: /home/aemilio/ros2_ws/install/my_robot_bringup/share/my_robot_bringup//models/wooden_gazebo/model.sdf
-- Installing: /home/aemilio/ros2_ws/install/my_robot_bringup/share/my_robot_bringup//models/parking_garage
-- Installing: /home/aemilio/ros2_ws/install/my_robot_bringup/share/my_robot_bringup//models/parking_garage/materials
-- Installing: /home/aemilio/ros2_ws/install/my_robot_bringup/share/my_robot_bringup//models/parking_garage/materials/textures
-- Installing: /home/aemilio/ros2_ws/install/my_robot_bringup/share/my_robot_bringup//models/parking_garage/materials/textures/parking_garage_spec.jpg
-- Installing: /home/aemilio/ros2_ws/install/my_robot_bringup/share/my_robot_bringup//models/parking_garage/materials/textures/parking_garage_diffuse.jpg
-- Installing: /home/aemilio/ros2_ws/install/my_robot_bringup/share/my_robot_bringup//models/parking_garage/thumbnails
-- Installing: /home/aemilio/ros2_ws/install/my_robot_bringup/share/my_robot_bringup//models/parking_garage/thumbnails/4.png
-- Installing: /home/aemilio/ros2_ws/install/my_robot_bringup/share/my_robot_bringup//models/parking_garage/thumbnails/5.png
-- Installing: /home/aemilio/ros2_ws/install/my_robot_bringup/share/my_robot_bringup//models/parking_garage/thumbnails/3.png
-- Installing: /home/aemilio/ros2_ws/install/my_robot_bringup/share/my_robot_bringup//models/parking_garage/thumbnails/1.png
-- Installing: /home/aemilio/ros2_ws/install/my_robot_bringup/share/my_robot_bringup//models/parking_garage/thumbnails/2.png
-- Installing: /home/aemilio/ros2_ws/install/my_robot_bringup/share/my_robot_bringup//models/parking_garage/meshes
-- Installing: /home/aemilio/ros2_ws/install/my_robot_bringup/share/my_robot_bringup//models/parking_garage/meshes/parking_garage.dae
-- Installing: /home/aemilio/ros2_ws/install/my_robot_bringup/share/my_robot_bringup//models/parking_garage/model.config
-- Installing: /home/aemilio/ros2_ws/install/my_robot_bringup/share/my_robot_bringup//models/parking_garage/model.sdf
-- Installing: /home/aemilio/ros2_ws/install/my_robot_bringup/share/my_robot_bringup//models/collapsed_industrial_building
-- Installing: /home/aemilio/ros2_ws/install/my_robot_bringup/share/my_robot_bringup//models/collapsed_industrial_building/materials
-- Installing: /home/aemilio/ros2_ws/install/my_robot_bringup/share/my_robot_bringup//models/collapsed_industrial_building/materials/textures
-- Installing: /home/aemilio/ros2_ws/install/my_robot_bringup/share/my_robot_bringup//models/collapsed_industrial_building/materials/textures/rough_concrete_diffuse.jpg
-- Installing: /home/aemilio/ros2_ws/install/my_robot_bringup/share/my_robot_bringup//models/collapsed_industrial_building/materials/textures/rough_concrete_spec.jpg
-- Installing: /home/aemilio/ros2_ws/install/my_robot_bringup/share/my_robot_bringup//models/collapsed_industrial_building/materials/textures/rubble_spec.jpg
-- Installing: /home/aemilio/ros2_ws/install/my_robot_bringup/share/my_robot_bringup//models/collapsed_industrial_building/materials/textures/collapsed_industrial_diffuse.jpg
-- Installing: /home/aemilio/ros2_ws/install/my_robot_bringup/share/my_robot_bringup//models/collapsed_industrial_building/materials/textures/collapsed_industrial_spec.jpg
-- Installing: /home/aemilio/ros2_ws/install/my_robot_bringup/share/my_robot_bringup//models/collapsed_industrial_building/materials/textures/rubble_diffuse.jpg
-- Installing: /home/aemilio/ros2_ws/install/my_robot_bringup/share/my_robot_bringup//models/collapsed_industrial_building/thumbnails
-- Installing: /home/aemilio/ros2_ws/install/my_robot_bringup/share/my_robot_bringup//models/collapsed_industrial_building/thumbnails/4.png
-- Installing: /home/aemilio/ros2_ws/install/my_robot_bringup/share/my_robot_bringup//models/collapsed_industrial_building/thumbnails/5.png
-- Installing: /home/aemilio/ros2_ws/install/my_robot_bringup/share/my_robot_bringup//models/collapsed_industrial_building/thumbnails/3.png
-- Installing: /home/aemilio/ros2_ws/install/my_robot_bringup/share/my_robot_bringup//models/collapsed_industrial_building/thumbnails/1.png
-- Installing: /home/aemilio/ros2_ws/install/my_robot_bringup/share/my_robot_bringup//models/collapsed_industrial_building/thumbnails/2.png
-- Installing: /home/aemilio/ros2_ws/install/my_robot_bringup/share/my_robot_bringup//models/collapsed_industrial_building/meshes
-- Installing: /home/aemilio/ros2_ws/install/my_robot_bringup/share/my_robot_bringup//models/collapsed_industrial_building/meshes/collapsed_industrial.dae
-- Installing: /home/aemilio/ros2_ws/install/my_robot_bringup/share/my_robot_bringup//models/collapsed_industrial_building/model.config
-- Installing: /home/aemilio/ros2_ws/install/my_robot_bringup/share/my_robot_bringup//models/collapsed_industrial_building/model.sdf
-- Installing: /home/aemilio/ros2_ws/install/my_robot_bringup/share/my_robot_bringup//models/collapsed_police_station
-- Installing: /home/aemilio/ros2_ws/install/my_robot_bringup/share/my_robot_bringup//models/collapsed_police_station/materials
-- Installing: /home/aemilio/ros2_ws/install/my_robot_bringup/share/my_robot_bringup//models/collapsed_police_station/materials/textures
-- Installing: /home/aemilio/ros2_ws/install/my_robot_bringup/share/my_robot_bringup//models/collapsed_police_station/materials/textures/rough_concrete_diffuse.jpg
-- Installing: /home/aemilio/ros2_ws/install/my_robot_bringup/share/my_robot_bringup//models/collapsed_police_station/materials/textures/collapsed_police_station_diffuse.jpg
-- Installing: /home/aemilio/ros2_ws/install/my_robot_bringup/share/my_robot_bringup//models/collapsed_police_station/materials/textures/rough_concrete_spec.jpg
-- Installing: /home/aemilio/ros2_ws/install/my_robot_bringup/share/my_robot_bringup//models/collapsed_police_station/materials/textures/rubble_spec.jpg
-- Installing: /home/aemilio/ros2_ws/install/my_robot_bringup/share/my_robot_bringup//models/collapsed_police_station/materials/textures/collapsed_police_station_spec.jpg
-- Installing: /home/aemilio/ros2_ws/install/my_robot_bringup/share/my_robot_bringup//models/collapsed_police_station/materials/textures/rubble_diffuse.jpg
-- Installing: /home/aemilio/ros2_ws/install/my_robot_bringup/share/my_robot_bringup//models/collapsed_police_station/thumbnails
-- Installing: /home/aemilio/ros2_ws/install/my_robot_bringup/share/my_robot_bringup//models/collapsed_police_station/thumbnails/4.png
-- Installing: /home/aemilio/ros2_ws/install/my_robot_bringup/share/my_robot_bringup//models/collapsed_police_station/thumbnails/5.png
-- Installing: /home/aemilio/ros2_ws/install/my_robot_bringup/share/my_robot_bringup//models/collapsed_police_station/thumbnails/3.png
-- Installing: /home/aemilio/ros2_ws/install/my_robot_bringup/share/my_robot_bringup//models/collapsed_police_station/thumbnails/1.png
-- Installing: /home/aemilio/ros2_ws/install/my_robot_bringup/share/my_robot_bringup//models/collapsed_police_station/thumbnails/2.png
-- Installing: /home/aemilio/ros2_ws/install/my_robot_bringup/share/my_robot_bringup//models/collapsed_police_station/meshes
-- Installing: /home/aemilio/ros2_ws/install/my_robot_bringup/share/my_robot_bringup//models/collapsed_police_station/meshes/collapsed_police_station.dae
-- Installing: /home/aemilio/ros2_ws/install/my_robot_bringup/share/my_robot_bringup//models/collapsed_police_station/model.config
-- Installing: /home/aemilio/ros2_ws/install/my_robot_bringup/share/my_robot_bringup//models/collapsed_police_station/model.sdf
-- Installing: /home/aemilio/ros2_ws/install/my_robot_bringup/share/ament_index/resource_index/package_run_dependencies/my_robot_bringup
-- Installing: /home/aemilio/ros2_ws/install/my_robot_bringup/share/ament_index/resource_index/parent_prefix_path/my_robot_bringup
-- Installing: /home/aemilio/ros2_ws/install/my_robot_bringup/share/my_robot_bringup/environment/ament_prefix_path.sh
-- Installing: /home/aemilio/ros2_ws/install/my_robot_bringup/share/my_robot_bringup/environment/ament_prefix_path.dsv
-- Installing: /home/aemilio/ros2_ws/install/my_robot_bringup/share/my_robot_bringup/environment/path.sh
-- Installing: /home/aemilio/ros2_ws/install/my_robot_bringup/share/my_robot_bringup/environment/path.dsv
-- Installing: /home/aemilio/ros2_ws/install/my_robot_bringup/share/my_robot_bringup/local_setup.bash
-- Installing: /home/aemilio/ros2_ws/install/my_robot_bringup/share/my_robot_bringup/local_setup.sh
-- Installing: /home/aemilio/ros2_ws/install/my_robot_bringup/share/my_robot_bringup/local_setup.zsh
-- Installing: /home/aemilio/ros2_ws/install/my_robot_bringup/share/my_robot_bringup/local_setup.dsv
-- Installing: /home/aemilio/ros2_ws/install/my_robot_bringup/share/my_robot_bringup/package.dsv
-- Installing: /home/aemilio/ros2_ws/install/my_robot_bringup/share/ament_index/resource_index/packages/my_robot_bringup
-- Installing: /home/aemilio/ros2_ws/install/my_robot_bringup/share/my_robot_bringup/cmake/my_robot_bringupConfig.cmake
-- Installing: /home/aemilio/ros2_ws/install/my_robot_bringup/share/my_robot_bringup/cmake/my_robot_bringupConfig-version.cmake
-- Installing: /home/aemilio/ros2_ws/install/my_robot_bringup/share/my_robot_bringup/package.xml
