[0.014s] Invoking command in '/home/aemilio/ros2_ws/build/my_robot_bringup': CMAKE_PREFIX_PATH=${CMAKE_PREFIX_PATH}:/opt/ros/jazzy DEBUGINFOD_URLS=https://debuginfod.ubuntu.com /usr/bin/cmake /home/aemilio/ros2_ws/src/my_robot_bringup -DCMAKE_INSTALL_PREFIX=/home/aemilio/ros2_ws/install/my_robot_bringup
[0.151s] -- The C compiler identification is GNU 13.3.0
[0.263s] -- The CXX compiler identification is GNU 13.3.0
[0.287s] -- Detecting C compiler ABI info
[0.418s] -- Detecting C compiler ABI info - done
[0.430s] -- Check for working C compiler: /usr/bin/cc - skipped
[0.431s] -- Detecting C compile features
[0.432s] -- Detecting C compile features - done
[0.444s] -- Detecting CXX compiler ABI info
[0.596s] -- Detecting CXX compiler ABI info - done
[0.605s] -- Check for working CXX compiler: /usr/bin/c++ - skipped
[0.605s] -- Detecting CXX compile features
[0.606s] -- Detecting CXX compile features - done
[0.614s] -- Found ament_cmake: 2.5.4 (/opt/ros/jazzy/share/ament_cmake/cmake)
[0.813s] -- Found Python3: /usr/bin/python3 (found version "3.12.3") found components: Interpreter 
[1.143s] -- Configuring done (1.1s)
[1.146s] -- Generating done (0.0s)
[1.147s] -- Build files have been written to: /home/aemilio/ros2_ws/build/my_robot_bringup
[1.153s] Invoked command in '/home/aemilio/ros2_ws/build/my_robot_bringup' returned '0': CMAKE_PREFIX_PATH=${CMAKE_PREFIX_PATH}:/opt/ros/jazzy DEBUGINFOD_URLS=https://debuginfod.ubuntu.com /usr/bin/cmake /home/aemilio/ros2_ws/src/my_robot_bringup -DCMAKE_INSTALL_PREFIX=/home/aemilio/ros2_ws/install/my_robot_bringup
[1.155s] Invoking command in '/home/aemilio/ros2_ws/build/my_robot_bringup': CMAKE_PREFIX_PATH=${CMAKE_PREFIX_PATH}:/opt/ros/jazzy DEBUGINFOD_URLS=https://debuginfod.ubuntu.com /usr/bin/cmake --build /home/aemilio/ros2_ws/build/my_robot_bringup -- -j16 -l16
[1.215s] Invoked command in '/home/aemilio/ros2_ws/build/my_robot_bringup' returned '0': CMAKE_PREFIX_PATH=${CMAKE_PREFIX_PATH}:/opt/ros/jazzy DEBUGINFOD_URLS=https://debuginfod.ubuntu.com /usr/bin/cmake --build /home/aemilio/ros2_ws/build/my_robot_bringup -- -j16 -l16
[1.232s] Invoking command in '/home/aemilio/ros2_ws/build/my_robot_bringup': CMAKE_PREFIX_PATH=${CMAKE_PREFIX_PATH}:/opt/ros/jazzy DEBUGINFOD_URLS=https://debuginfod.ubuntu.com /usr/bin/cmake --install /home/aemilio/ros2_ws/build/my_robot_bringup
[1.247s] -- Install configuration: ""
[1.247s] -- Installing: /home/aemilio/ros2_ws/install/my_robot_bringup/share/my_robot_bringup//launch
[1.247s] -- Installing: /home/aemilio/ros2_ws/install/my_robot_bringup/share/my_robot_bringup//launch/my_robot_gazebo.launch.xml
[1.247s] -- Installing: /home/aemilio/ros2_ws/install/my_robot_bringup/share/my_robot_bringup//config
[1.247s] -- Installing: /home/aemilio/ros2_ws/install/my_robot_bringup/share/my_robot_bringup//config/gazebo_bridge.yaml
[1.247s] -- Installing: /home/aemilio/ros2_ws/install/my_robot_bringup/share/my_robot_bringup//worlds
[1.248s] -- Installing: /home/aemilio/ros2_ws/install/my_robot_bringup/share/my_robot_bringup//worlds/test.sdf
[1.248s] -- Installing: /home/aemilio/ros2_ws/install/my_robot_bringup/share/my_robot_bringup//worlds/test_world.sdf
[1.248s] -- Installing: /home/aemilio/ros2_ws/install/my_robot_bringup/share/my_robot_bringup//worlds/waterworld.sdf
[1.248s] -- Installing: /home/aemilio/ros2_ws/install/my_robot_bringup/share/my_robot_bringup//worlds/battle_arena_example.world.sdf
[1.248s] -- Installing: /home/aemilio/ros2_ws/install/my_robot_bringup/share/my_robot_bringup//worlds/resort_arena.sdf
[1.248s] -- Installing: /home/aemilio/ros2_ws/install/my_robot_bringup/share/my_robot_bringup//worlds/waterworld_apartments.sdf
[1.248s] -- Installing: /home/aemilio/ros2_ws/install/my_robot_bringup/share/my_robot_bringup//models
[1.248s] -- Installing: /home/aemilio/ros2_ws/install/my_robot_bringup/share/my_robot_bringup//models/water_tower
[1.249s] -- Installing: /home/aemilio/ros2_ws/install/my_robot_bringup/share/my_robot_bringup//models/water_tower/materials
[1.249s] -- Installing: /home/aemilio/ros2_ws/install/my_robot_bringup/share/my_robot_bringup//models/water_tower/materials/textures
[1.249s] -- Installing: /home/aemilio/ros2_ws/install/my_robot_bringup/share/my_robot_bringup//models/water_tower/materials/textures/water_tower_spec.jpg
[1.249s] -- Installing: /home/aemilio/ros2_ws/install/my_robot_bringup/share/my_robot_bringup//models/water_tower/materials/textures/water_tower_diffuse.jpg
[1.250s] -- Installing: /home/aemilio/ros2_ws/install/my_robot_bringup/share/my_robot_bringup//models/water_tower/thumbnails
[1.250s] -- Installing: /home/aemilio/ros2_ws/install/my_robot_bringup/share/my_robot_bringup//models/water_tower/thumbnails/4.png
[1.251s] -- Installing: /home/aemilio/ros2_ws/install/my_robot_bringup/share/my_robot_bringup//models/water_tower/thumbnails/5.png
[1.251s] -- Installing: /home/aemilio/ros2_ws/install/my_robot_bringup/share/my_robot_bringup//models/water_tower/thumbnails/3.png
[1.251s] -- Installing: /home/aemilio/ros2_ws/install/my_robot_bringup/share/my_robot_bringup//models/water_tower/thumbnails/1.png
[1.251s] -- Installing: /home/aemilio/ros2_ws/install/my_robot_bringup/share/my_robot_bringup//models/water_tower/thumbnails/2.png
[1.251s] -- Installing: /home/aemilio/ros2_ws/install/my_robot_bringup/share/my_robot_bringup//models/water_tower/meshes
[1.251s] -- Installing: /home/aemilio/ros2_ws/install/my_robot_bringup/share/my_robot_bringup//models/water_tower/meshes/water_tower.dae
[1.252s] -- Installing: /home/aemilio/ros2_ws/install/my_robot_bringup/share/my_robot_bringup//models/water_tower/model.config
[1.252s] -- Installing: /home/aemilio/ros2_ws/install/my_robot_bringup/share/my_robot_bringup//models/water_tower/model.sdf
[1.252s] -- Installing: /home/aemilio/ros2_ws/install/my_robot_bringup/share/my_robot_bringup//models/office_building
[1.252s] -- Installing: /home/aemilio/ros2_ws/install/my_robot_bringup/share/my_robot_bringup//models/office_building/model-1_3.sdf
[1.252s] -- Installing: /home/aemilio/ros2_ws/install/my_robot_bringup/share/my_robot_bringup//models/office_building/thumbnails
[1.253s] -- Installing: /home/aemilio/ros2_ws/install/my_robot_bringup/share/my_robot_bringup//models/office_building/thumbnails/4.png
[1.253s] -- Installing: /home/aemilio/ros2_ws/install/my_robot_bringup/share/my_robot_bringup//models/office_building/thumbnails/5.png
[1.253s] -- Installing: /home/aemilio/ros2_ws/install/my_robot_bringup/share/my_robot_bringup//models/office_building/thumbnails/3.png
[1.253s] -- Installing: /home/aemilio/ros2_ws/install/my_robot_bringup/share/my_robot_bringup//models/office_building/thumbnails/1.png
[1.254s] -- Installing: /home/aemilio/ros2_ws/install/my_robot_bringup/share/my_robot_bringup//models/office_building/thumbnails/2.png
[1.254s] -- Installing: /home/aemilio/ros2_ws/install/my_robot_bringup/share/my_robot_bringup//models/office_building/model-1_4.sdf
[1.254s] -- Installing: /home/aemilio/ros2_ws/install/my_robot_bringup/share/my_robot_bringup//models/office_building/meshes
[1.254s] -- Installing: /home/aemilio/ros2_ws/install/my_robot_bringup/share/my_robot_bringup//models/office_building/meshes/office_building.dae
[1.254s] -- Installing: /home/aemilio/ros2_ws/install/my_robot_bringup/share/my_robot_bringup//models/office_building/model.config
[1.254s] -- Installing: /home/aemilio/ros2_ws/install/my_robot_bringup/share/my_robot_bringup//models/office_building/model.sdf
[1.255s] -- Installing: /home/aemilio/ros2_ws/install/my_robot_bringup/share/my_robot_bringup//models/coast_waves_2
[1.255s] -- Installing: /home/aemilio/ros2_ws/install/my_robot_bringup/share/my_robot_bringup//models/coast_waves_2/materials
[1.255s] -- Installing: /home/aemilio/ros2_ws/install/my_robot_bringup/share/my_robot_bringup//models/coast_waves_2/materials/programs
[1.255s] -- Installing: /home/aemilio/ros2_ws/install/my_robot_bringup/share/my_robot_bringup//models/coast_waves_2/materials/programs/GerstnerWaves_fs_330.glsl
[1.255s] -- Installing: /home/aemilio/ros2_ws/install/my_robot_bringup/share/my_robot_bringup//models/coast_waves_2/materials/programs/GerstnerWaves_vs_330.glsl
[1.255s] -- Installing: /home/aemilio/ros2_ws/install/my_robot_bringup/share/my_robot_bringup//models/coast_waves_2/materials/programs/GerstnerWaves_fs.metal
[1.255s] -- Installing: /home/aemilio/ros2_ws/install/my_robot_bringup/share/my_robot_bringup//models/coast_waves_2/materials/programs/GerstnerWaves_vs.metal
[1.256s] -- Installing: /home/aemilio/ros2_ws/install/my_robot_bringup/share/my_robot_bringup//models/coast_waves_2/materials/textures
[1.256s] -- Installing: /home/aemilio/ros2_ws/install/my_robot_bringup/share/my_robot_bringup//models/coast_waves_2/materials/textures/skybox_lowres.dds
[1.256s] -- Installing: /home/aemilio/ros2_ws/install/my_robot_bringup/share/my_robot_bringup//models/coast_waves_2/materials/textures/wave_normals.dds
[1.256s] -- Installing: /home/aemilio/ros2_ws/install/my_robot_bringup/share/my_robot_bringup//models/coast_waves_2/thumbnails
[1.256s] -- Installing: /home/aemilio/ros2_ws/install/my_robot_bringup/share/my_robot_bringup//models/coast_waves_2/thumbnails/1.png
[1.256s] -- Installing: /home/aemilio/ros2_ws/install/my_robot_bringup/share/my_robot_bringup//models/coast_waves_2/meshes
[1.257s] -- Installing: /home/aemilio/ros2_ws/install/my_robot_bringup/share/my_robot_bringup//models/coast_waves_2/meshes/waterlow.dae
[1.273s] -- Installing: /home/aemilio/ros2_ws/install/my_robot_bringup/share/my_robot_bringup//models/coast_waves_2/model.config
[1.273s] -- Installing: /home/aemilio/ros2_ws/install/my_robot_bringup/share/my_robot_bringup//models/coast_waves_2/model.sdf
[1.273s] -- Installing: /home/aemilio/ros2_ws/install/my_robot_bringup/share/my_robot_bringup//models/collapsed_fire_station
[1.274s] -- Installing: /home/aemilio/ros2_ws/install/my_robot_bringup/share/my_robot_bringup//models/collapsed_fire_station/materials
[1.274s] -- Installing: /home/aemilio/ros2_ws/install/my_robot_bringup/share/my_robot_bringup//models/collapsed_fire_station/materials/textures
[1.274s] -- Installing: /home/aemilio/ros2_ws/install/my_robot_bringup/share/my_robot_bringup//models/collapsed_fire_station/materials/textures/collapsed_fire_station_diffuse.jpg
[1.275s] -- Installing: /home/aemilio/ros2_ws/install/my_robot_bringup/share/my_robot_bringup//models/collapsed_fire_station/materials/textures/rubble_spec.jpg
[1.275s] -- Installing: /home/aemilio/ros2_ws/install/my_robot_bringup/share/my_robot_bringup//models/collapsed_fire_station/materials/textures/collapsed_firestation_spec.jpg
[1.275s] -- Installing: /home/aemilio/ros2_ws/install/my_robot_bringup/share/my_robot_bringup//models/collapsed_fire_station/materials/textures/rubble_diffuse.jpg
[1.275s] -- Installing: /home/aemilio/ros2_ws/install/my_robot_bringup/share/my_robot_bringup//models/collapsed_fire_station/thumbnails
[1.277s] -- Installing: /home/aemilio/ros2_ws/install/my_robot_bringup/share/my_robot_bringup//models/collapsed_fire_station/thumbnails/4.png
[1.277s] -- Installing: /home/aemilio/ros2_ws/install/my_robot_bringup/share/my_robot_bringup//models/collapsed_fire_station/thumbnails/5.png
[1.277s] -- Installing: /home/aemilio/ros2_ws/install/my_robot_bringup/share/my_robot_bringup//models/collapsed_fire_station/thumbnails/3.png
[1.277s] -- Installing: /home/aemilio/ros2_ws/install/my_robot_bringup/share/my_robot_bringup//models/collapsed_fire_station/thumbnails/1.png
[1.278s] -- Installing: /home/aemilio/ros2_ws/install/my_robot_bringup/share/my_robot_bringup//models/collapsed_fire_station/thumbnails/2.png
[1.278s] -- Installing: /home/aemilio/ros2_ws/install/my_robot_bringup/share/my_robot_bringup//models/collapsed_fire_station/meshes
[1.278s] -- Installing: /home/aemilio/ros2_ws/install/my_robot_bringup/share/my_robot_bringup//models/collapsed_fire_station/meshes/collapsed_fire_station.dae
[1.279s] -- Installing: /home/aemilio/ros2_ws/install/my_robot_bringup/share/my_robot_bringup//models/collapsed_fire_station/model.config
[1.279s] -- Installing: /home/aemilio/ros2_ws/install/my_robot_bringup/share/my_robot_bringup//models/collapsed_fire_station/model.sdf
[1.279s] -- Installing: /home/aemilio/ros2_ws/install/my_robot_bringup/share/my_robot_bringup//models/nathan_benderson_park
[1.279s] -- Installing: /home/aemilio/ros2_ws/install/my_robot_bringup/share/my_robot_bringup//models/nathan_benderson_park/materials
[1.280s] -- Installing: /home/aemilio/ros2_ws/install/my_robot_bringup/share/my_robot_bringup//models/nathan_benderson_park/materials/textures
[1.280s] -- Installing: /home/aemilio/ros2_ws/install/my_robot_bringup/share/my_robot_bringup//models/nathan_benderson_park/materials/textures/Dock_Albedo.png
[1.282s] -- Installing: /home/aemilio/ros2_ws/install/my_robot_bringup/share/my_robot_bringup//models/nathan_benderson_park/materials/textures/Wall_Albedo.png
[1.284s] -- Installing: /home/aemilio/ros2_ws/install/my_robot_bringup/share/my_robot_bringup//models/nathan_benderson_park/materials/textures/Dock_Normal.png
[1.305s] -- Installing: /home/aemilio/ros2_ws/install/my_robot_bringup/share/my_robot_bringup//models/nathan_benderson_park/materials/textures/Concrete_Roughness.png
[1.308s] -- Installing: /home/aemilio/ros2_ws/install/my_robot_bringup/share/my_robot_bringup//models/nathan_benderson_park/materials/textures/Sand_Albedo.png
[1.321s] -- Installing: /home/aemilio/ros2_ws/install/my_robot_bringup/share/my_robot_bringup//models/nathan_benderson_park/materials/textures/Tree_Albedo.png
[1.323s] -- Installing: /home/aemilio/ros2_ws/install/my_robot_bringup/share/my_robot_bringup//models/nathan_benderson_park/materials/textures/Asphalt_Roughness.png
[1.327s] -- Installing: /home/aemilio/ros2_ws/install/my_robot_bringup/share/my_robot_bringup//models/nathan_benderson_park/materials/textures/Roof_Roughness.png
[1.330s] -- Installing: /home/aemilio/ros2_ws/install/my_robot_bringup/share/my_robot_bringup//models/nathan_benderson_park/materials/textures/Railing_Metalness.png
[1.330s] -- Installing: /home/aemilio/ros2_ws/install/my_robot_bringup/share/my_robot_bringup//models/nathan_benderson_park/materials/textures/Road_Albedo.png
[1.336s] -- Installing: /home/aemilio/ros2_ws/install/my_robot_bringup/share/my_robot_bringup//models/nathan_benderson_park/materials/textures/Sand_Normal.png
[1.359s] -- Installing: /home/aemilio/ros2_ws/install/my_robot_bringup/share/my_robot_bringup//models/nathan_benderson_park/materials/textures/Road_Roughness.png
[1.362s] -- Installing: /home/aemilio/ros2_ws/install/my_robot_bringup/share/my_robot_bringup//models/nathan_benderson_park/materials/textures/Railing_Roughness.png
[1.363s] -- Installing: /home/aemilio/ros2_ws/install/my_robot_bringup/share/my_robot_bringup//models/nathan_benderson_park/materials/textures/flat_normal.png
[1.363s] -- Installing: /home/aemilio/ros2_ws/install/my_robot_bringup/share/my_robot_bringup//models/nathan_benderson_park/materials/textures/PalmTree_Albedo.png
[1.364s] -- Installing: /home/aemilio/ros2_ws/install/my_robot_bringup/share/my_robot_bringup//models/nathan_benderson_park/materials/textures/EnvMap.dds
[1.388s] -- Installing: /home/aemilio/ros2_ws/install/my_robot_bringup/share/my_robot_bringup//models/nathan_benderson_park/materials/textures/DoorWindow_Albedo.png
[1.390s] -- Installing: /home/aemilio/ros2_ws/install/my_robot_bringup/share/my_robot_bringup//models/nathan_benderson_park/materials/textures/Road_Normal.png
[1.413s] -- Installing: /home/aemilio/ros2_ws/install/my_robot_bringup/share/my_robot_bringup//models/nathan_benderson_park/materials/textures/Concrete_Normal.png
[1.437s] -- Installing: /home/aemilio/ros2_ws/install/my_robot_bringup/share/my_robot_bringup//models/nathan_benderson_park/materials/textures/Railing_Albedo.png
[1.437s] -- Installing: /home/aemilio/ros2_ws/install/my_robot_bringup/share/my_robot_bringup//models/nathan_benderson_park/materials/textures/Grass_Albedo.jpg
[1.440s] -- Installing: /home/aemilio/ros2_ws/install/my_robot_bringup/share/my_robot_bringup//models/nathan_benderson_park/materials/textures/Concrete_Albedo.png
[1.441s] -- Installing: /home/aemilio/ros2_ws/install/my_robot_bringup/share/my_robot_bringup//models/nathan_benderson_park/materials/textures/Wall_Roughness.png
[1.444s] -- Installing: /home/aemilio/ros2_ws/install/my_robot_bringup/share/my_robot_bringup//models/nathan_benderson_park/materials/textures/Wall_Normal.png
[1.444s] -- Installing: /home/aemilio/ros2_ws/install/my_robot_bringup/share/my_robot_bringup//models/nathan_benderson_park/materials/textures/Asphalt_Normal.png
[1.469s] -- Installing: /home/aemilio/ros2_ws/install/my_robot_bringup/share/my_robot_bringup//models/nathan_benderson_park/materials/textures/Window_Roughness.png
[1.470s] -- Installing: /home/aemilio/ros2_ws/install/my_robot_bringup/share/my_robot_bringup//models/nathan_benderson_park/materials/textures/Asphalt_Albedo.png
[1.476s] -- Installing: /home/aemilio/ros2_ws/install/my_robot_bringup/share/my_robot_bringup//models/nathan_benderson_park/materials/textures/Window_Albedo.png
[1.476s] -- Installing: /home/aemilio/ros2_ws/install/my_robot_bringup/share/my_robot_bringup//models/nathan_benderson_park/materials/textures/Grass_Normal.png
[1.506s] -- Installing: /home/aemilio/ros2_ws/install/my_robot_bringup/share/my_robot_bringup//models/nathan_benderson_park/materials/textures/Heightmap.png
[1.507s] -- Installing: /home/aemilio/ros2_ws/install/my_robot_bringup/share/my_robot_bringup//models/nathan_benderson_park/materials/textures/Roof_Normal.png
[1.513s] -- Installing: /home/aemilio/ros2_ws/install/my_robot_bringup/share/my_robot_bringup//models/nathan_benderson_park/materials/textures/Dock_Roughness.png
[1.516s] -- Installing: /home/aemilio/ros2_ws/install/my_robot_bringup/share/my_robot_bringup//models/nathan_benderson_park/materials/textures/Roof_Albedo.png
[1.522s] -- Installing: /home/aemilio/ros2_ws/install/my_robot_bringup/share/my_robot_bringup//models/nathan_benderson_park/materials/textures/PalmTree_Normal.png
[1.522s] -- Installing: /home/aemilio/ros2_ws/install/my_robot_bringup/share/my_robot_bringup//models/nathan_benderson_park/thumbnails
[1.522s] -- Installing: /home/aemilio/ros2_ws/install/my_robot_bringup/share/my_robot_bringup//models/nathan_benderson_park/thumbnails/4.png
[1.523s] -- Installing: /home/aemilio/ros2_ws/install/my_robot_bringup/share/my_robot_bringup//models/nathan_benderson_park/thumbnails/5.png
[1.523s] -- Installing: /home/aemilio/ros2_ws/install/my_robot_bringup/share/my_robot_bringup//models/nathan_benderson_park/thumbnails/3.png
[1.524s] -- Installing: /home/aemilio/ros2_ws/install/my_robot_bringup/share/my_robot_bringup//models/nathan_benderson_park/thumbnails/1.png
[1.525s] -- Installing: /home/aemilio/ros2_ws/install/my_robot_bringup/share/my_robot_bringup//models/nathan_benderson_park/thumbnails/2.png
[1.525s] -- Installing: /home/aemilio/ros2_ws/install/my_robot_bringup/share/my_robot_bringup//models/nathan_benderson_park/meshes
[1.525s] -- Installing: /home/aemilio/ros2_ws/install/my_robot_bringup/share/my_robot_bringup//models/nathan_benderson_park/meshes/nb_park.dae
[1.534s] -- Installing: /home/aemilio/ros2_ws/install/my_robot_bringup/share/my_robot_bringup//models/nathan_benderson_park/model.config
[1.534s] -- Installing: /home/aemilio/ros2_ws/install/my_robot_bringup/share/my_robot_bringup//models/nathan_benderson_park/model.sdf
[1.534s] -- Installing: /home/aemilio/ros2_ws/install/my_robot_bringup/share/my_robot_bringup//models/piano
[1.534s] -- Installing: /home/aemilio/ros2_ws/install/my_robot_bringup/share/my_robot_bringup//models/piano/thumbnails
[1.534s] -- Installing: /home/aemilio/ros2_ws/install/my_robot_bringup/share/my_robot_bringup//models/piano/thumbnails/Piano.png
[1.537s] -- Installing: /home/aemilio/ros2_ws/install/my_robot_bringup/share/my_robot_bringup//models/piano/meshes
[1.538s] -- Installing: /home/aemilio/ros2_ws/install/my_robot_bringup/share/my_robot_bringup//models/piano/meshes/piano.dae
[1.540s] -- Installing: /home/aemilio/ros2_ws/install/my_robot_bringup/share/my_robot_bringup//models/piano/model.config
[1.540s] -- Installing: /home/aemilio/ros2_ws/install/my_robot_bringup/share/my_robot_bringup//models/piano/model.sdf
[1.540s] -- Installing: /home/aemilio/ros2_ws/install/my_robot_bringup/share/my_robot_bringup//models/textures
[1.540s] -- Installing: /home/aemilio/ros2_ws/install/my_robot_bringup/share/my_robot_bringup//models/textures/soil_textures
[1.540s] -- Installing: /home/aemilio/ros2_ws/install/my_robot_bringup/share/my_robot_bringup//models/textures/soil_textures/soil_seamless_1.jpg
[1.552s] -- Installing: /home/aemilio/ros2_ws/install/my_robot_bringup/share/my_robot_bringup//models/textures/wood_textures
[1.552s] -- Installing: /home/aemilio/ros2_ws/install/my_robot_bringup/share/my_robot_bringup//models/textures/wood_textures/wood_texture_seamless_1x10.jpg
[1.564s] -- Installing: /home/aemilio/ros2_ws/install/my_robot_bringup/share/my_robot_bringup//models/textures/wood_textures/wood_texture_seamless_long.jpg
[1.568s] -- Installing: /home/aemilio/ros2_ws/install/my_robot_bringup/share/my_robot_bringup//models/textures/wood_textures/wood_texture_seamless_1x5.jpg
[1.580s] -- Installing: /home/aemilio/ros2_ws/install/my_robot_bringup/share/my_robot_bringup//models/textures/wood_textures/wood_texture_seamless_1.jpg
[1.586s] -- Installing: /home/aemilio/ros2_ws/install/my_robot_bringup/share/my_robot_bringup//models/textures/wood_textures/wood_texture_seamless_longer.jpg
[1.590s] -- Installing: /home/aemilio/ros2_ws/install/my_robot_bringup/share/my_robot_bringup//models/textures/stone_textures
[1.590s] -- Installing: /home/aemilio/ros2_ws/install/my_robot_bringup/share/my_robot_bringup//models/textures/stone_textures/stone_wall_seamless_1.jpg
[1.599s] -- Installing: /home/aemilio/ros2_ws/install/my_robot_bringup/share/my_robot_bringup//models/textures/grass_textures
[1.599s] -- Installing: /home/aemilio/ros2_ws/install/my_robot_bringup/share/my_robot_bringup//models/textures/grass_textures/green_grass_seamless.jpg
[1.603s] -- Installing: /home/aemilio/ros2_ws/install/my_robot_bringup/share/my_robot_bringup//models/textures/grass_textures/green_grass_circular.png
[1.607s] -- Installing: /home/aemilio/ros2_ws/install/my_robot_bringup/share/my_robot_bringup//models/collapsed_house
[1.607s] -- Installing: /home/aemilio/ros2_ws/install/my_robot_bringup/share/my_robot_bringup//models/collapsed_house/materials
[1.607s] -- Installing: /home/aemilio/ros2_ws/install/my_robot_bringup/share/my_robot_bringup//models/collapsed_house/materials/textures
[1.607s] -- Installing: /home/aemilio/ros2_ws/install/my_robot_bringup/share/my_robot_bringup//models/collapsed_house/materials/textures/collapsed_house_spec.jpg
[1.607s] -- Installing: /home/aemilio/ros2_ws/install/my_robot_bringup/share/my_robot_bringup//models/collapsed_house/materials/textures/collapsed_house_diffuse.jpg
[1.608s] -- Installing: /home/aemilio/ros2_ws/install/my_robot_bringup/share/my_robot_bringup//models/collapsed_house/thumbnails
[1.609s] -- Installing: /home/aemilio/ros2_ws/install/my_robot_bringup/share/my_robot_bringup//models/collapsed_house/thumbnails/4.png
[1.609s] -- Installing: /home/aemilio/ros2_ws/install/my_robot_bringup/share/my_robot_bringup//models/collapsed_house/thumbnails/5.png
[1.609s] -- Installing: /home/aemilio/ros2_ws/install/my_robot_bringup/share/my_robot_bringup//models/collapsed_house/thumbnails/3.png
[1.609s] -- Installing: /home/aemilio/ros2_ws/install/my_robot_bringup/share/my_robot_bringup//models/collapsed_house/thumbnails/1.png
[1.609s] -- Installing: /home/aemilio/ros2_ws/install/my_robot_bringup/share/my_robot_bringup//models/collapsed_house/thumbnails/2.png
[1.610s] -- Installing: /home/aemilio/ros2_ws/install/my_robot_bringup/share/my_robot_bringup//models/collapsed_house/metadata.pbtxt
[1.610s] -- Installing: /home/aemilio/ros2_ws/install/my_robot_bringup/share/my_robot_bringup//models/collapsed_house/meshes
[1.610s] -- Installing: /home/aemilio/ros2_ws/install/my_robot_bringup/share/my_robot_bringup//models/collapsed_house/meshes/collapsed_house.dae
[1.611s] -- Installing: /home/aemilio/ros2_ws/install/my_robot_bringup/share/my_robot_bringup//models/collapsed_house/model.config
[1.611s] -- Installing: /home/aemilio/ros2_ws/install/my_robot_bringup/share/my_robot_bringup//models/collapsed_house/model.sdf
[1.611s] -- Installing: /home/aemilio/ros2_ws/install/my_robot_bringup/share/my_robot_bringup//models/wooden_gazebo
[1.612s] -- Installing: /home/aemilio/ros2_ws/install/my_robot_bringup/share/my_robot_bringup//models/wooden_gazebo/materials
[1.612s] -- Installing: /home/aemilio/ros2_ws/install/my_robot_bringup/share/my_robot_bringup//models/wooden_gazebo/materials/textures
[1.612s] -- Installing: /home/aemilio/ros2_ws/install/my_robot_bringup/share/my_robot_bringup//models/wooden_gazebo/materials/textures/gazebo_diffuse.jpg
[1.613s] -- Installing: /home/aemilio/ros2_ws/install/my_robot_bringup/share/my_robot_bringup//models/wooden_gazebo/materials/textures/gazebo_spec.jpg
[1.613s] -- Installing: /home/aemilio/ros2_ws/install/my_robot_bringup/share/my_robot_bringup//models/wooden_gazebo/thumbnails
[1.613s] -- Installing: /home/aemilio/ros2_ws/install/my_robot_bringup/share/my_robot_bringup//models/wooden_gazebo/thumbnails/4.png
[1.614s] -- Installing: /home/aemilio/ros2_ws/install/my_robot_bringup/share/my_robot_bringup//models/wooden_gazebo/thumbnails/5.png
[1.615s] -- Installing: /home/aemilio/ros2_ws/install/my_robot_bringup/share/my_robot_bringup//models/wooden_gazebo/thumbnails/3.png
[1.616s] -- Installing: /home/aemilio/ros2_ws/install/my_robot_bringup/share/my_robot_bringup//models/wooden_gazebo/thumbnails/1.png
[1.619s] -- Installing: /home/aemilio/ros2_ws/install/my_robot_bringup/share/my_robot_bringup//models/wooden_gazebo/thumbnails/2.png
[1.619s] -- Installing: /home/aemilio/ros2_ws/install/my_robot_bringup/share/my_robot_bringup//models/wooden_gazebo/meshes
[1.619s] -- Installing: /home/aemilio/ros2_ws/install/my_robot_bringup/share/my_robot_bringup//models/wooden_gazebo/meshes/gazebo.dae
[1.620s] -- Installing: /home/aemilio/ros2_ws/install/my_robot_bringup/share/my_robot_bringup//models/wooden_gazebo/model.config
[1.620s] -- Installing: /home/aemilio/ros2_ws/install/my_robot_bringup/share/my_robot_bringup//models/wooden_gazebo/model.sdf
[1.621s] -- Installing: /home/aemilio/ros2_ws/install/my_robot_bringup/share/my_robot_bringup//models/parking_garage
[1.621s] -- Installing: /home/aemilio/ros2_ws/install/my_robot_bringup/share/my_robot_bringup//models/parking_garage/materials
[1.621s] -- Installing: /home/aemilio/ros2_ws/install/my_robot_bringup/share/my_robot_bringup//models/parking_garage/materials/textures
[1.621s] -- Installing: /home/aemilio/ros2_ws/install/my_robot_bringup/share/my_robot_bringup//models/parking_garage/materials/textures/parking_garage_spec.jpg
[1.622s] -- Installing: /home/aemilio/ros2_ws/install/my_robot_bringup/share/my_robot_bringup//models/parking_garage/materials/textures/parking_garage_diffuse.jpg
[1.622s] -- Installing: /home/aemilio/ros2_ws/install/my_robot_bringup/share/my_robot_bringup//models/parking_garage/thumbnails
[1.623s] -- Installing: /home/aemilio/ros2_ws/install/my_robot_bringup/share/my_robot_bringup//models/parking_garage/thumbnails/4.png
[1.623s] -- Installing: /home/aemilio/ros2_ws/install/my_robot_bringup/share/my_robot_bringup//models/parking_garage/thumbnails/5.png
[1.623s] -- Installing: /home/aemilio/ros2_ws/install/my_robot_bringup/share/my_robot_bringup//models/parking_garage/thumbnails/3.png
[1.623s] -- Installing: /home/aemilio/ros2_ws/install/my_robot_bringup/share/my_robot_bringup//models/parking_garage/thumbnails/1.png
[1.624s] -- Installing: /home/aemilio/ros2_ws/install/my_robot_bringup/share/my_robot_bringup//models/parking_garage/thumbnails/2.png
[1.625s] -- Installing: /home/aemilio/ros2_ws/install/my_robot_bringup/share/my_robot_bringup//models/parking_garage/meshes
[1.625s] -- Installing: /home/aemilio/ros2_ws/install/my_robot_bringup/share/my_robot_bringup//models/parking_garage/meshes/parking_garage.dae
[1.626s] -- Installing: /home/aemilio/ros2_ws/install/my_robot_bringup/share/my_robot_bringup//models/parking_garage/model.config
[1.626s] -- Installing: /home/aemilio/ros2_ws/install/my_robot_bringup/share/my_robot_bringup//models/parking_garage/model.sdf
[1.627s] -- Installing: /home/aemilio/ros2_ws/install/my_robot_bringup/share/my_robot_bringup//models/collapsed_industrial_building
[1.627s] -- Installing: /home/aemilio/ros2_ws/install/my_robot_bringup/share/my_robot_bringup//models/collapsed_industrial_building/materials
[1.627s] -- Installing: /home/aemilio/ros2_ws/install/my_robot_bringup/share/my_robot_bringup//models/collapsed_industrial_building/materials/textures
[1.627s] -- Installing: /home/aemilio/ros2_ws/install/my_robot_bringup/share/my_robot_bringup//models/collapsed_industrial_building/materials/textures/rough_concrete_diffuse.jpg
[1.627s] -- Installing: /home/aemilio/ros2_ws/install/my_robot_bringup/share/my_robot_bringup//models/collapsed_industrial_building/materials/textures/rough_concrete_spec.jpg
[1.627s] -- Installing: /home/aemilio/ros2_ws/install/my_robot_bringup/share/my_robot_bringup//models/collapsed_industrial_building/materials/textures/rubble_spec.jpg
[1.628s] -- Installing: /home/aemilio/ros2_ws/install/my_robot_bringup/share/my_robot_bringup//models/collapsed_industrial_building/materials/textures/collapsed_industrial_diffuse.jpg
[1.628s] -- Installing: /home/aemilio/ros2_ws/install/my_robot_bringup/share/my_robot_bringup//models/collapsed_industrial_building/materials/textures/collapsed_industrial_spec.jpg
[1.629s] -- Installing: /home/aemilio/ros2_ws/install/my_robot_bringup/share/my_robot_bringup//models/collapsed_industrial_building/materials/textures/rubble_diffuse.jpg
[1.629s] -- Installing: /home/aemilio/ros2_ws/install/my_robot_bringup/share/my_robot_bringup//models/collapsed_industrial_building/thumbnails
[1.629s] -- Installing: /home/aemilio/ros2_ws/install/my_robot_bringup/share/my_robot_bringup//models/collapsed_industrial_building/thumbnails/4.png
[1.630s] -- Installing: /home/aemilio/ros2_ws/install/my_robot_bringup/share/my_robot_bringup//models/collapsed_industrial_building/thumbnails/5.png
[1.630s] -- Installing: /home/aemilio/ros2_ws/install/my_robot_bringup/share/my_robot_bringup//models/collapsed_industrial_building/thumbnails/3.png
[1.630s] -- Installing: /home/aemilio/ros2_ws/install/my_robot_bringup/share/my_robot_bringup//models/collapsed_industrial_building/thumbnails/1.png
[1.631s] -- Installing: /home/aemilio/ros2_ws/install/my_robot_bringup/share/my_robot_bringup//models/collapsed_industrial_building/thumbnails/2.png
[1.631s] -- Installing: /home/aemilio/ros2_ws/install/my_robot_bringup/share/my_robot_bringup//models/collapsed_industrial_building/meshes
[1.631s] -- Installing: /home/aemilio/ros2_ws/install/my_robot_bringup/share/my_robot_bringup//models/collapsed_industrial_building/meshes/collapsed_industrial.dae
[1.633s] -- Installing: /home/aemilio/ros2_ws/install/my_robot_bringup/share/my_robot_bringup//models/collapsed_industrial_building/model.config
[1.633s] -- Installing: /home/aemilio/ros2_ws/install/my_robot_bringup/share/my_robot_bringup//models/collapsed_industrial_building/model.sdf
[1.633s] -- Installing: /home/aemilio/ros2_ws/install/my_robot_bringup/share/my_robot_bringup//models/collapsed_police_station
[1.633s] -- Installing: /home/aemilio/ros2_ws/install/my_robot_bringup/share/my_robot_bringup//models/collapsed_police_station/materials
[1.634s] -- Installing: /home/aemilio/ros2_ws/install/my_robot_bringup/share/my_robot_bringup//models/collapsed_police_station/materials/textures
[1.634s] -- Installing: /home/aemilio/ros2_ws/install/my_robot_bringup/share/my_robot_bringup//models/collapsed_police_station/materials/textures/rough_concrete_diffuse.jpg
[1.634s] -- Installing: /home/aemilio/ros2_ws/install/my_robot_bringup/share/my_robot_bringup//models/collapsed_police_station/materials/textures/collapsed_police_station_diffuse.jpg
[1.635s] -- Installing: /home/aemilio/ros2_ws/install/my_robot_bringup/share/my_robot_bringup//models/collapsed_police_station/materials/textures/rough_concrete_spec.jpg
[1.635s] -- Installing: /home/aemilio/ros2_ws/install/my_robot_bringup/share/my_robot_bringup//models/collapsed_police_station/materials/textures/rubble_spec.jpg
[1.635s] -- Installing: /home/aemilio/ros2_ws/install/my_robot_bringup/share/my_robot_bringup//models/collapsed_police_station/materials/textures/collapsed_police_station_spec.jpg
[1.636s] -- Installing: /home/aemilio/ros2_ws/install/my_robot_bringup/share/my_robot_bringup//models/collapsed_police_station/materials/textures/rubble_diffuse.jpg
[1.636s] -- Installing: /home/aemilio/ros2_ws/install/my_robot_bringup/share/my_robot_bringup//models/collapsed_police_station/thumbnails
[1.636s] -- Installing: /home/aemilio/ros2_ws/install/my_robot_bringup/share/my_robot_bringup//models/collapsed_police_station/thumbnails/4.png
[1.637s] -- Installing: /home/aemilio/ros2_ws/install/my_robot_bringup/share/my_robot_bringup//models/collapsed_police_station/thumbnails/5.png
[1.637s] -- Installing: /home/aemilio/ros2_ws/install/my_robot_bringup/share/my_robot_bringup//models/collapsed_police_station/thumbnails/3.png
[1.637s] -- Installing: /home/aemilio/ros2_ws/install/my_robot_bringup/share/my_robot_bringup//models/collapsed_police_station/thumbnails/1.png
[1.637s] -- Installing: /home/aemilio/ros2_ws/install/my_robot_bringup/share/my_robot_bringup//models/collapsed_police_station/thumbnails/2.png
[1.638s] -- Installing: /home/aemilio/ros2_ws/install/my_robot_bringup/share/my_robot_bringup//models/collapsed_police_station/meshes
[1.638s] -- Installing: /home/aemilio/ros2_ws/install/my_robot_bringup/share/my_robot_bringup//models/collapsed_police_station/meshes/collapsed_police_station.dae
[1.639s] -- Installing: /home/aemilio/ros2_ws/install/my_robot_bringup/share/my_robot_bringup//models/collapsed_police_station/model.config
[1.639s] -- Installing: /home/aemilio/ros2_ws/install/my_robot_bringup/share/my_robot_bringup//models/collapsed_police_station/model.sdf
[1.639s] -- Installing: /home/aemilio/ros2_ws/install/my_robot_bringup/share/ament_index/resource_index/package_run_dependencies/my_robot_bringup
[1.640s] -- Installing: /home/aemilio/ros2_ws/install/my_robot_bringup/share/ament_index/resource_index/parent_prefix_path/my_robot_bringup
[1.640s] -- Installing: /home/aemilio/ros2_ws/install/my_robot_bringup/share/my_robot_bringup/environment/ament_prefix_path.sh
[1.640s] -- Installing: /home/aemilio/ros2_ws/install/my_robot_bringup/share/my_robot_bringup/environment/ament_prefix_path.dsv
[1.640s] -- Installing: /home/aemilio/ros2_ws/install/my_robot_bringup/share/my_robot_bringup/environment/path.sh
[1.641s] -- Installing: /home/aemilio/ros2_ws/install/my_robot_bringup/share/my_robot_bringup/environment/path.dsv
[1.641s] -- Installing: /home/aemilio/ros2_ws/install/my_robot_bringup/share/my_robot_bringup/local_setup.bash
[1.641s] -- Installing: /home/aemilio/ros2_ws/install/my_robot_bringup/share/my_robot_bringup/local_setup.sh
[1.641s] -- Installing: /home/aemilio/ros2_ws/install/my_robot_bringup/share/my_robot_bringup/local_setup.zsh
[1.642s] -- Installing: /home/aemilio/ros2_ws/install/my_robot_bringup/share/my_robot_bringup/local_setup.dsv
[1.642s] -- Installing: /home/aemilio/ros2_ws/install/my_robot_bringup/share/my_robot_bringup/package.dsv
[1.642s] -- Installing: /home/aemilio/ros2_ws/install/my_robot_bringup/share/ament_index/resource_index/packages/my_robot_bringup
[1.642s] -- Installing: /home/aemilio/ros2_ws/install/my_robot_bringup/share/my_robot_bringup/cmake/my_robot_bringupConfig.cmake
[1.642s] -- Installing: /home/aemilio/ros2_ws/install/my_robot_bringup/share/my_robot_bringup/cmake/my_robot_bringupConfig-version.cmake
[1.643s] -- Installing: /home/aemilio/ros2_ws/install/my_robot_bringup/share/my_robot_bringup/package.xml
[1.647s] Invoked command in '/home/aemilio/ros2_ws/build/my_robot_bringup' returned '0': CMAKE_PREFIX_PATH=${CMAKE_PREFIX_PATH}:/opt/ros/jazzy DEBUGINFOD_URLS=https://debuginfod.ubuntu.com /usr/bin/cmake --install /home/aemilio/ros2_ws/build/my_robot_bringup
