[0.014s] Invoking command in '/home/aemilio/ros2_ws/build/my_robot_description': CMAKE_PREFIX_PATH=${CMAKE_PREFIX_PATH}:/opt/ros/jazzy DEBUGINFOD_URLS=https://debuginfod.ubuntu.com /usr/bin/cmake /home/aemilio/ros2_ws/src/my_robot_description -DCMAKE_INSTALL_PREFIX=/home/aemilio/ros2_ws/install/my_robot_description
[0.146s] -- The C compiler identification is GNU 13.3.0
[0.257s] -- The CXX compiler identification is GNU 13.3.0
[0.282s] -- Detecting C compiler ABI info
[0.412s] -- Detecting C compiler ABI info - done
[0.425s] -- Check for working C compiler: /usr/bin/cc - skipped
[0.425s] -- Detecting C compile features
[0.426s] -- Detecting C compile features - done
[0.439s] -- Detecting CXX compiler ABI info
[0.591s] -- Detecting CXX compiler ABI info - done
[0.600s] -- Check for working CXX compiler: /usr/bin/c++ - skipped
[0.600s] -- Detecting CXX compile features
[0.601s] -- Detecting CXX compile features - done
[0.609s] -- Found ament_cmake: 2.5.4 (/opt/ros/jazzy/share/ament_cmake/cmake)
[0.822s] -- Found Python3: /usr/bin/python3 (found version "3.12.3") found components: Interpreter 
[1.137s] -- Configuring done (1.1s)
[1.140s] -- Generating done (0.0s)
[1.142s] -- Build files have been written to: /home/aemilio/ros2_ws/build/my_robot_description
[1.150s] Invoked command in '/home/aemilio/ros2_ws/build/my_robot_description' returned '0': CMAKE_PREFIX_PATH=${CMAKE_PREFIX_PATH}:/opt/ros/jazzy DEBUGINFOD_URLS=https://debuginfod.ubuntu.com /usr/bin/cmake /home/aemilio/ros2_ws/src/my_robot_description -DCMAKE_INSTALL_PREFIX=/home/aemilio/ros2_ws/install/my_robot_description
[1.151s] Invoking command in '/home/aemilio/ros2_ws/build/my_robot_description': CMAKE_PREFIX_PATH=${CMAKE_PREFIX_PATH}:/opt/ros/jazzy DEBUGINFOD_URLS=https://debuginfod.ubuntu.com /usr/bin/cmake --build /home/aemilio/ros2_ws/build/my_robot_description -- -j16 -l16
[1.230s] Invoked command in '/home/aemilio/ros2_ws/build/my_robot_description' returned '0': CMAKE_PREFIX_PATH=${CMAKE_PREFIX_PATH}:/opt/ros/jazzy DEBUGINFOD_URLS=https://debuginfod.ubuntu.com /usr/bin/cmake --build /home/aemilio/ros2_ws/build/my_robot_description -- -j16 -l16
[1.232s] Invoking command in '/home/aemilio/ros2_ws/build/my_robot_description': CMAKE_PREFIX_PATH=${CMAKE_PREFIX_PATH}:/opt/ros/jazzy DEBUGINFOD_URLS=https://debuginfod.ubuntu.com /usr/bin/cmake --install /home/aemilio/ros2_ws/build/my_robot_description
[1.243s] -- Install configuration: ""
[1.244s] -- Installing: /home/aemilio/ros2_ws/install/my_robot_description/share/my_robot_description//urdf
[1.244s] -- Installing: /home/aemilio/ros2_ws/install/my_robot_description/share/my_robot_description//urdf/mobile_base_gazebo.xacro
[1.244s] -- Installing: /home/aemilio/ros2_ws/install/my_robot_description/share/my_robot_description//urdf/my_robot.urdf.xacro
[1.244s] -- Installing: /home/aemilio/ros2_ws/install/my_robot_description/share/my_robot_description//urdf/common_properties.xacro
[1.244s] -- Installing: /home/aemilio/ros2_ws/install/my_robot_description/share/my_robot_description//launch
[1.245s] -- Installing: /home/aemilio/ros2_ws/install/my_robot_description/share/my_robot_description//launch/display.launch.xml
[1.245s] -- Installing: /home/aemilio/ros2_ws/install/my_robot_description/share/ament_index/resource_index/package_run_dependencies/my_robot_description
[1.245s] -- Installing: /home/aemilio/ros2_ws/install/my_robot_description/share/ament_index/resource_index/parent_prefix_path/my_robot_description
[1.246s] -- Installing: /home/aemilio/ros2_ws/install/my_robot_description/share/my_robot_description/environment/ament_prefix_path.sh
[1.246s] -- Installing: /home/aemilio/ros2_ws/install/my_robot_description/share/my_robot_description/environment/ament_prefix_path.dsv
[1.246s] -- Installing: /home/aemilio/ros2_ws/install/my_robot_description/share/my_robot_description/environment/path.sh
[1.246s] -- Installing: /home/aemilio/ros2_ws/install/my_robot_description/share/my_robot_description/environment/path.dsv
[1.246s] -- Installing: /home/aemilio/ros2_ws/install/my_robot_description/share/my_robot_description/local_setup.bash
[1.247s] -- Installing: /home/aemilio/ros2_ws/install/my_robot_description/share/my_robot_description/local_setup.sh
[1.248s] -- Installing: /home/aemilio/ros2_ws/install/my_robot_description/share/my_robot_description/local_setup.zsh
[1.248s] -- Installing: /home/aemilio/ros2_ws/install/my_robot_description/share/my_robot_description/local_setup.dsv
[1.248s] -- Installing: /home/aemilio/ros2_ws/install/my_robot_description/share/my_robot_description/package.dsv
[1.248s] -- Installing: /home/aemilio/ros2_ws/install/my_robot_description/share/ament_index/resource_index/packages/my_robot_description
[1.248s] -- Installing: /home/aemilio/ros2_ws/install/my_robot_description/share/my_robot_description/cmake/my_robot_descriptionConfig.cmake
[1.248s] -- Installing: /home/aemilio/ros2_ws/install/my_robot_description/share/my_robot_description/cmake/my_robot_descriptionConfig-version.cmake
[1.248s] -- Installing: /home/aemilio/ros2_ws/install/my_robot_description/share/my_robot_description/package.xml
[1.252s] Invoked command in '/home/aemilio/ros2_ws/build/my_robot_description' returned '0': CMAKE_PREFIX_PATH=${CMAKE_PREFIX_PATH}:/opt/ros/jazzy DEBUGINFOD_URLS=https://debuginfod.ubuntu.com /usr/bin/cmake --install /home/aemilio/ros2_ws/build/my_robot_description
