[0.116s] DEBUG:colcon:Command line arguments: ['/usr/bin/colcon', 'build']
[0.116s] DEBUG:colcon:Parsed command line arguments: Namespace(log_base=None, log_level=None, verb_name='build', build_base='build', install_base='install', merge_install=False, symlink_install=False, test_result_base=None, continue_on_error=False, executor='parallel', parallel_workers=16, event_handlers=None, ignore_user_meta=False, metas=['./colcon.meta'], base_paths=['.'], packages_ignore=None, packages_ignore_regex=None, paths=None, packages_up_to=None, packages_up_to_regex=None, packages_above=None, packages_above_and_dependencies=None, packages_above_depth=None, packages_select_by_dep=None, packages_skip_by_dep=None, packages_skip_up_to=None, packages_select_build_failed=False, packages_skip_build_finished=False, packages_select_test_failures=False, packages_skip_test_passed=False, packages_select=None, packages_skip=None, packages_select_regex=None, packages_skip_regex=None, packages_start=None, packages_end=None, allow_overriding=[], cmake_args=None, cmake_target=None, cmake_target_skip_unavailable=False, cmake_clean_cache=False, cmake_clean_first=False, cmake_force_configure=False, ament_cmake_args=None, catkin_cmake_args=None, catkin_skip_building_tests=False, mixin_files=None, mixin=None, verb_parser=<colcon_mixin.mixin.mixin_argument.MixinArgumentDecorator object at 0x70fbcf297740>, verb_extension=<colcon_core.verb.build.BuildVerb object at 0x70fbcf297470>, main=<bound method BuildVerb.main of <colcon_core.verb.build.BuildVerb object at 0x70fbcf297470>>, mixin_verb=('build',))
[0.160s] Level 1:colcon.colcon_core.package_discovery:discover_packages(colcon_meta) check parameters
[0.160s] Level 1:colcon.colcon_core.package_discovery:discover_packages(recursive) check parameters
[0.160s] Level 1:colcon.colcon_core.package_discovery:discover_packages(ignore) check parameters
[0.160s] Level 1:colcon.colcon_core.package_discovery:discover_packages(path) check parameters
[0.160s] Level 1:colcon.colcon_core.package_discovery:discover_packages(colcon_meta) discover
[0.160s] Level 1:colcon.colcon_core.package_discovery:discover_packages(recursive) discover
[0.160s] INFO:colcon.colcon_core.package_discovery:Crawling recursively for packages in '/home/aemilio/ros2_ws'
[0.160s] Level 1:colcon.colcon_core.package_identification:_identify(.) by extensions ['ignore', 'ignore_ament_install']
[0.160s] Level 1:colcon.colcon_core.package_identification:_identify(.) by extension 'ignore'
[0.160s] Level 1:colcon.colcon_core.package_identification:_identify(.) by extension 'ignore_ament_install'
[0.160s] Level 1:colcon.colcon_core.package_identification:_identify(.) by extensions ['colcon_pkg']
[0.160s] Level 1:colcon.colcon_core.package_identification:_identify(.) by extension 'colcon_pkg'
[0.160s] Level 1:colcon.colcon_core.package_identification:_identify(.) by extensions ['colcon_meta']
[0.161s] Level 1:colcon.colcon_core.package_identification:_identify(.) by extension 'colcon_meta'
[0.161s] Level 1:colcon.colcon_core.package_identification:_identify(.) by extensions ['ros']
[0.161s] Level 1:colcon.colcon_core.package_identification:_identify(.) by extension 'ros'
[0.190s] Level 1:colcon.colcon_core.package_identification:_identify(.) by extensions ['cmake', 'python']
[0.190s] Level 1:colcon.colcon_core.package_identification:_identify(.) by extension 'cmake'
[0.190s] Level 1:colcon.colcon_core.package_identification:_identify(.) by extension 'python'
[0.190s] Level 1:colcon.colcon_core.package_identification:_identify(.) by extensions ['python_setup_py']
[0.190s] Level 1:colcon.colcon_core.package_identification:_identify(.) by extension 'python_setup_py'
[0.190s] Level 1:colcon.colcon_core.package_identification:_identify(build) by extensions ['ignore', 'ignore_ament_install']
[0.190s] Level 1:colcon.colcon_core.package_identification:_identify(build) by extension 'ignore'
[0.190s] Level 1:colcon.colcon_core.package_identification:_identify(build) ignored
[0.190s] Level 1:colcon.colcon_core.package_identification:_identify(install) by extensions ['ignore', 'ignore_ament_install']
[0.190s] Level 1:colcon.colcon_core.package_identification:_identify(install) by extension 'ignore'
[0.191s] Level 1:colcon.colcon_core.package_identification:_identify(install) ignored
[0.191s] Level 1:colcon.colcon_core.package_identification:_identify(log) by extensions ['ignore', 'ignore_ament_install']
[0.191s] Level 1:colcon.colcon_core.package_identification:_identify(log) by extension 'ignore'
[0.191s] Level 1:colcon.colcon_core.package_identification:_identify(log) ignored
[0.191s] Level 1:colcon.colcon_core.package_identification:_identify(src) by extensions ['ignore', 'ignore_ament_install']
[0.191s] Level 1:colcon.colcon_core.package_identification:_identify(src) by extension 'ignore'
[0.191s] Level 1:colcon.colcon_core.package_identification:_identify(src) by extension 'ignore_ament_install'
[0.191s] Level 1:colcon.colcon_core.package_identification:_identify(src) by extensions ['colcon_pkg']
[0.191s] Level 1:colcon.colcon_core.package_identification:_identify(src) by extension 'colcon_pkg'
[0.191s] Level 1:colcon.colcon_core.package_identification:_identify(src) by extensions ['colcon_meta']
[0.191s] Level 1:colcon.colcon_core.package_identification:_identify(src) by extension 'colcon_meta'
[0.191s] Level 1:colcon.colcon_core.package_identification:_identify(src) by extensions ['ros']
[0.191s] Level 1:colcon.colcon_core.package_identification:_identify(src) by extension 'ros'
[0.191s] Level 1:colcon.colcon_core.package_identification:_identify(src) by extensions ['cmake', 'python']
[0.191s] Level 1:colcon.colcon_core.package_identification:_identify(src) by extension 'cmake'
[0.191s] Level 1:colcon.colcon_core.package_identification:_identify(src) by extension 'python'
[0.191s] Level 1:colcon.colcon_core.package_identification:_identify(src) by extensions ['python_setup_py']
[0.191s] Level 1:colcon.colcon_core.package_identification:_identify(src) by extension 'python_setup_py'
[0.191s] Level 1:colcon.colcon_core.package_identification:_identify(src/my_robot_bringup) by extensions ['ignore', 'ignore_ament_install']
[0.192s] Level 1:colcon.colcon_core.package_identification:_identify(src/my_robot_bringup) by extension 'ignore'
[0.192s] Level 1:colcon.colcon_core.package_identification:_identify(src/my_robot_bringup) by extension 'ignore_ament_install'
[0.192s] Level 1:colcon.colcon_core.package_identification:_identify(src/my_robot_bringup) by extensions ['colcon_pkg']
[0.192s] Level 1:colcon.colcon_core.package_identification:_identify(src/my_robot_bringup) by extension 'colcon_pkg'
[0.192s] Level 1:colcon.colcon_core.package_identification:_identify(src/my_robot_bringup) by extensions ['colcon_meta']
[0.192s] Level 1:colcon.colcon_core.package_identification:_identify(src/my_robot_bringup) by extension 'colcon_meta'
[0.192s] Level 1:colcon.colcon_core.package_identification:_identify(src/my_robot_bringup) by extensions ['ros']
[0.192s] Level 1:colcon.colcon_core.package_identification:_identify(src/my_robot_bringup) by extension 'ros'
[0.194s] DEBUG:colcon.colcon_core.package_identification:Package 'src/my_robot_bringup' with type 'ros.ament_cmake' and name 'my_robot_bringup'
[0.194s] Level 1:colcon.colcon_core.package_identification:_identify(src/my_robot_description) by extensions ['ignore', 'ignore_ament_install']
[0.195s] Level 1:colcon.colcon_core.package_identification:_identify(src/my_robot_description) by extension 'ignore'
[0.195s] Level 1:colcon.colcon_core.package_identification:_identify(src/my_robot_description) by extension 'ignore_ament_install'
[0.195s] Level 1:colcon.colcon_core.package_identification:_identify(src/my_robot_description) by extensions ['colcon_pkg']
[0.195s] Level 1:colcon.colcon_core.package_identification:_identify(src/my_robot_description) by extension 'colcon_pkg'
[0.195s] Level 1:colcon.colcon_core.package_identification:_identify(src/my_robot_description) by extensions ['colcon_meta']
[0.195s] Level 1:colcon.colcon_core.package_identification:_identify(src/my_robot_description) by extension 'colcon_meta'
[0.195s] Level 1:colcon.colcon_core.package_identification:_identify(src/my_robot_description) by extensions ['ros']
[0.195s] Level 1:colcon.colcon_core.package_identification:_identify(src/my_robot_description) by extension 'ros'
[0.195s] DEBUG:colcon.colcon_core.package_identification:Package 'src/my_robot_description' with type 'ros.ament_cmake' and name 'my_robot_description'
[0.195s] Level 1:colcon.colcon_core.package_discovery:discover_packages(recursive) using defaults
[0.195s] Level 1:colcon.colcon_core.package_discovery:discover_packages(ignore) discover
[0.195s] Level 1:colcon.colcon_core.package_discovery:discover_packages(ignore) using defaults
[0.195s] Level 1:colcon.colcon_core.package_discovery:discover_packages(path) discover
[0.195s] Level 1:colcon.colcon_core.package_discovery:discover_packages(path) using defaults
[0.212s] Level 1:colcon.colcon_core.package_discovery:discover_packages(prefix_path) check parameters
[0.212s] Level 1:colcon.colcon_core.package_discovery:discover_packages(prefix_path) discover
[0.215s] DEBUG:colcon.colcon_installed_package_information.package_discovery:Found 2 installed packages in /home/aemilio/ros2_ws/install
[0.218s] DEBUG:colcon.colcon_installed_package_information.package_discovery:Found 315 installed packages in /opt/ros/jazzy
[0.220s] Level 1:colcon.colcon_core.package_discovery:discover_packages(prefix_path) using defaults
[0.262s] Level 5:colcon.colcon_core.verb:set package 'my_robot_bringup' build argument 'cmake_args' from command line to 'None'
[0.262s] Level 5:colcon.colcon_core.verb:set package 'my_robot_bringup' build argument 'cmake_target' from command line to 'None'
[0.263s] Level 5:colcon.colcon_core.verb:set package 'my_robot_bringup' build argument 'cmake_target_skip_unavailable' from command line to 'False'
[0.263s] Level 5:colcon.colcon_core.verb:set package 'my_robot_bringup' build argument 'cmake_clean_cache' from command line to 'False'
[0.263s] Level 5:colcon.colcon_core.verb:set package 'my_robot_bringup' build argument 'cmake_clean_first' from command line to 'False'
[0.263s] Level 5:colcon.colcon_core.verb:set package 'my_robot_bringup' build argument 'cmake_force_configure' from command line to 'False'
[0.263s] Level 5:colcon.colcon_core.verb:set package 'my_robot_bringup' build argument 'ament_cmake_args' from command line to 'None'
[0.263s] Level 5:colcon.colcon_core.verb:set package 'my_robot_bringup' build argument 'catkin_cmake_args' from command line to 'None'
[0.263s] Level 5:colcon.colcon_core.verb:set package 'my_robot_bringup' build argument 'catkin_skip_building_tests' from command line to 'False'
[0.263s] DEBUG:colcon.colcon_core.verb:Building package 'my_robot_bringup' with the following arguments: {'ament_cmake_args': None, 'build_base': '/home/aemilio/ros2_ws/build/my_robot_bringup', 'catkin_cmake_args': None, 'catkin_skip_building_tests': False, 'cmake_args': None, 'cmake_clean_cache': False, 'cmake_clean_first': False, 'cmake_force_configure': False, 'cmake_target': None, 'cmake_target_skip_unavailable': False, 'install_base': '/home/aemilio/ros2_ws/install/my_robot_bringup', 'merge_install': False, 'path': '/home/aemilio/ros2_ws/src/my_robot_bringup', 'symlink_install': False, 'test_result_base': None}
[0.263s] Level 5:colcon.colcon_core.verb:set package 'my_robot_description' build argument 'cmake_args' from command line to 'None'
[0.263s] Level 5:colcon.colcon_core.verb:set package 'my_robot_description' build argument 'cmake_target' from command line to 'None'
[0.263s] Level 5:colcon.colcon_core.verb:set package 'my_robot_description' build argument 'cmake_target_skip_unavailable' from command line to 'False'
[0.263s] Level 5:colcon.colcon_core.verb:set package 'my_robot_description' build argument 'cmake_clean_cache' from command line to 'False'
[0.263s] Level 5:colcon.colcon_core.verb:set package 'my_robot_description' build argument 'cmake_clean_first' from command line to 'False'
[0.263s] Level 5:colcon.colcon_core.verb:set package 'my_robot_description' build argument 'cmake_force_configure' from command line to 'False'
[0.263s] Level 5:colcon.colcon_core.verb:set package 'my_robot_description' build argument 'ament_cmake_args' from command line to 'None'
[0.263s] Level 5:colcon.colcon_core.verb:set package 'my_robot_description' build argument 'catkin_cmake_args' from command line to 'None'
[0.263s] Level 5:colcon.colcon_core.verb:set package 'my_robot_description' build argument 'catkin_skip_building_tests' from command line to 'False'
[0.263s] DEBUG:colcon.colcon_core.verb:Building package 'my_robot_description' with the following arguments: {'ament_cmake_args': None, 'build_base': '/home/aemilio/ros2_ws/build/my_robot_description', 'catkin_cmake_args': None, 'catkin_skip_building_tests': False, 'cmake_args': None, 'cmake_clean_cache': False, 'cmake_clean_first': False, 'cmake_force_configure': False, 'cmake_target': None, 'cmake_target_skip_unavailable': False, 'install_base': '/home/aemilio/ros2_ws/install/my_robot_description', 'merge_install': False, 'path': '/home/aemilio/ros2_ws/src/my_robot_description', 'symlink_install': False, 'test_result_base': None}
[0.263s] INFO:colcon.colcon_core.executor:Executing jobs using 'parallel' executor
[0.264s] DEBUG:colcon.colcon_parallel_executor.executor.parallel:run_until_complete
[0.264s] INFO:colcon.colcon_ros.task.ament_cmake.build:Building ROS package in '/home/aemilio/ros2_ws/src/my_robot_bringup' with build type 'ament_cmake'
[0.265s] INFO:colcon.colcon_cmake.task.cmake.build:Building CMake package in '/home/aemilio/ros2_ws/src/my_robot_bringup'
[0.266s] INFO:colcon.colcon_core.plugin_system:Skipping extension 'colcon_core.shell.bat': Not used on non-Windows systems
[0.266s] INFO:colcon.colcon_core.shell:Skip shell extension 'powershell' for command environment: Not usable outside of PowerShell
[0.267s] DEBUG:colcon.colcon_core.shell:Skip shell extension 'dsv' for command environment
[0.270s] INFO:colcon.colcon_ros.task.ament_cmake.build:Building ROS package in '/home/aemilio/ros2_ws/src/my_robot_description' with build type 'ament_cmake'
[0.270s] INFO:colcon.colcon_cmake.task.cmake.build:Building CMake package in '/home/aemilio/ros2_ws/src/my_robot_description'
[0.270s] INFO:colcon.colcon_core.shell:Skip shell extension 'powershell' for command environment: Not usable outside of PowerShell
[0.270s] DEBUG:colcon.colcon_core.shell:Skip shell extension 'dsv' for command environment
[0.278s] DEBUG:colcon.colcon_core.event_handler.log_command:Invoking command in '/home/aemilio/ros2_ws/build/my_robot_bringup': CMAKE_PREFIX_PATH=${CMAKE_PREFIX_PATH}:/opt/ros/jazzy DEBUGINFOD_URLS=https://debuginfod.ubuntu.com /usr/bin/cmake --build /home/aemilio/ros2_ws/build/my_robot_bringup -- -j16 -l16
[0.288s] DEBUG:colcon.colcon_core.event_handler.log_command:Invoking command in '/home/aemilio/ros2_ws/build/my_robot_description': CMAKE_PREFIX_PATH=${CMAKE_PREFIX_PATH}:/opt/ros/jazzy DEBUGINFOD_URLS=https://debuginfod.ubuntu.com /usr/bin/cmake --build /home/aemilio/ros2_ws/build/my_robot_description -- -j16 -l16
[0.343s] DEBUG:colcon.colcon_core.event_handler.log_command:Invoked command in '/home/aemilio/ros2_ws/build/my_robot_bringup' returned '0': CMAKE_PREFIX_PATH=${CMAKE_PREFIX_PATH}:/opt/ros/jazzy DEBUGINFOD_URLS=https://debuginfod.ubuntu.com /usr/bin/cmake --build /home/aemilio/ros2_ws/build/my_robot_bringup -- -j16 -l16
[0.357s] DEBUG:colcon.colcon_core.event_handler.log_command:Invoking command in '/home/aemilio/ros2_ws/build/my_robot_bringup': CMAKE_PREFIX_PATH=${CMAKE_PREFIX_PATH}:/opt/ros/jazzy DEBUGINFOD_URLS=https://debuginfod.ubuntu.com /usr/bin/cmake --install /home/aemilio/ros2_ws/build/my_robot_bringup
[0.360s] DEBUG:colcon.colcon_core.event_handler.log_command:Invoked command in '/home/aemilio/ros2_ws/build/my_robot_description' returned '0': CMAKE_PREFIX_PATH=${CMAKE_PREFIX_PATH}:/opt/ros/jazzy DEBUGINFOD_URLS=https://debuginfod.ubuntu.com /usr/bin/cmake --build /home/aemilio/ros2_ws/build/my_robot_description -- -j16 -l16
[0.362s] DEBUG:colcon.colcon_core.event_handler.log_command:Invoking command in '/home/aemilio/ros2_ws/build/my_robot_description': CMAKE_PREFIX_PATH=${CMAKE_PREFIX_PATH}:/opt/ros/jazzy DEBUGINFOD_URLS=https://debuginfod.ubuntu.com /usr/bin/cmake --install /home/aemilio/ros2_ws/build/my_robot_description
[0.391s] Level 1:colcon.colcon_core.environment:create_environment_scripts_only(my_robot_description)
[0.401s] DEBUG:colcon.colcon_core.event_handler.log_command:Invoked command in '/home/aemilio/ros2_ws/build/my_robot_description' returned '0': CMAKE_PREFIX_PATH=${CMAKE_PREFIX_PATH}:/opt/ros/jazzy DEBUGINFOD_URLS=https://debuginfod.ubuntu.com /usr/bin/cmake --install /home/aemilio/ros2_ws/build/my_robot_description
[0.402s] Level 1:colcon.colcon_core.environment:checking '/home/aemilio/ros2_ws/install/my_robot_description' for CMake module files
[0.403s] Level 1:colcon.colcon_core.environment:checking '/home/aemilio/ros2_ws/install/my_robot_description' for CMake config files
[0.403s] Level 1:colcon.colcon_core.shell:create_environment_hook('my_robot_description', 'cmake_prefix_path')
[0.403s] INFO:colcon.colcon_core.shell:Creating environment hook '/home/aemilio/ros2_ws/install/my_robot_description/share/my_robot_description/hook/cmake_prefix_path.ps1'
[0.403s] INFO:colcon.colcon_core.shell:Creating environment descriptor '/home/aemilio/ros2_ws/install/my_robot_description/share/my_robot_description/hook/cmake_prefix_path.dsv'
[0.404s] INFO:colcon.colcon_core.shell:Creating environment hook '/home/aemilio/ros2_ws/install/my_robot_description/share/my_robot_description/hook/cmake_prefix_path.sh'
[0.405s] Level 1:colcon.colcon_core.environment:checking '/home/aemilio/ros2_ws/install/my_robot_description/bin'
[0.405s] Level 1:colcon.colcon_core.environment:checking '/home/aemilio/ros2_ws/install/my_robot_description/lib/pkgconfig/my_robot_description.pc'
[0.405s] Level 1:colcon.colcon_core.environment:checking '/home/aemilio/ros2_ws/install/my_robot_description/lib/python3.12/site-packages'
[0.405s] Level 1:colcon.colcon_core.environment:checking '/home/aemilio/ros2_ws/install/my_robot_description/bin'
[0.405s] INFO:colcon.colcon_core.shell:Creating package script '/home/aemilio/ros2_ws/install/my_robot_description/share/my_robot_description/package.ps1'
[0.406s] INFO:colcon.colcon_core.shell:Creating package descriptor '/home/aemilio/ros2_ws/install/my_robot_description/share/my_robot_description/package.dsv'
[0.406s] INFO:colcon.colcon_core.shell:Creating package script '/home/aemilio/ros2_ws/install/my_robot_description/share/my_robot_description/package.sh'
[0.407s] INFO:colcon.colcon_core.shell:Creating package script '/home/aemilio/ros2_ws/install/my_robot_description/share/my_robot_description/package.bash'
[0.407s] INFO:colcon.colcon_core.shell:Creating package script '/home/aemilio/ros2_ws/install/my_robot_description/share/my_robot_description/package.zsh'
[0.408s] Level 1:colcon.colcon_core.environment:create_file_with_runtime_dependencies(/home/aemilio/ros2_ws/install/my_robot_description/share/colcon-core/packages/my_robot_description)
[0.409s] Level 1:colcon.colcon_core.environment:create_environment_scripts_only(my_robot_description)
[0.409s] Level 1:colcon.colcon_core.environment:checking '/home/aemilio/ros2_ws/install/my_robot_description' for CMake module files
[0.409s] Level 1:colcon.colcon_core.environment:checking '/home/aemilio/ros2_ws/install/my_robot_description' for CMake config files
[0.410s] Level 1:colcon.colcon_core.shell:create_environment_hook('my_robot_description', 'cmake_prefix_path')
[0.410s] INFO:colcon.colcon_core.shell:Creating environment hook '/home/aemilio/ros2_ws/install/my_robot_description/share/my_robot_description/hook/cmake_prefix_path.ps1'
[0.410s] INFO:colcon.colcon_core.shell:Creating environment descriptor '/home/aemilio/ros2_ws/install/my_robot_description/share/my_robot_description/hook/cmake_prefix_path.dsv'
[0.410s] INFO:colcon.colcon_core.shell:Creating environment hook '/home/aemilio/ros2_ws/install/my_robot_description/share/my_robot_description/hook/cmake_prefix_path.sh'
[0.411s] Level 1:colcon.colcon_core.environment:checking '/home/aemilio/ros2_ws/install/my_robot_description/bin'
[0.411s] Level 1:colcon.colcon_core.environment:checking '/home/aemilio/ros2_ws/install/my_robot_description/lib/pkgconfig/my_robot_description.pc'
[0.411s] Level 1:colcon.colcon_core.environment:checking '/home/aemilio/ros2_ws/install/my_robot_description/lib/python3.12/site-packages'
[0.411s] Level 1:colcon.colcon_core.environment:checking '/home/aemilio/ros2_ws/install/my_robot_description/bin'
[0.411s] INFO:colcon.colcon_core.shell:Creating package script '/home/aemilio/ros2_ws/install/my_robot_description/share/my_robot_description/package.ps1'
[0.412s] INFO:colcon.colcon_core.shell:Creating package descriptor '/home/aemilio/ros2_ws/install/my_robot_description/share/my_robot_description/package.dsv'
[0.413s] INFO:colcon.colcon_core.shell:Creating package script '/home/aemilio/ros2_ws/install/my_robot_description/share/my_robot_description/package.sh'
[0.414s] INFO:colcon.colcon_core.shell:Creating package script '/home/aemilio/ros2_ws/install/my_robot_description/share/my_robot_description/package.bash'
[0.414s] INFO:colcon.colcon_core.shell:Creating package script '/home/aemilio/ros2_ws/install/my_robot_description/share/my_robot_description/package.zsh'
[0.415s] Level 1:colcon.colcon_core.environment:create_file_with_runtime_dependencies(/home/aemilio/ros2_ws/install/my_robot_description/share/colcon-core/packages/my_robot_description)
[0.417s] Level 1:colcon.colcon_core.environment:create_environment_scripts_only(my_robot_bringup)
[0.417s] Level 1:colcon.colcon_core.environment:checking '/home/aemilio/ros2_ws/install/my_robot_bringup' for CMake module files
[0.418s] DEBUG:colcon.colcon_core.event_handler.log_command:Invoked command in '/home/aemilio/ros2_ws/build/my_robot_bringup' returned '0': CMAKE_PREFIX_PATH=${CMAKE_PREFIX_PATH}:/opt/ros/jazzy DEBUGINFOD_URLS=https://debuginfod.ubuntu.com /usr/bin/cmake --install /home/aemilio/ros2_ws/build/my_robot_bringup
[0.418s] Level 1:colcon.colcon_core.environment:checking '/home/aemilio/ros2_ws/install/my_robot_bringup' for CMake config files
[0.418s] Level 1:colcon.colcon_core.shell:create_environment_hook('my_robot_bringup', 'cmake_prefix_path')
[0.418s] INFO:colcon.colcon_core.shell:Creating environment hook '/home/aemilio/ros2_ws/install/my_robot_bringup/share/my_robot_bringup/hook/cmake_prefix_path.ps1'
[0.419s] INFO:colcon.colcon_core.shell:Creating environment descriptor '/home/aemilio/ros2_ws/install/my_robot_bringup/share/my_robot_bringup/hook/cmake_prefix_path.dsv'
[0.419s] INFO:colcon.colcon_core.shell:Creating environment hook '/home/aemilio/ros2_ws/install/my_robot_bringup/share/my_robot_bringup/hook/cmake_prefix_path.sh'
[0.420s] Level 1:colcon.colcon_core.environment:checking '/home/aemilio/ros2_ws/install/my_robot_bringup/bin'
[0.420s] Level 1:colcon.colcon_core.environment:checking '/home/aemilio/ros2_ws/install/my_robot_bringup/lib/pkgconfig/my_robot_bringup.pc'
[0.420s] Level 1:colcon.colcon_core.environment:checking '/home/aemilio/ros2_ws/install/my_robot_bringup/lib/python3.12/site-packages'
[0.420s] Level 1:colcon.colcon_core.environment:checking '/home/aemilio/ros2_ws/install/my_robot_bringup/bin'
[0.420s] INFO:colcon.colcon_core.shell:Creating package script '/home/aemilio/ros2_ws/install/my_robot_bringup/share/my_robot_bringup/package.ps1'
[0.421s] INFO:colcon.colcon_core.shell:Creating package descriptor '/home/aemilio/ros2_ws/install/my_robot_bringup/share/my_robot_bringup/package.dsv'
[0.421s] INFO:colcon.colcon_core.shell:Creating package script '/home/aemilio/ros2_ws/install/my_robot_bringup/share/my_robot_bringup/package.sh'
[0.421s] INFO:colcon.colcon_core.shell:Creating package script '/home/aemilio/ros2_ws/install/my_robot_bringup/share/my_robot_bringup/package.bash'
[0.422s] INFO:colcon.colcon_core.shell:Creating package script '/home/aemilio/ros2_ws/install/my_robot_bringup/share/my_robot_bringup/package.zsh'
[0.422s] Level 1:colcon.colcon_core.environment:create_file_with_runtime_dependencies(/home/aemilio/ros2_ws/install/my_robot_bringup/share/colcon-core/packages/my_robot_bringup)
[0.422s] Level 1:colcon.colcon_core.environment:create_environment_scripts_only(my_robot_bringup)
[0.423s] Level 1:colcon.colcon_core.environment:checking '/home/aemilio/ros2_ws/install/my_robot_bringup' for CMake module files
[0.423s] Level 1:colcon.colcon_core.environment:checking '/home/aemilio/ros2_ws/install/my_robot_bringup' for CMake config files
[0.423s] Level 1:colcon.colcon_core.shell:create_environment_hook('my_robot_bringup', 'cmake_prefix_path')
[0.423s] INFO:colcon.colcon_core.shell:Creating environment hook '/home/aemilio/ros2_ws/install/my_robot_bringup/share/my_robot_bringup/hook/cmake_prefix_path.ps1'
[0.424s] INFO:colcon.colcon_core.shell:Creating environment descriptor '/home/aemilio/ros2_ws/install/my_robot_bringup/share/my_robot_bringup/hook/cmake_prefix_path.dsv'
[0.424s] INFO:colcon.colcon_core.shell:Creating environment hook '/home/aemilio/ros2_ws/install/my_robot_bringup/share/my_robot_bringup/hook/cmake_prefix_path.sh'
[0.425s] Level 1:colcon.colcon_core.environment:checking '/home/aemilio/ros2_ws/install/my_robot_bringup/bin'
[0.425s] Level 1:colcon.colcon_core.environment:checking '/home/aemilio/ros2_ws/install/my_robot_bringup/lib/pkgconfig/my_robot_bringup.pc'
[0.425s] Level 1:colcon.colcon_core.environment:checking '/home/aemilio/ros2_ws/install/my_robot_bringup/lib/python3.12/site-packages'
[0.426s] Level 1:colcon.colcon_core.environment:checking '/home/aemilio/ros2_ws/install/my_robot_bringup/bin'
[0.426s] INFO:colcon.colcon_core.shell:Creating package script '/home/aemilio/ros2_ws/install/my_robot_bringup/share/my_robot_bringup/package.ps1'
[0.427s] INFO:colcon.colcon_core.shell:Creating package descriptor '/home/aemilio/ros2_ws/install/my_robot_bringup/share/my_robot_bringup/package.dsv'
[0.427s] INFO:colcon.colcon_core.shell:Creating package script '/home/aemilio/ros2_ws/install/my_robot_bringup/share/my_robot_bringup/package.sh'
[0.428s] INFO:colcon.colcon_core.shell:Creating package script '/home/aemilio/ros2_ws/install/my_robot_bringup/share/my_robot_bringup/package.bash'
[0.428s] INFO:colcon.colcon_core.shell:Creating package script '/home/aemilio/ros2_ws/install/my_robot_bringup/share/my_robot_bringup/package.zsh'
[0.429s] Level 1:colcon.colcon_core.environment:create_file_with_runtime_dependencies(/home/aemilio/ros2_ws/install/my_robot_bringup/share/colcon-core/packages/my_robot_bringup)
[0.429s] DEBUG:colcon.colcon_parallel_executor.executor.parallel:closing loop
[0.429s] DEBUG:colcon.colcon_parallel_executor.executor.parallel:loop closed
[0.429s] DEBUG:colcon.colcon_parallel_executor.executor.parallel:run_until_complete finished with '0'
[0.429s] DEBUG:colcon.colcon_core.event_reactor:joining thread
[0.434s] INFO:colcon.colcon_core.plugin_system:Skipping extension 'colcon_notification.desktop_notification.terminal_notifier': Not used on non-Darwin systems
[0.434s] INFO:colcon.colcon_core.plugin_system:Skipping extension 'colcon_notification.desktop_notification.win32': Not used on non-Windows systems
[0.434s] INFO:colcon.colcon_notification.desktop_notification:Sending desktop notification using 'notify2'
[0.458s] DEBUG:colcon.colcon_core.event_reactor:joined thread
[0.458s] INFO:colcon.colcon_core.shell:Creating prefix script '/home/aemilio/ros2_ws/install/local_setup.ps1'
[0.460s] INFO:colcon.colcon_core.shell:Creating prefix util module '/home/aemilio/ros2_ws/install/_local_setup_util_ps1.py'
[0.463s] INFO:colcon.colcon_core.shell:Creating prefix chain script '/home/aemilio/ros2_ws/install/setup.ps1'
[0.466s] INFO:colcon.colcon_core.shell:Creating prefix script '/home/aemilio/ros2_ws/install/local_setup.sh'
[0.467s] INFO:colcon.colcon_core.shell:Creating prefix util module '/home/aemilio/ros2_ws/install/_local_setup_util_sh.py'
[0.467s] INFO:colcon.colcon_core.shell:Creating prefix chain script '/home/aemilio/ros2_ws/install/setup.sh'
[0.469s] INFO:colcon.colcon_core.shell:Creating prefix script '/home/aemilio/ros2_ws/install/local_setup.bash'
[0.470s] INFO:colcon.colcon_core.shell:Creating prefix chain script '/home/aemilio/ros2_ws/install/setup.bash'
[0.471s] INFO:colcon.colcon_core.shell:Creating prefix script '/home/aemilio/ros2_ws/install/local_setup.zsh'
[0.472s] INFO:colcon.colcon_core.shell:Creating prefix chain script '/home/aemilio/ros2_ws/install/setup.zsh'
