[0.011s] Invoking command in '/home/aemilio/ros2_ws/build/my_robot_description': DEBUGINFOD_URLS=https://debuginfod.ubuntu.com /usr/bin/cmake --build /home/aemilio/ros2_ws/build/my_robot_description -- -j16 -l16
[0.060s] Invoked command in '/home/aemilio/ros2_ws/build/my_robot_description' returned '0': DEBUGINFOD_URLS=https://debuginfod.ubuntu.com /usr/bin/cmake --build /home/aemilio/ros2_ws/build/my_robot_description -- -j16 -l16
[0.061s] Invoking command in '/home/aemilio/ros2_ws/build/my_robot_description': DEBUGINFOD_URLS=https://debuginfod.ubuntu.com /usr/bin/cmake --install /home/aemilio/ros2_ws/build/my_robot_description
[0.079s] -- Install configuration: ""
[0.079s] -- Up-to-date: /home/aemilio/ros2_ws/install/my_robot_description/share/my_robot_description//urdf
[0.079s] -- Up-to-date: /home/aemilio/ros2_ws/install/my_robot_description/share/my_robot_description//urdf/mobile_base_gazebo.xacro
[0.079s] -- Up-to-date: /home/aemilio/ros2_ws/install/my_robot_description/share/my_robot_description//urdf/my_robot.urdf.xacro
[0.079s] -- Up-to-date: /home/aemilio/ros2_ws/install/my_robot_description/share/my_robot_description//urdf/common_properties.xacro
[0.079s] -- Up-to-date: /home/aemilio/ros2_ws/install/my_robot_description/share/my_robot_description//launch
[0.083s] -- Up-to-date: /home/aemilio/ros2_ws/install/my_robot_description/share/my_robot_description//launch/display.launch.xml
[0.083s] -- Up-to-date: /home/aemilio/ros2_ws/install/my_robot_description/share/ament_index/resource_index/package_run_dependencies/my_robot_description
[0.083s] -- Up-to-date: /home/aemilio/ros2_ws/install/my_robot_description/share/ament_index/resource_index/parent_prefix_path/my_robot_description
[0.083s] -- Up-to-date: /home/aemilio/ros2_ws/install/my_robot_description/share/my_robot_description/environment/ament_prefix_path.sh
[0.083s] -- Up-to-date: /home/aemilio/ros2_ws/install/my_robot_description/share/my_robot_description/environment/ament_prefix_path.dsv
[0.083s] -- Up-to-date: /home/aemilio/ros2_ws/install/my_robot_description/share/my_robot_description/environment/path.sh
[0.083s] -- Up-to-date: /home/aemilio/ros2_ws/install/my_robot_description/share/my_robot_description/environment/path.dsv
[0.083s] -- Up-to-date: /home/aemilio/ros2_ws/install/my_robot_description/share/my_robot_description/local_setup.bash
[0.083s] -- Up-to-date: /home/aemilio/ros2_ws/install/my_robot_description/share/my_robot_description/local_setup.sh
[0.084s] -- Up-to-date: /home/aemilio/ros2_ws/install/my_robot_description/share/my_robot_description/local_setup.zsh
[0.084s] -- Up-to-date: /home/aemilio/ros2_ws/install/my_robot_description/share/my_robot_description/local_setup.dsv
[0.084s] -- Installing: /home/aemilio/ros2_ws/install/my_robot_description/share/my_robot_description/package.dsv
[0.086s] -- Up-to-date: /home/aemilio/ros2_ws/install/my_robot_description/share/ament_index/resource_index/packages/my_robot_description
[0.086s] -- Up-to-date: /home/aemilio/ros2_ws/install/my_robot_description/share/my_robot_description/cmake/my_robot_descriptionConfig.cmake
[0.086s] -- Up-to-date: /home/aemilio/ros2_ws/install/my_robot_description/share/my_robot_description/cmake/my_robot_descriptionConfig-version.cmake
[0.086s] -- Up-to-date: /home/aemilio/ros2_ws/install/my_robot_description/share/my_robot_description/package.xml
[0.092s] Invoked command in '/home/aemilio/ros2_ws/build/my_robot_description' returned '0': DEBUGINFOD_URLS=https://debuginfod.ubuntu.com /usr/bin/cmake --install /home/aemilio/ros2_ws/build/my_robot_description
